[ 2016-11-28T11:38:58+08:00 ] 127.0.0.1 /www.52php.pub/api/
INFO: [ app_begin ] --START--
INFO: Run Behavior\ReadHtmlCache [ RunTime:0.000000s ]
INFO: [ app_begin ] --END-- [ RunTime:0.024001s ]
INFO: [ view_parse ] --START--
INFO: [ template_filter ] --START--
INFO: Run Behavior\ContentReplace [ RunTime:0.000000s ]
INFO: [ template_filter ] --END-- [ RunTime:0.001000s ]
INFO: Run Behavior\ParseTemplate [ RunTime:0.015001s ]
INFO: [ view_parse ] --END-- [ RunTime:0.017001s ]
INFO: [ view_filter ] --START--
INFO: Run Behavior\WriteHtmlCache [ RunTime:0.001000s ]
INFO: [ view_filter ] --END-- [ RunTime:0.002000s ]
INFO: [ app_end ] --START--
INFO: Run Behavior\ShowPageTrace [ RunTime:0.002000s ]
INFO: [ app_end ] --END-- [ RunTime:0.002000s ]

[ 2016-11-28T11:43:56+08:00 ] 127.0.0.1 /www.52php.pub/api/
INFO: [ app_begin ] --START--
INFO: Run Behavior\ReadHtmlCache [ RunTime:0.001000s ]
INFO: [ app_begin ] --END-- [ RunTime:0.001000s ]
NOTIC: [8] Use of undefined constant api - assumed 'api' D:\wamp\www\www.52php.pub\api\Application\Home\Controller\IndexController.class.php 第 7 行.
INFO: [ app_end ] --START--
INFO: Run Behavior\ShowPageTrace [ RunTime:0.001000s ]
INFO: [ app_end ] --END-- [ RunTime:0.001000s ]

[ 2016-11-28T11:44:40+08:00 ] 127.0.0.1 /www.52php.pub/api/
INFO: [ app_begin ] --START--
INFO: Run Behavior\ReadHtmlCache [ RunTime:0.000000s ]
INFO: [ app_begin ] --END-- [ RunTime:0.001000s ]
NOTIC: [8192] mysql_connect(): The mysql extension is deprecated and will be removed in the future: use mysqli or PDO instead D:\wamp\www\www.52php.pub\api\ThinkPHP\Library\Think\Db\Driver\Mysql.class.php 第 52 行.
SQL: SHOW COLUMNS FROM `hd_users` [ RunTime:0.047002s ]
SQL: SELECT * FROM `hd_users`  [ RunTime:0.048002s ]
NOTIC: [8] Use of undefined constant api - assumed 'api' D:\wamp\www\www.52php.pub\api\Application\Home\Controller\IndexController.class.php 第 9 行.
INFO: [ app_end ] --START--
INFO: Run Behavior\ShowPageTrace [ RunTime:0.001000s ]
INFO: [ app_end ] --END-- [ RunTime:0.001000s ]

[ 2016-11-28T11:45:29+08:00 ] 127.0.0.1 /52php/api/
INFO: [ app_begin ] --START--
INFO: Run Behavior\ReadHtmlCache [ RunTime:0.001000s ]
INFO: [ app_begin ] --END-- [ RunTime:0.002000s ]
NOTIC: [8192] mysql_connect(): The mysql extension is deprecated and will be removed in the future: use mysqli or PDO instead D:\wamp\www\52php\api\ThinkPHP\Library\Think\Db\Driver\Mysql.class.php 第 52 行.
SQL: SHOW COLUMNS FROM `hd_users` [ RunTime:0.054003s ]
SQL: SELECT * FROM `hd_users`  [ RunTime:0.058003s ]
NOTIC: [8] Use of undefined constant api - assumed 'api' D:\wamp\www\52php\api\Application\Home\Controller\IndexController.class.php 第 9 行.
INFO: [ app_end ] --START--
INFO: Run Behavior\ShowPageTrace [ RunTime:0.001000s ]
INFO: [ app_end ] --END-- [ RunTime:0.001000s ]

[ 2016-11-28T14:18:26+08:00 ] 127.0.0.1 /52php/api/
INFO: [ app_begin ] --START--
INFO: Run Behavior\ReadHtmlCache [ RunTime:0.008000s ]
INFO: [ app_begin ] --END-- [ RunTime:0.035002s ]
NOTIC: [8192] mysql_connect(): The mysql extension is deprecated and will be removed in the future: use mysqli or PDO instead D:\wamp\www\52php\api\ThinkPHP\Library\Think\Db\Driver\Mysql.class.php 第 52 行.
SQL: SHOW COLUMNS FROM `hd_wk` [ RunTime:0.051003s ]
SQL: SELECT * FROM `hd_wk`  [ RunTime:0.051003s ]
NOTIC: [8] Use of undefined constant api - assumed 'api' D:\wamp\www\52php\api\Application\Home\Controller\IndexController.class.php 第 9 行.
INFO: [ app_end ] --START--
INFO: Run Behavior\ShowPageTrace [ RunTime:0.007000s ]
INFO: [ app_end ] --END-- [ RunTime:0.007000s ]

[ 2016-11-28T15:27:49+08:00 ] 127.0.0.1 /52php/api/
INFO: [ app_begin ] --START--
INFO: Run Behavior\ReadHtmlCache [ RunTime:0.009000s ]
INFO: [ app_begin ] --END-- [ RunTime:0.016001s ]
NOTIC: [8192] mysql_connect(): The mysql extension is deprecated and will be removed in the future: use mysqli or PDO instead D:\wamp\www\52php\api\ThinkPHP\Library\Think\Db\Driver\Mysql.class.php 第 52 行.
SQL: SHOW COLUMNS FROM `hd_wk` [ RunTime:0.071004s ]
SQL: SELECT * FROM `hd_wk`  [ RunTime:0.052003s ]

[ 2016-11-28T15:28:14+08:00 ] ::1 /52php/api/
INFO: [ app_begin ] --START--
INFO: Run Behavior\ReadHtmlCache [ RunTime:0.001000s ]
INFO: [ app_begin ] --END-- [ RunTime:0.001000s ]
NOTIC: [8192] mysql_connect(): The mysql extension is deprecated and will be removed in the future: use mysqli or PDO instead D:\wamp\www\52php\api\ThinkPHP\Library\Think\Db\Driver\Mysql.class.php 第 52 行.
SQL: SHOW COLUMNS FROM `hd_wk` [ RunTime:0.052003s ]
SQL: SELECT * FROM `hd_wk`  [ RunTime:0.052003s ]

[ 2016-11-28T15:30:54+08:00 ] ::1 /52php/api/
INFO: [ app_begin ] --START--
INFO: Run Behavior\ReadHtmlCache [ RunTime:0.001000s ]
INFO: [ app_begin ] --END-- [ RunTime:0.001000s ]
NOTIC: [8192] mysql_connect(): The mysql extension is deprecated and will be removed in the future: use mysqli or PDO instead D:\wamp\www\52php\api\ThinkPHP\Library\Think\Db\Driver\Mysql.class.php 第 52 行.
SQL: SHOW COLUMNS FROM `hd_wk` [ RunTime:0.048003s ]
SQL: SELECT * FROM `hd_wk`  [ RunTime:0.047003s ]

[ 2016-11-28T15:31:23+08:00 ] ::1 /52php/api/
INFO: [ app_begin ] --START--
INFO: Run Behavior\ReadHtmlCache [ RunTime:0.001000s ]
INFO: [ app_begin ] --END-- [ RunTime:0.001000s ]
NOTIC: [8192] mysql_connect(): The mysql extension is deprecated and will be removed in the future: use mysqli or PDO instead D:\wamp\www\52php\api\ThinkPHP\Library\Think\Db\Driver\Mysql.class.php 第 52 行.
SQL: SHOW COLUMNS FROM `hd_wk` [ RunTime:0.055003s ]
SQL: SELECT * FROM `hd_wk`  [ RunTime:0.053003s ]

[ 2016-11-28T15:32:34+08:00 ] ::1 /52php/api/
INFO: [ app_begin ] --START--
INFO: Run Behavior\ReadHtmlCache [ RunTime:0.000000s ]
INFO: [ app_begin ] --END-- [ RunTime:0.050003s ]
NOTIC: [8192] mysql_connect(): The mysql extension is deprecated and will be removed in the future: use mysqli or PDO instead D:\wamp\www\52php\api\ThinkPHP\Library\Think\Db\Driver\Mysql.class.php 第 52 行.
SQL: SHOW COLUMNS FROM `hd_wk` [ RunTime:0.051003s ]
SQL: SELECT * FROM `hd_wk`  [ RunTime:0.051003s ]

[ 2016-11-28T15:33:34+08:00 ] ::1 /52php/api/
INFO: [ app_begin ] --START--
INFO: Run Behavior\ReadHtmlCache [ RunTime:0.003000s ]
INFO: [ app_begin ] --END-- [ RunTime:0.005001s ]
NOTIC: [8192] mysql_connect(): The mysql extension is deprecated and will be removed in the future: use mysqli or PDO instead D:\wamp\www\52php\api\ThinkPHP\Library\Think\Db\Driver\Mysql.class.php 第 52 行.
SQL: SHOW COLUMNS FROM `hd_wk` [ RunTime:0.053003s ]
SQL: SELECT * FROM `hd_wk`  [ RunTime:0.054003s ]

[ 2016-11-28T15:38:14+08:00 ] ::1 /52php/api/
INFO: [ app_begin ] --START--
INFO: Run Behavior\ReadHtmlCache [ RunTime:0.009001s ]
INFO: [ app_begin ] --END-- [ RunTime:0.017001s ]
NOTIC: [8192] mysql_connect(): The mysql extension is deprecated and will be removed in the future: use mysqli or PDO instead D:\wamp\www\52php\api\ThinkPHP\Library\Think\Db\Driver\Mysql.class.php 第 52 行.
SQL: SHOW COLUMNS FROM `hd_wk` [ RunTime:0.054003s ]
SQL: SELECT * FROM `hd_wk`  [ RunTime:0.054003s ]

[ 2016-11-28T15:38:33+08:00 ] ::1 /52php/api/
INFO: [ app_begin ] --START--
INFO: Run Behavior\ReadHtmlCache [ RunTime:0.001000s ]
INFO: [ app_begin ] --END-- [ RunTime:0.001000s ]
NOTIC: [8192] mysql_connect(): The mysql extension is deprecated and will be removed in the future: use mysqli or PDO instead D:\wamp\www\52php\api\ThinkPHP\Library\Think\Db\Driver\Mysql.class.php 第 52 行.
SQL: SHOW COLUMNS FROM `hd_wk` [ RunTime:0.053003s ]
SQL: SELECT * FROM `hd_wk`  [ RunTime:0.054003s ]

[ 2016-11-28T15:39:24+08:00 ] ::1 /52php/api/
INFO: [ app_begin ] --START--
INFO: Run Behavior\ReadHtmlCache [ RunTime:0.001000s ]
INFO: [ app_begin ] --END-- [ RunTime:0.001000s ]
NOTIC: [8192] mysql_connect(): The mysql extension is deprecated and will be removed in the future: use mysqli or PDO instead D:\wamp\www\52php\api\ThinkPHP\Library\Think\Db\Driver\Mysql.class.php 第 52 行.
SQL: SHOW COLUMNS FROM `hd_wk` [ RunTime:0.054003s ]
SQL: SELECT * FROM `hd_wk`  [ RunTime:0.052003s ]

[ 2016-11-28T15:39:42+08:00 ] ::1 /52php/api/
INFO: [ app_begin ] --START--
INFO: Run Behavior\ReadHtmlCache [ RunTime:0.001000s ]
INFO: [ app_begin ] --END-- [ RunTime:0.002000s ]
NOTIC: [8192] mysql_connect(): The mysql extension is deprecated and will be removed in the future: use mysqli or PDO instead D:\wamp\www\52php\api\ThinkPHP\Library\Think\Db\Driver\Mysql.class.php 第 52 行.
SQL: SHOW COLUMNS FROM `hd_wk` [ RunTime:0.047003s ]
SQL: SELECT * FROM `hd_wk`  [ RunTime:0.047003s ]

[ 2016-11-28T15:39:55+08:00 ] ::1 /52php/api/
INFO: [ app_begin ] --START--
INFO: Run Behavior\ReadHtmlCache [ RunTime:0.000000s ]
INFO: [ app_begin ] --END-- [ RunTime:0.002000s ]
NOTIC: [8192] mysql_connect(): The mysql extension is deprecated and will be removed in the future: use mysqli or PDO instead D:\wamp\www\52php\api\ThinkPHP\Library\Think\Db\Driver\Mysql.class.php 第 52 行.
SQL: SHOW COLUMNS FROM `hd_wk` [ RunTime:0.048003s ]
SQL: SELECT * FROM `hd_wk`  [ RunTime:0.047003s ]

[ 2016-11-28T15:40:07+08:00 ] ::1 /52php/api/
INFO: [ app_begin ] --START--
INFO: Run Behavior\ReadHtmlCache [ RunTime:0.001000s ]
INFO: [ app_begin ] --END-- [ RunTime:0.002000s ]
NOTIC: [8192] mysql_connect(): The mysql extension is deprecated and will be removed in the future: use mysqli or PDO instead D:\wamp\www\52php\api\ThinkPHP\Library\Think\Db\Driver\Mysql.class.php 第 52 行.
SQL: SHOW COLUMNS FROM `hd_wk` [ RunTime:0.053003s ]
SQL: SELECT * FROM `hd_wk`  [ RunTime:0.053003s ]

[ 2016-11-28T15:41:16+08:00 ] ::1 /52php/api/
INFO: [ app_begin ] --START--
INFO: Run Behavior\ReadHtmlCache [ RunTime:0.001000s ]
INFO: [ app_begin ] --END-- [ RunTime:0.002000s ]
NOTIC: [8192] mysql_connect(): The mysql extension is deprecated and will be removed in the future: use mysqli or PDO instead D:\wamp\www\52php\api\ThinkPHP\Library\Think\Db\Driver\Mysql.class.php 第 52 行.
SQL: SHOW COLUMNS FROM `hd_wk` [ RunTime:0.049003s ]
SQL: SELECT * FROM `hd_wk`  [ RunTime:0.048002s ]

[ 2016-11-28T15:41:21+08:00 ] ::1 /52php/api/
INFO: [ app_begin ] --START--
INFO: Run Behavior\ReadHtmlCache [ RunTime:0.000000s ]
INFO: [ app_begin ] --END-- [ RunTime:0.001000s ]
NOTIC: [8192] mysql_connect(): The mysql extension is deprecated and will be removed in the future: use mysqli or PDO instead D:\wamp\www\52php\api\ThinkPHP\Library\Think\Db\Driver\Mysql.class.php 第 52 行.
SQL: SHOW COLUMNS FROM `hd_wk` [ RunTime:0.048003s ]
SQL: SELECT * FROM `hd_wk`  [ RunTime:0.048003s ]

[ 2016-11-28T15:49:23+08:00 ] ::1 /52php/api/
INFO: [ app_begin ] --START--
INFO: Run Behavior\ReadHtmlCache [ RunTime:0.002000s ]
INFO: [ app_begin ] --END-- [ RunTime:0.002000s ]
NOTIC: [8192] mysql_connect(): The mysql extension is deprecated and will be removed in the future: use mysqli or PDO instead D:\wamp\www\52php\api\ThinkPHP\Library\Think\Db\Driver\Mysql.class.php 第 52 行.
SQL: SHOW COLUMNS FROM `hd_wk` [ RunTime:0.047003s ]
SQL: SELECT * FROM `hd_wk`  [ RunTime:0.047003s ]

[ 2016-11-28T15:51:46+08:00 ] ::1 /52php/api/
INFO: [ app_begin ] --START--
INFO: Run Behavior\ReadHtmlCache [ RunTime:0.001000s ]
INFO: [ app_begin ] --END-- [ RunTime:0.002000s ]
NOTIC: [8192] mysql_connect(): The mysql extension is deprecated and will be removed in the future: use mysqli or PDO instead D:\wamp\www\52php\api\ThinkPHP\Library\Think\Db\Driver\Mysql.class.php 第 52 行.
SQL: SHOW COLUMNS FROM `hd_wk` [ RunTime:0.049003s ]
SQL: SELECT * FROM `hd_wk`  [ RunTime:0.048003s ]

[ 2016-11-28T16:33:46+08:00 ] ::1 /52php/api/
INFO: [ app_begin ] --START--
INFO: Run Behavior\ReadHtmlCache [ RunTime:0.009001s ]
INFO: [ app_begin ] --END-- [ RunTime:0.028002s ]
NOTIC: [8192] mysql_connect(): The mysql extension is deprecated and will be removed in the future: use mysqli or PDO instead D:\wamp\www\52php\api\ThinkPHP\Library\Think\Db\Driver\Mysql.class.php 第 52 行.
SQL: SHOW COLUMNS FROM `hd_wk` [ RunTime:0.050003s ]
SQL: SELECT * FROM `hd_wk`  [ RunTime:0.048003s ]

[ 2016-11-28T16:34:10+08:00 ] ::1 /52php/api/
INFO: [ app_begin ] --START--
INFO: Run Behavior\ReadHtmlCache [ RunTime:0.002000s ]
INFO: [ app_begin ] --END-- [ RunTime:0.002000s ]
NOTIC: [8192] mysql_connect(): The mysql extension is deprecated and will be removed in the future: use mysqli or PDO instead D:\wamp\www\52php\api\ThinkPHP\Library\Think\Db\Driver\Mysql.class.php 第 52 行.
SQL: SHOW COLUMNS FROM `hd_wk` [ RunTime:0.048003s ]
SQL: SELECT * FROM `hd_wk`  [ RunTime:0.048003s ]

[ 2016-11-28T16:34:23+08:00 ] ::1 /52php/api/
INFO: [ app_begin ] --START--
INFO: Run Behavior\ReadHtmlCache [ RunTime:0.001000s ]
INFO: [ app_begin ] --END-- [ RunTime:0.002000s ]
NOTIC: [8192] mysql_connect(): The mysql extension is deprecated and will be removed in the future: use mysqli or PDO instead D:\wamp\www\52php\api\ThinkPHP\Library\Think\Db\Driver\Mysql.class.php 第 52 行.
SQL: SHOW COLUMNS FROM `hd_wk` [ RunTime:0.054003s ]
SQL: SELECT * FROM `hd_wk`  [ RunTime:0.049002s ]

[ 2016-11-28T16:36:54+08:00 ] ::1 /52php/api/
INFO: [ app_begin ] --START--
INFO: Run Behavior\ReadHtmlCache [ RunTime:0.001000s ]
INFO: [ app_begin ] --END-- [ RunTime:0.002000s ]
NOTIC: [8192] mysql_connect(): The mysql extension is deprecated and will be removed in the future: use mysqli or PDO instead D:\wamp\www\52php\api\ThinkPHP\Library\Think\Db\Driver\Mysql.class.php 第 52 行.
SQL: SHOW COLUMNS FROM `hd_wk` [ RunTime:0.047003s ]
SQL: SELECT * FROM `hd_wk` WHERE ( keyword )  [ RunTime:0.046003s ]

[ 2016-11-28T16:37:21+08:00 ] ::1 /52php/api/
INFO: [ app_begin ] --START--
INFO: Run Behavior\ReadHtmlCache [ RunTime:0.000000s ]
INFO: [ app_begin ] --END-- [ RunTime:0.001000s ]
NOTIC: [8192] mysql_connect(): The mysql extension is deprecated and will be removed in the future: use mysqli or PDO instead D:\wamp\www\52php\api\ThinkPHP\Library\Think\Db\Driver\Mysql.class.php 第 52 行.
SQL: SHOW COLUMNS FROM `hd_wk` [ RunTime:0.050002s ]
SQL: SELECT * FROM `hd_wk` WHERE ( title )  [ RunTime:0.050002s ]

[ 2016-11-28T16:51:22+08:00 ] 127.0.0.1 /52php/api/
INFO: [ app_begin ] --START--
INFO: Run Behavior\ReadHtmlCache [ RunTime:0.001000s ]
INFO: [ app_begin ] --END-- [ RunTime:0.001000s ]
NOTIC: [8192] mysql_connect(): The mysql extension is deprecated and will be removed in the future: use mysqli or PDO instead D:\wamp\www\52php\api\ThinkPHP\Library\Think\Db\Driver\Mysql.class.php 第 52 行.
SQL: SHOW COLUMNS FROM `hd_wk` [ RunTime:0.248014s ]
SQL: SELECT * FROM `hd_wk` WHERE ( title )  [ RunTime:0.048003s ]

[ 2016-11-28T16:51:44+08:00 ] 127.0.0.1 /52php/api/
INFO: [ app_begin ] --START--
INFO: Run Behavior\ReadHtmlCache [ RunTime:0.000000s ]
INFO: [ app_begin ] --END-- [ RunTime:0.002000s ]
NOTIC: [8192] mysql_connect(): The mysql extension is deprecated and will be removed in the future: use mysqli or PDO instead D:\wamp\www\52php\api\ThinkPHP\Library\Think\Db\Driver\Mysql.class.php 第 52 行.
SQL: SHOW COLUMNS FROM `hd_wk` [ RunTime:0.048002s ]
SQL: SELECT * FROM `hd_wk` WHERE ( `title` = '山景' )  [ RunTime:0.049003s ]

[ 2016-11-28T16:56:05+08:00 ] 127.0.0.1 /52php/api/
INFO: [ app_begin ] --START--
INFO: Run Behavior\ReadHtmlCache [ RunTime:0.000000s ]
INFO: [ app_begin ] --END-- [ RunTime:0.002001s ]
NOTIC: [8192] mysql_connect(): The mysql extension is deprecated and will be removed in the future: use mysqli or PDO instead D:\wamp\www\52php\api\ThinkPHP\Library\Think\Db\Driver\Mysql.class.php 第 52 行.
SQL: SHOW COLUMNS FROM `hd_wk` [ RunTime:0.047003s ]
SQL: SELECT * FROM `hd_wk` WHERE ( `title` LIKE '' )  [ RunTime:0.046002s ]

[ 2016-11-28T16:56:07+08:00 ] 127.0.0.1 /52php/api/
INFO: [ app_begin ] --START--
INFO: Run Behavior\ReadHtmlCache [ RunTime:0.000000s ]
INFO: [ app_begin ] --END-- [ RunTime:0.001000s ]
NOTIC: [8192] mysql_connect(): The mysql extension is deprecated and will be removed in the future: use mysqli or PDO instead D:\wamp\www\52php\api\ThinkPHP\Library\Think\Db\Driver\Mysql.class.php 第 52 行.
SQL: SHOW COLUMNS FROM `hd_wk` [ RunTime:0.047003s ]
SQL: SELECT * FROM `hd_wk` WHERE ( `title` LIKE '' )  [ RunTime:0.047003s ]

[ 2016-11-28T16:56:39+08:00 ] 127.0.0.1 /52php/api/
INFO: [ app_begin ] --START--
INFO: Run Behavior\ReadHtmlCache [ RunTime:0.000000s ]
INFO: [ app_begin ] --END-- [ RunTime:0.001000s ]
NOTIC: [8192] mysql_connect(): The mysql extension is deprecated and will be removed in the future: use mysqli or PDO instead D:\wamp\www\52php\api\ThinkPHP\Library\Think\Db\Driver\Mysql.class.php 第 52 行.
SQL: SHOW COLUMNS FROM `hd_wk` [ RunTime:0.052003s ]
SQL: SELECT * FROM `hd_wk` WHERE ( `title` LIKE '万科' )  [ RunTime:0.052003s ]

[ 2016-11-28T16:56:47+08:00 ] 127.0.0.1 /52php/api/
INFO: [ app_begin ] --START--
INFO: Run Behavior\ReadHtmlCache [ RunTime:0.001000s ]
INFO: [ app_begin ] --END-- [ RunTime:0.001000s ]
NOTIC: [8192] mysql_connect(): The mysql extension is deprecated and will be removed in the future: use mysqli or PDO instead D:\wamp\www\52php\api\ThinkPHP\Library\Think\Db\Driver\Mysql.class.php 第 52 行.
SQL: SHOW COLUMNS FROM `hd_wk` [ RunTime:0.053003s ]
SQL: SELECT * FROM `hd_wk` WHERE ( `title` LIKE '万科%' )  [ RunTime:0.053003s ]

[ 2016-11-28T16:57:09+08:00 ] 127.0.0.1 /52php/api/
INFO: [ app_begin ] --START--
INFO: Run Behavior\ReadHtmlCache [ RunTime:0.001000s ]
INFO: [ app_begin ] --END-- [ RunTime:0.002000s ]
NOTIC: [8192] mysql_connect(): The mysql extension is deprecated and will be removed in the future: use mysqli or PDO instead D:\wamp\www\52php\api\ThinkPHP\Library\Think\Db\Driver\Mysql.class.php 第 52 行.
SQL: SHOW COLUMNS FROM `hd_wk` [ RunTime:0.048002s ]
SQL: SELECT * FROM `hd_wk` WHERE ( `title` LIKE '%$keyword%' )  [ RunTime:0.047003s ]

[ 2016-11-28T16:57:32+08:00 ] 127.0.0.1 /52php/api/
INFO: [ app_begin ] --START--
INFO: Run Behavior\ReadHtmlCache [ RunTime:0.000000s ]
INFO: [ app_begin ] --END-- [ RunTime:0.002000s ]
NOTIC: [8192] mysql_connect(): The mysql extension is deprecated and will be removed in the future: use mysqli or PDO instead D:\wamp\www\52php\api\ThinkPHP\Library\Think\Db\Driver\Mysql.class.php 第 52 行.
SQL: SHOW COLUMNS FROM `hd_wk` [ RunTime:0.047003s ]
SQL: SELECT * FROM `hd_wk` WHERE ( `title` LIKE '%山景%' )  [ RunTime:0.047003s ]

[ 2016-11-28T16:58:05+08:00 ] 127.0.0.1 /52php/api/
INFO: [ app_begin ] --START--
INFO: Run Behavior\ReadHtmlCache [ RunTime:0.000000s ]
INFO: [ app_begin ] --END-- [ RunTime:0.001000s ]
NOTIC: [8192] mysql_connect(): The mysql extension is deprecated and will be removed in the future: use mysqli or PDO instead D:\wamp\www\52php\api\ThinkPHP\Library\Think\Db\Driver\Mysql.class.php 第 52 行.
SQL: SHOW COLUMNS FROM `hd_wk` [ RunTime:0.050003s ]
SQL: SELECT * FROM `hd_wk` WHERE ( `title` LIKE '%%' )  [ RunTime:0.049003s ]

[ 2016-11-28T16:59:25+08:00 ] ::1 /52php/api/
INFO: [ app_begin ] --START--
INFO: Run Behavior\ReadHtmlCache [ RunTime:0.000000s ]
INFO: [ app_begin ] --END-- [ RunTime:0.001000s ]
NOTIC: [8192] mysql_connect(): The mysql extension is deprecated and will be removed in the future: use mysqli or PDO instead D:\wamp\www\52php\api\ThinkPHP\Library\Think\Db\Driver\Mysql.class.php 第 52 行.
SQL: SHOW COLUMNS FROM `hd_wk` [ RunTime:0.052003s ]
SQL: SELECT * FROM `hd_wk` WHERE ( `title` LIKE '%山景%' )  [ RunTime:0.051003s ]

[ 2016-11-28T17:05:31+08:00 ] ::1 /52php/api/
INFO: [ app_begin ] --START--
INFO: Run Behavior\ReadHtmlCache [ RunTime:0.018001s ]
INFO: [ app_begin ] --END-- [ RunTime:0.026001s ]
NOTIC: [8192] mysql_connect(): The mysql extension is deprecated and will be removed in the future: use mysqli or PDO instead D:\wamp\www\52php\api\ThinkPHP\Library\Think\Db\Driver\Mysql.class.php 第 52 行.
SQL: SHOW COLUMNS FROM `hd_wk` [ RunTime:0.053003s ]
SQL: SELECT * FROM `hd_wk` WHERE ( `title` LIKE '%山景%' )  [ RunTime:0.053003s ]

[ 2016-11-28T17:06:17+08:00 ] ::1 /52php/api/
INFO: [ app_begin ] --START--
INFO: Run Behavior\ReadHtmlCache [ RunTime:0.001000s ]
INFO: [ app_begin ] --END-- [ RunTime:0.001000s ]
NOTIC: [8192] mysql_connect(): The mysql extension is deprecated and will be removed in the future: use mysqli or PDO instead D:\wamp\www\52php\api\ThinkPHP\Library\Think\Db\Driver\Mysql.class.php 第 52 行.
SQL: SHOW COLUMNS FROM `hd_wk` [ RunTime:0.048003s ]
SQL: SELECT * FROM `hd_wk` WHERE ( `title` LIKE '%山景%' )  [ RunTime:0.048003s ]

[ 2016-11-28T17:06:44+08:00 ] ::1 /52php/api/
INFO: [ app_begin ] --START--
INFO: Run Behavior\ReadHtmlCache [ RunTime:0.001000s ]
INFO: [ app_begin ] --END-- [ RunTime:0.001000s ]
NOTIC: [8192] mysql_connect(): The mysql extension is deprecated and will be removed in the future: use mysqli or PDO instead D:\wamp\www\52php\api\ThinkPHP\Library\Think\Db\Driver\Mysql.class.php 第 52 行.
SQL: SHOW COLUMNS FROM `hd_wk` [ RunTime:0.048003s ]
SQL: SELECT * FROM `hd_wk` WHERE ( `title` LIKE '%山景%' )  [ RunTime:0.050003s ]

[ 2016-11-28T17:07:14+08:00 ] ::1 /52php/api/
INFO: [ app_begin ] --START--
INFO: Run Behavior\ReadHtmlCache [ RunTime:0.000000s ]
INFO: [ app_begin ] --END-- [ RunTime:0.001000s ]
NOTIC: [8192] mysql_connect(): The mysql extension is deprecated and will be removed in the future: use mysqli or PDO instead D:\wamp\www\52php\api\ThinkPHP\Library\Think\Db\Driver\Mysql.class.php 第 52 行.
SQL: SHOW COLUMNS FROM `hd_wk` [ RunTime:0.048003s ]
SQL: SELECT * FROM `hd_wk` WHERE ( `title` LIKE '%山景%' )  [ RunTime:0.047003s ]

[ 2016-11-28T17:09:11+08:00 ] ::1 /52php/api/
INFO: [ app_begin ] --START--
INFO: Run Behavior\ReadHtmlCache [ RunTime:0.001000s ]
INFO: [ app_begin ] --END-- [ RunTime:0.002000s ]
NOTIC: [8192] mysql_connect(): The mysql extension is deprecated and will be removed in the future: use mysqli or PDO instead D:\wamp\www\52php\api\ThinkPHP\Library\Think\Db\Driver\Mysql.class.php 第 52 行.
SQL: SHOW COLUMNS FROM `hd_wk` [ RunTime:0.072005s ]
SQL: SELECT * FROM `hd_wk` WHERE ( `title` LIKE '%山景%' )  [ RunTime:0.046002s ]

[ 2016-11-28T17:09:21+08:00 ] ::1 /52php/api/
INFO: [ app_begin ] --START--
INFO: Run Behavior\ReadHtmlCache [ RunTime:0.001000s ]
INFO: [ app_begin ] --END-- [ RunTime:0.001000s ]
NOTIC: [8192] mysql_connect(): The mysql extension is deprecated and will be removed in the future: use mysqli or PDO instead D:\wamp\www\52php\api\ThinkPHP\Library\Think\Db\Driver\Mysql.class.php 第 52 行.
SQL: SHOW COLUMNS FROM `hd_wk` [ RunTime:0.053003s ]
SQL: SELECT * FROM `hd_wk` WHERE ( `title` LIKE '%山景%' )  [ RunTime:0.052003s ]

[ 2016-11-28T17:23:45+08:00 ] ::1 /52php/api/
INFO: [ app_begin ] --START--
INFO: Run Behavior\ReadHtmlCache [ RunTime:0.001000s ]
INFO: [ app_begin ] --END-- [ RunTime:0.002000s ]
NOTIC: [8192] mysql_connect(): The mysql extension is deprecated and will be removed in the future: use mysqli or PDO instead D:\wamp\www\52php\api\ThinkPHP\Library\Think\Db\Driver\Mysql.class.php 第 52 行.
SQL: SHOW COLUMNS FROM `hd_wk` [ RunTime:0.047003s ]
SQL: SELECT * FROM `hd_wk` WHERE ( `title` LIKE '%山景%' )  [ RunTime:0.047002s ]

[ 2016-11-28T17:24:09+08:00 ] ::1 /52php/api/
INFO: [ app_begin ] --START--
INFO: Run Behavior\ReadHtmlCache [ RunTime:0.001000s ]
INFO: [ app_begin ] --END-- [ RunTime:0.001000s ]
NOTIC: [8192] mysql_connect(): The mysql extension is deprecated and will be removed in the future: use mysqli or PDO instead D:\wamp\www\52php\api\ThinkPHP\Library\Think\Db\Driver\Mysql.class.php 第 52 行.
SQL: SHOW COLUMNS FROM `hd_wk` [ RunTime:0.056003s ]
SQL: SELECT * FROM `hd_wk` WHERE ( `title` LIKE '%山景%' )  [ RunTime:0.056003s ]

[ 2016-11-28T17:25:01+08:00 ] ::1 /52php/api/
INFO: [ app_begin ] --START--
INFO: Run Behavior\ReadHtmlCache [ RunTime:0.000000s ]
INFO: [ app_begin ] --END-- [ RunTime:0.001000s ]
NOTIC: [8192] mysql_connect(): The mysql extension is deprecated and will be removed in the future: use mysqli or PDO instead D:\wamp\www\52php\api\ThinkPHP\Library\Think\Db\Driver\Mysql.class.php 第 52 行.
SQL: SHOW COLUMNS FROM `hd_wk` [ RunTime:0.053003s ]
SQL: SELECT * FROM `hd_wk` WHERE ( `title` LIKE '%山景%' )  [ RunTime:0.052003s ]

[ 2016-11-28T17:29:36+08:00 ] ::1 /52php/api/
INFO: [ app_begin ] --START--
INFO: Run Behavior\ReadHtmlCache [ RunTime:0.001000s ]
INFO: [ app_begin ] --END-- [ RunTime:0.001000s ]
NOTIC: [8192] mysql_connect(): The mysql extension is deprecated and will be removed in the future: use mysqli or PDO instead D:\wamp\www\52php\api\ThinkPHP\Library\Think\Db\Driver\Mysql.class.php 第 52 行.
SQL: SHOW COLUMNS FROM `hd_wk` [ RunTime:0.053003s ]
SQL: SELECT * FROM `hd_wk` WHERE ( `title` LIKE '%山景%' )  [ RunTime:0.050003s ]

[ 2016-11-28T17:31:50+08:00 ] ::1 /52php/api/
INFO: [ app_begin ] --START--
INFO: Run Behavior\ReadHtmlCache [ RunTime:0.001000s ]
INFO: [ app_begin ] --END-- [ RunTime:0.001000s ]
NOTIC: [8192] mysql_connect(): The mysql extension is deprecated and will be removed in the future: use mysqli or PDO instead D:\wamp\www\52php\api\ThinkPHP\Library\Think\Db\Driver\Mysql.class.php 第 52 行.
SQL: SHOW COLUMNS FROM `hd_wk` [ RunTime:0.185011s ]
SQL: SELECT * FROM `hd_wk` WHERE ( `title` LIKE '%山景%' )  [ RunTime:0.079004s ]

[ 2016-11-28T17:31:53+08:00 ] ::1 /52php/api/
INFO: [ app_begin ] --START--
INFO: Run Behavior\ReadHtmlCache [ RunTime:0.000000s ]
INFO: [ app_begin ] --END-- [ RunTime:0.001000s ]
NOTIC: [8192] mysql_connect(): The mysql extension is deprecated and will be removed in the future: use mysqli or PDO instead D:\wamp\www\52php\api\ThinkPHP\Library\Think\Db\Driver\Mysql.class.php 第 52 行.
SQL: SHOW COLUMNS FROM `hd_wk` [ RunTime:0.054004s ]
SQL: SELECT * FROM `hd_wk` WHERE ( `title` LIKE '%山景%' )  [ RunTime:0.056003s ]

[ 2016-11-28T17:34:38+08:00 ] ::1 /52php/api/
INFO: [ app_begin ] --START--
INFO: Run Behavior\ReadHtmlCache [ RunTime:0.001000s ]
INFO: [ app_begin ] --END-- [ RunTime:0.002000s ]
NOTIC: [8192] mysql_connect(): The mysql extension is deprecated and will be removed in the future: use mysqli or PDO instead D:\wamp\www\52php\api\ThinkPHP\Library\Think\Db\Driver\Mysql.class.php 第 52 行.
SQL: SHOW COLUMNS FROM `hd_wk` [ RunTime:0.048002s ]
SQL: SELECT * FROM `hd_wk` WHERE ( `title` LIKE '%%' )  [ RunTime:0.047003s ]

[ 2016-11-28T17:34:50+08:00 ] ::1 /52php/api/
INFO: [ app_begin ] --START--
INFO: Run Behavior\ReadHtmlCache [ RunTime:0.001000s ]
INFO: [ app_begin ] --END-- [ RunTime:0.002000s ]
NOTIC: [8192] mysql_connect(): The mysql extension is deprecated and will be removed in the future: use mysqli or PDO instead D:\wamp\www\52php\api\ThinkPHP\Library\Think\Db\Driver\Mysql.class.php 第 52 行.
SQL: SHOW COLUMNS FROM `hd_wk` [ RunTime:0.048003s ]
SQL: SELECT * FROM `hd_wk` WHERE ( `title` LIKE '%function (res) {\n      console.log(res.data.res);\n      console.log(res.data.err);\n      console.log(res.data.msg);\n\n      this.setData({ resData: res.data.res });\n      this.setData({ resData1: res.data.msg });\n      this.setData({ loadingHidden: true });\n    }%' )  [ RunTime:0.047003s ]

[ 2016-11-28T17:35:10+08:00 ] ::1 /52php/api/
INFO: [ app_begin ] --START--
INFO: Run Behavior\ReadHtmlCache [ RunTime:0.000000s ]
INFO: [ app_begin ] --END-- [ RunTime:0.002000s ]
NOTIC: [8192] mysql_connect(): The mysql extension is deprecated and will be removed in the future: use mysqli or PDO instead D:\wamp\www\52php\api\ThinkPHP\Library\Think\Db\Driver\Mysql.class.php 第 52 行.
SQL: SHOW COLUMNS FROM `hd_wk` [ RunTime:0.063004s ]
SQL: SELECT * FROM `hd_wk` WHERE ( `title` LIKE '%万科%' )  [ RunTime:0.056003s ]

[ 2016-11-28T17:35:31+08:00 ] ::1 /52php/api/
INFO: [ app_begin ] --START--
INFO: Run Behavior\ReadHtmlCache [ RunTime:0.001000s ]
INFO: [ app_begin ] --END-- [ RunTime:0.001000s ]
NOTIC: [8192] mysql_connect(): The mysql extension is deprecated and will be removed in the future: use mysqli or PDO instead D:\wamp\www\52php\api\ThinkPHP\Library\Think\Db\Driver\Mysql.class.php 第 52 行.
SQL: SHOW COLUMNS FROM `hd_wk` [ RunTime:0.056003s ]
SQL: SELECT * FROM `hd_wk` WHERE ( `title` LIKE '%万科%' )  [ RunTime:0.048003s ]

[ 2016-11-28T17:35:36+08:00 ] ::1 /52php/api/
INFO: [ app_begin ] --START--
INFO: Run Behavior\ReadHtmlCache [ RunTime:0.000000s ]
INFO: [ app_begin ] --END-- [ RunTime:0.001000s ]
NOTIC: [8192] mysql_connect(): The mysql extension is deprecated and will be removed in the future: use mysqli or PDO instead D:\wamp\www\52php\api\ThinkPHP\Library\Think\Db\Driver\Mysql.class.php 第 52 行.
SQL: SHOW COLUMNS FROM `hd_wk` [ RunTime:0.054003s ]
SQL: SELECT * FROM `hd_wk` WHERE ( `title` LIKE '%万科%' )  [ RunTime:0.058003s ]

[ 2016-11-28T17:35:57+08:00 ] ::1 /52php/api/
INFO: [ app_begin ] --START--
INFO: Run Behavior\ReadHtmlCache [ RunTime:0.001000s ]
INFO: [ app_begin ] --END-- [ RunTime:0.001000s ]
NOTIC: [8192] mysql_connect(): The mysql extension is deprecated and will be removed in the future: use mysqli or PDO instead D:\wamp\www\52php\api\ThinkPHP\Library\Think\Db\Driver\Mysql.class.php 第 52 行.
SQL: SHOW COLUMNS FROM `hd_wk` [ RunTime:0.058003s ]
SQL: SELECT * FROM `hd_wk` WHERE ( `title` LIKE '%万科%' )  [ RunTime:0.052003s ]

[ 2016-11-28T17:36:25+08:00 ] ::1 /52php/api/
INFO: [ app_begin ] --START--
INFO: Run Behavior\ReadHtmlCache [ RunTime:0.000000s ]
INFO: [ app_begin ] --END-- [ RunTime:0.001000s ]
NOTIC: [8192] mysql_connect(): The mysql extension is deprecated and will be removed in the future: use mysqli or PDO instead D:\wamp\www\52php\api\ThinkPHP\Library\Think\Db\Driver\Mysql.class.php 第 52 行.
SQL: SHOW COLUMNS FROM `hd_wk` [ RunTime:0.062003s ]
SQL: SELECT * FROM `hd_wk` WHERE ( `title` LIKE '%万科%' )  [ RunTime:0.061004s ]

[ 2016-11-28T17:36:31+08:00 ] ::1 /52php/api/
INFO: [ app_begin ] --START--
INFO: Run Behavior\ReadHtmlCache [ RunTime:0.001000s ]
INFO: [ app_begin ] --END-- [ RunTime:0.001000s ]
NOTIC: [8192] mysql_connect(): The mysql extension is deprecated and will be removed in the future: use mysqli or PDO instead D:\wamp\www\52php\api\ThinkPHP\Library\Think\Db\Driver\Mysql.class.php 第 52 行.
SQL: SHOW COLUMNS FROM `hd_wk` [ RunTime:0.053003s ]
SQL: SELECT * FROM `hd_wk` WHERE ( `title` LIKE '%山景%' )  [ RunTime:0.056003s ]

[ 2016-11-28T17:36:33+08:00 ] ::1 /52php/api/
INFO: [ app_begin ] --START--
INFO: Run Behavior\ReadHtmlCache [ RunTime:0.000000s ]
INFO: [ app_begin ] --END-- [ RunTime:0.001000s ]
NOTIC: [8192] mysql_connect(): The mysql extension is deprecated and will be removed in the future: use mysqli or PDO instead D:\wamp\www\52php\api\ThinkPHP\Library\Think\Db\Driver\Mysql.class.php 第 52 行.
SQL: SHOW COLUMNS FROM `hd_wk` [ RunTime:0.048003s ]
SQL: SELECT * FROM `hd_wk` WHERE ( `title` LIKE '%山景%' )  [ RunTime:0.072004s ]

[ 2016-11-28T17:36:36+08:00 ] ::1 /52php/api/
INFO: [ app_begin ] --START--
INFO: Run Behavior\ReadHtmlCache [ RunTime:0.001000s ]
INFO: [ app_begin ] --END-- [ RunTime:0.001000s ]
NOTIC: [8192] mysql_connect(): The mysql extension is deprecated and will be removed in the future: use mysqli or PDO instead D:\wamp\www\52php\api\ThinkPHP\Library\Think\Db\Driver\Mysql.class.php 第 52 行.
SQL: SHOW COLUMNS FROM `hd_wk` [ RunTime:0.049003s ]
SQL: SELECT * FROM `hd_wk` WHERE ( `title` LIKE '%万科%' )  [ RunTime:0.049003s ]

[ 2016-11-28T17:36:39+08:00 ] ::1 /52php/api/
INFO: [ app_begin ] --START--
INFO: Run Behavior\ReadHtmlCache [ RunTime:0.001000s ]
INFO: [ app_begin ] --END-- [ RunTime:0.001000s ]
NOTIC: [8192] mysql_connect(): The mysql extension is deprecated and will be removed in the future: use mysqli or PDO instead D:\wamp\www\52php\api\ThinkPHP\Library\Think\Db\Driver\Mysql.class.php 第 52 行.
SQL: SHOW COLUMNS FROM `hd_wk` [ RunTime:0.054003s ]
SQL: SELECT * FROM `hd_wk` WHERE ( `title` LIKE '%山景%' )  [ RunTime:0.053003s ]

[ 2016-11-28T17:37:08+08:00 ] ::1 /52php/api/
INFO: [ app_begin ] --START--
INFO: Run Behavior\ReadHtmlCache [ RunTime:0.001000s ]
INFO: [ app_begin ] --END-- [ RunTime:0.001000s ]
NOTIC: [8192] mysql_connect(): The mysql extension is deprecated and will be removed in the future: use mysqli or PDO instead D:\wamp\www\52php\api\ThinkPHP\Library\Think\Db\Driver\Mysql.class.php 第 52 行.
SQL: SHOW COLUMNS FROM `hd_wk` [ RunTime:0.073004s ]
SQL: SELECT * FROM `hd_wk` WHERE ( `title` LIKE '%万科%' )  [ RunTime:0.047003s ]

[ 2016-11-28T17:37:20+08:00 ] ::1 /52php/api/
INFO: [ app_begin ] --START--
INFO: Run Behavior\ReadHtmlCache [ RunTime:0.000000s ]
INFO: [ app_begin ] --END-- [ RunTime:0.001000s ]
NOTIC: [8192] mysql_connect(): The mysql extension is deprecated and will be removed in the future: use mysqli or PDO instead D:\wamp\www\52php\api\ThinkPHP\Library\Think\Db\Driver\Mysql.class.php 第 52 行.
SQL: SHOW COLUMNS FROM `hd_wk` [ RunTime:0.048003s ]
SQL: SELECT * FROM `hd_wk` WHERE ( `title` LIKE '%万科%' )  [ RunTime:0.047002s ]

[ 2016-11-28T17:37:22+08:00 ] ::1 /52php/api/
INFO: [ app_begin ] --START--
INFO: Run Behavior\ReadHtmlCache [ RunTime:0.001000s ]
INFO: [ app_begin ] --END-- [ RunTime:0.001000s ]
NOTIC: [8192] mysql_connect(): The mysql extension is deprecated and will be removed in the future: use mysqli or PDO instead D:\wamp\www\52php\api\ThinkPHP\Library\Think\Db\Driver\Mysql.class.php 第 52 行.
SQL: SHOW COLUMNS FROM `hd_wk` [ RunTime:0.054003s ]
SQL: SELECT * FROM `hd_wk` WHERE ( `title` LIKE '%山景%' )  [ RunTime:0.053003s ]

[ 2016-11-28T17:37:34+08:00 ] ::1 /52php/api/
INFO: [ app_begin ] --START--
INFO: Run Behavior\ReadHtmlCache [ RunTime:0.000000s ]
INFO: [ app_begin ] --END-- [ RunTime:0.002001s ]
NOTIC: [8192] mysql_connect(): The mysql extension is deprecated and will be removed in the future: use mysqli or PDO instead D:\wamp\www\52php\api\ThinkPHP\Library\Think\Db\Driver\Mysql.class.php 第 52 行.
SQL: SHOW COLUMNS FROM `hd_wk` [ RunTime:0.048002s ]
SQL: SELECT * FROM `hd_wk` WHERE ( `title` LIKE '%万科%' )  [ RunTime:0.048003s ]

[ 2016-11-28T17:37:49+08:00 ] ::1 /52php/api/
INFO: [ app_begin ] --START--
INFO: Run Behavior\ReadHtmlCache [ RunTime:0.000000s ]
INFO: [ app_begin ] --END-- [ RunTime:0.002000s ]
NOTIC: [8192] mysql_connect(): The mysql extension is deprecated and will be removed in the future: use mysqli or PDO instead D:\wamp\www\52php\api\ThinkPHP\Library\Think\Db\Driver\Mysql.class.php 第 52 行.
SQL: SHOW COLUMNS FROM `hd_wk` [ RunTime:0.054003s ]
SQL: SELECT * FROM `hd_wk` WHERE ( `title` LIKE '%城%' )  [ RunTime:0.054003s ]

[ 2016-11-28T17:37:58+08:00 ] ::1 /52php/api/
INFO: [ app_begin ] --START--
INFO: Run Behavior\ReadHtmlCache [ RunTime:0.000000s ]
INFO: [ app_begin ] --END-- [ RunTime:0.002000s ]
NOTIC: [8192] mysql_connect(): The mysql extension is deprecated and will be removed in the future: use mysqli or PDO instead D:\wamp\www\52php\api\ThinkPHP\Library\Think\Db\Driver\Mysql.class.php 第 52 行.
SQL: SHOW COLUMNS FROM `hd_wk` [ RunTime:0.053004s ]
SQL: SELECT * FROM `hd_wk` WHERE ( `title` LIKE '%山景%' )  [ RunTime:0.052003s ]

[ 2016-11-28T17:38:01+08:00 ] ::1 /52php/api/
INFO: [ app_begin ] --START--
INFO: Run Behavior\ReadHtmlCache [ RunTime:0.000000s ]
INFO: [ app_begin ] --END-- [ RunTime:0.002000s ]
NOTIC: [8192] mysql_connect(): The mysql extension is deprecated and will be removed in the future: use mysqli or PDO instead D:\wamp\www\52php\api\ThinkPHP\Library\Think\Db\Driver\Mysql.class.php 第 52 行.
SQL: SHOW COLUMNS FROM `hd_wk` [ RunTime:0.048003s ]
SQL: SELECT * FROM `hd_wk` WHERE ( `title` LIKE '%%' )  [ RunTime:0.048003s ]

[ 2016-11-28T18:01:03+08:00 ] ::1 /52php/api/
INFO: [ app_begin ] --START--
INFO: Run Behavior\ReadHtmlCache [ RunTime:0.018001s ]
INFO: [ app_begin ] --END-- [ RunTime:0.035002s ]
NOTIC: [8192] mysql_connect(): The mysql extension is deprecated and will be removed in the future: use mysqli or PDO instead D:\wamp\www\52php\api\ThinkPHP\Library\Think\Db\Driver\Mysql.class.php 第 52 行.
SQL: SHOW COLUMNS FROM `hd_wk` [ RunTime:0.098006s ]
SQL: SELECT * FROM `hd_wk` WHERE ( `title` LIKE '%万科%' )  [ RunTime:0.053003s ]

[ 2016-11-28T18:01:20+08:00 ] ::1 /52php/api/
INFO: [ app_begin ] --START--
INFO: Run Behavior\ReadHtmlCache [ RunTime:0.001000s ]
INFO: [ app_begin ] --END-- [ RunTime:0.001000s ]
NOTIC: [8192] mysql_connect(): The mysql extension is deprecated and will be removed in the future: use mysqli or PDO instead D:\wamp\www\52php\api\ThinkPHP\Library\Think\Db\Driver\Mysql.class.php 第 52 行.
SQL: SHOW COLUMNS FROM `hd_wk` [ RunTime:0.048003s ]
SQL: SELECT * FROM `hd_wk` WHERE ( `title` LIKE '%万科%' )  [ RunTime:0.048002s ]

[ 2016-11-28T18:12:34+08:00 ] ::1 /52php/api/
INFO: [ app_begin ] --START--
INFO: Run Behavior\ReadHtmlCache [ RunTime:0.001001s ]
INFO: [ app_begin ] --END-- [ RunTime:0.002001s ]
NOTIC: [8192] mysql_connect(): The mysql extension is deprecated and will be removed in the future: use mysqli or PDO instead D:\wamp\www\52php\api\ThinkPHP\Library\Think\Db\Driver\Mysql.class.php 第 52 行.
SQL: SHOW COLUMNS FROM `hd_wk` [ RunTime:0.052003s ]
SQL: SELECT * FROM `hd_wk` WHERE ( `title` LIKE '%山景%' )  [ RunTime:0.052003s ]

