[ 2016-12-02T13:26:16+08:00 ] ::1 /52php/api/
info: {"area":"0","price":0,"huxin":0,"mianji":"0"}
[ 2016-12-02T13:26:17+08:00 ] ::1 /52php/api/
INFO: [ app_begin ] --START--
INFO: Run Behavior\ReadHtmlCache [ RunTime:0.001000s ]
INFO: [ app_begin ] --END-- [ RunTime:0.001000s ]
NOTIC: [8192] mysql_connect(): The mysql extension is deprecated and will be removed in the future: use mysqli or PDO instead D:\wamp\www\52php\api\ThinkPHP\Library\Think\Db\Driver\Mysql.class.php 第 52 行.
SQL: SHOW COLUMNS FROM `hd_wk` [ RunTime:0.049000s ]
SQL: SELECT * FROM `hd_wk` WHERE ( (`area` LIKE 'like' OR `area` LIKE '%%') ) AND ( (`price` LIKE 'like' OR `price` LIKE '%%') ) AND ( (`huxin` LIKE 'like' OR `huxin` LIKE '%%') ) AND ( (`mianji` LIKE 'like' OR `mianji` LIKE '%%') ) AND ( (`title` LIKE 'like' OR `title` LIKE '%万科%') )  [ RunTime:0.050000s ]

[ 2016-12-02T13:26:21+08:00 ] ::1 /52php/api/
info: {"area":"0","price":0,"huxin":0,"mianji":"1"}
[ 2016-12-02T13:26:21+08:00 ] ::1 /52php/api/
INFO: [ app_begin ] --START--
INFO: Run Behavior\ReadHtmlCache [ RunTime:0.001000s ]
INFO: [ app_begin ] --END-- [ RunTime:0.001000s ]
NOTIC: [8192] mysql_connect(): The mysql extension is deprecated and will be removed in the future: use mysqli or PDO instead D:\wamp\www\52php\api\ThinkPHP\Library\Think\Db\Driver\Mysql.class.php 第 52 行.
SQL: SHOW COLUMNS FROM `hd_wk` [ RunTime:0.050000s ]
SQL: SELECT * FROM `hd_wk` WHERE ( (`area` LIKE 'like' OR `area` LIKE '%%') ) AND ( (`price` LIKE 'like' OR `price` LIKE '%%') ) AND ( (`huxin` LIKE 'like' OR `huxin` LIKE '%%') ) AND ( (`mianji` LIKE 'like' OR `mianji` LIKE '%装修%') ) AND ( (`title` LIKE 'like' OR `title` LIKE '%万科%') )  [ RunTime:0.046000s ]

[ 2016-12-02T13:27:01+08:00 ] ::1 /52php/api/
info: {"area":0,"price":0,"huxin":0,"mianji":0}
[ 2016-12-02T13:27:01+08:00 ] ::1 /52php/api/
INFO: [ app_begin ] --START--
INFO: Run Behavior\ReadHtmlCache [ RunTime:0.001000s ]
INFO: [ app_begin ] --END-- [ RunTime:0.001000s ]
NOTIC: [8192] mysql_connect(): The mysql extension is deprecated and will be removed in the future: use mysqli or PDO instead D:\wamp\www\52php\api\ThinkPHP\Library\Think\Db\Driver\Mysql.class.php 第 52 行.
SQL: SHOW COLUMNS FROM `hd_wk` [ RunTime:0.053000s ]
SQL: SELECT * FROM `hd_wk` WHERE ( (`area` LIKE 'like' OR `area` LIKE '%%') ) AND ( (`price` LIKE 'like' OR `price` LIKE '%%') ) AND ( (`keyword` LIKE 'like' OR `keyword` LIKE '%%') ) AND ( (`mianji` LIKE 'like' OR `mianji` LIKE '%%') ) AND ( (`title` LIKE 'like' OR `title` LIKE '%万科%') )  [ RunTime:0.065000s ]

[ 2016-12-02T13:27:05+08:00 ] ::1 /52php/api/
info: {"area":"3","price":0,"huxin":0,"mianji":0}
[ 2016-12-02T13:27:05+08:00 ] ::1 /52php/api/
INFO: [ app_begin ] --START--
INFO: Run Behavior\ReadHtmlCache [ RunTime:0.000000s ]
INFO: [ app_begin ] --END-- [ RunTime:0.001000s ]
NOTIC: [8192] mysql_connect(): The mysql extension is deprecated and will be removed in the future: use mysqli or PDO instead D:\wamp\www\52php\api\ThinkPHP\Library\Think\Db\Driver\Mysql.class.php 第 52 行.
SQL: SHOW COLUMNS FROM `hd_wk` [ RunTime:0.047000s ]
SQL: SELECT * FROM `hd_wk` WHERE ( (`area` LIKE 'like' OR `area` LIKE '%荔湾区%') ) AND ( (`price` LIKE 'like' OR `price` LIKE '%%') ) AND ( (`keyword` LIKE 'like' OR `keyword` LIKE '%%') ) AND ( (`mianji` LIKE 'like' OR `mianji` LIKE '%%') ) AND ( (`title` LIKE 'like' OR `title` LIKE '%万科%') )  [ RunTime:0.047000s ]

[ 2016-12-02T13:27:08+08:00 ] ::1 /52php/api/
info: {"area":"3","price":0,"huxin":"2","mianji":0}
[ 2016-12-02T13:27:08+08:00 ] ::1 /52php/api/
INFO: [ app_begin ] --START--
INFO: Run Behavior\ReadHtmlCache [ RunTime:0.001000s ]
INFO: [ app_begin ] --END-- [ RunTime:0.001000s ]
NOTIC: [8192] mysql_connect(): The mysql extension is deprecated and will be removed in the future: use mysqli or PDO instead D:\wamp\www\52php\api\ThinkPHP\Library\Think\Db\Driver\Mysql.class.php 第 52 行.
SQL: SHOW COLUMNS FROM `hd_wk` [ RunTime:0.048000s ]
SQL: SELECT * FROM `hd_wk` WHERE ( (`area` LIKE 'like' OR `area` LIKE '%荔湾区%') ) AND ( (`price` LIKE 'like' OR `price` LIKE '%%') ) AND ( (`keyword` LIKE 'like' OR `keyword` LIKE '%两室%') ) AND ( (`mianji` LIKE 'like' OR `mianji` LIKE '%%') ) AND ( (`title` LIKE 'like' OR `title` LIKE '%万科%') )  [ RunTime:0.048000s ]

[ 2016-12-02T13:27:12+08:00 ] ::1 /52php/api/
info: {"area":"0","price":0,"huxin":"2","mianji":0}
[ 2016-12-02T13:27:13+08:00 ] ::1 /52php/api/
INFO: [ app_begin ] --START--
INFO: Run Behavior\ReadHtmlCache [ RunTime:0.001000s ]
INFO: [ app_begin ] --END-- [ RunTime:0.001000s ]
NOTIC: [8192] mysql_connect(): The mysql extension is deprecated and will be removed in the future: use mysqli or PDO instead D:\wamp\www\52php\api\ThinkPHP\Library\Think\Db\Driver\Mysql.class.php 第 52 行.
SQL: SHOW COLUMNS FROM `hd_wk` [ RunTime:0.053000s ]
SQL: SELECT * FROM `hd_wk` WHERE ( (`area` LIKE 'like' OR `area` LIKE '%%') ) AND ( (`price` LIKE 'like' OR `price` LIKE '%%') ) AND ( (`keyword` LIKE 'like' OR `keyword` LIKE '%两室%') ) AND ( (`mianji` LIKE 'like' OR `mianji` LIKE '%%') ) AND ( (`title` LIKE 'like' OR `title` LIKE '%万科%') )  [ RunTime:0.052000s ]

[ 2016-12-02T13:27:16+08:00 ] ::1 /52php/api/
info: {"area":"0","price":0,"huxin":"0","mianji":0}
[ 2016-12-02T13:27:17+08:00 ] ::1 /52php/api/
INFO: [ app_begin ] --START--
INFO: Run Behavior\ReadHtmlCache [ RunTime:0.001000s ]
INFO: [ app_begin ] --END-- [ RunTime:0.001000s ]
NOTIC: [8192] mysql_connect(): The mysql extension is deprecated and will be removed in the future: use mysqli or PDO instead D:\wamp\www\52php\api\ThinkPHP\Library\Think\Db\Driver\Mysql.class.php 第 52 行.
SQL: SHOW COLUMNS FROM `hd_wk` [ RunTime:0.050000s ]
SQL: SELECT * FROM `hd_wk` WHERE ( (`area` LIKE 'like' OR `area` LIKE '%%') ) AND ( (`price` LIKE 'like' OR `price` LIKE '%%') ) AND ( (`keyword` LIKE 'like' OR `keyword` LIKE '%%') ) AND ( (`mianji` LIKE 'like' OR `mianji` LIKE '%%') ) AND ( (`title` LIKE 'like' OR `title` LIKE '%万科%') )  [ RunTime:0.049000s ]

[ 2016-12-02T13:28:06+08:00 ] ::1 /52php/api/
info: function (res) {
      that.setData({ resData: res.data.res });
    }
[ 2016-12-02T13:28:07+08:00 ] ::1 /52php/api/
INFO: [ app_begin ] --START--
INFO: Run Behavior\ReadHtmlCache [ RunTime:0.000000s ]
INFO: [ app_begin ] --END-- [ RunTime:0.002000s ]
NOTIC: [8] Trying to get property of non-object D:\wamp\www\52php\api\Application\Home\Controller\IndexController.class.php 第 15 行.
NOTIC: [2] Creating default object from empty value D:\wamp\www\52php\api\Application\Home\Controller\IndexController.class.php 第 16 行.
NOTIC: [8] Undefined property: stdClass::$price D:\wamp\www\52php\api\Application\Home\Controller\IndexController.class.php 第 37 行.
NOTIC: [8] Undefined property: stdClass::$huxin D:\wamp\www\52php\api\Application\Home\Controller\IndexController.class.php 第 45 行.
NOTIC: [8] Undefined property: stdClass::$mianji D:\wamp\www\52php\api\Application\Home\Controller\IndexController.class.php 第 59 行.
NOTIC: [8192] mysql_connect(): The mysql extension is deprecated and will be removed in the future: use mysqli or PDO instead D:\wamp\www\52php\api\ThinkPHP\Library\Think\Db\Driver\Mysql.class.php 第 52 行.
SQL: SHOW COLUMNS FROM `hd_wk` [ RunTime:0.051000s ]
SQL: SELECT * FROM `hd_wk` WHERE ( (`area` LIKE 'like' OR `area` LIKE '%%') ) AND ( (`price` LIKE 'like' OR `price` LIKE '%%') ) AND ( (`keyword` LIKE 'like' OR `keyword` LIKE '%%') ) AND ( (`mianji` LIKE 'like' OR `mianji` LIKE '%%') ) AND ( (`title` LIKE 'like' OR `title` LIKE '%里%') )  [ RunTime:0.051000s ]

[ 2016-12-02T13:28:09+08:00 ] ::1 /52php/api/
info: function (res) {
      that.setData({ resData: res.data.res });
    }
[ 2016-12-02T13:28:09+08:00 ] ::1 /52php/api/
INFO: [ app_begin ] --START--
INFO: Run Behavior\ReadHtmlCache [ RunTime:0.001000s ]
INFO: [ app_begin ] --END-- [ RunTime:0.001000s ]
NOTIC: [8] Trying to get property of non-object D:\wamp\www\52php\api\Application\Home\Controller\IndexController.class.php 第 15 行.
NOTIC: [2] Creating default object from empty value D:\wamp\www\52php\api\Application\Home\Controller\IndexController.class.php 第 16 行.
NOTIC: [8] Undefined property: stdClass::$price D:\wamp\www\52php\api\Application\Home\Controller\IndexController.class.php 第 37 行.
NOTIC: [8] Undefined property: stdClass::$huxin D:\wamp\www\52php\api\Application\Home\Controller\IndexController.class.php 第 45 行.
NOTIC: [8] Undefined property: stdClass::$mianji D:\wamp\www\52php\api\Application\Home\Controller\IndexController.class.php 第 59 行.
NOTIC: [8192] mysql_connect(): The mysql extension is deprecated and will be removed in the future: use mysqli or PDO instead D:\wamp\www\52php\api\ThinkPHP\Library\Think\Db\Driver\Mysql.class.php 第 52 行.
SQL: SHOW COLUMNS FROM `hd_wk` [ RunTime:0.048000s ]
SQL: SELECT * FROM `hd_wk` WHERE ( (`area` LIKE 'like' OR `area` LIKE '%%') ) AND ( (`price` LIKE 'like' OR `price` LIKE '%%') ) AND ( (`keyword` LIKE 'like' OR `keyword` LIKE '%%') ) AND ( (`mianji` LIKE 'like' OR `mianji` LIKE '%%') ) AND ( (`title` LIKE 'like' OR `title` LIKE '%里%') )  [ RunTime:0.048000s ]

[ 2016-12-02T13:28:16+08:00 ] ::1 /52php/api/
info: function (res) {
      that.setData({ resData: res.data.res });
    }
[ 2016-12-02T13:28:17+08:00 ] ::1 /52php/api/
INFO: [ app_begin ] --START--
INFO: Run Behavior\ReadHtmlCache [ RunTime:0.000000s ]
INFO: [ app_begin ] --END-- [ RunTime:0.001000s ]
NOTIC: [8] Trying to get property of non-object D:\wamp\www\52php\api\Application\Home\Controller\IndexController.class.php 第 15 行.
NOTIC: [2] Creating default object from empty value D:\wamp\www\52php\api\Application\Home\Controller\IndexController.class.php 第 16 行.
NOTIC: [8] Undefined property: stdClass::$price D:\wamp\www\52php\api\Application\Home\Controller\IndexController.class.php 第 37 行.
NOTIC: [8] Undefined property: stdClass::$huxin D:\wamp\www\52php\api\Application\Home\Controller\IndexController.class.php 第 45 行.
NOTIC: [8] Undefined property: stdClass::$mianji D:\wamp\www\52php\api\Application\Home\Controller\IndexController.class.php 第 59 行.
NOTIC: [8192] mysql_connect(): The mysql extension is deprecated and will be removed in the future: use mysqli or PDO instead D:\wamp\www\52php\api\ThinkPHP\Library\Think\Db\Driver\Mysql.class.php 第 52 行.
SQL: SHOW COLUMNS FROM `hd_wk` [ RunTime:0.047000s ]
SQL: SELECT * FROM `hd_wk` WHERE ( (`area` LIKE 'like' OR `area` LIKE '%%') ) AND ( (`price` LIKE 'like' OR `price` LIKE '%%') ) AND ( (`keyword` LIKE 'like' OR `keyword` LIKE '%%') ) AND ( (`mianji` LIKE 'like' OR `mianji` LIKE '%%') ) AND ( (`title` LIKE 'like' OR `title` LIKE '%里%') )  [ RunTime:0.047000s ]

[ 2016-12-02T13:30:34+08:00 ] ::1 /52php/api/
info: {"area":"0","price":"2","huxin":"0","mianji":0}
[ 2016-12-02T13:30:35+08:00 ] ::1 /52php/api/
INFO: [ app_begin ] --START--
INFO: Run Behavior\ReadHtmlCache [ RunTime:0.000000s ]
INFO: [ app_begin ] --END-- [ RunTime:0.001001s ]
NOTIC: [8192] mysql_connect(): The mysql extension is deprecated and will be removed in the future: use mysqli or PDO instead D:\wamp\www\52php\api\ThinkPHP\Library\Think\Db\Driver\Mysql.class.php 第 52 行.
SQL: SHOW COLUMNS FROM `hd_wk` [ RunTime:0.049049s ]
SQL: SELECT * FROM `hd_wk` WHERE ( (`area` LIKE 'like' OR `area` LIKE '%20000%') ) AND ( (`price` LIKE 'like' OR `price` LIKE '%2%') ) AND ( (`keyword` LIKE 'like' OR `keyword` LIKE '%%') ) AND ( (`mianji` LIKE 'like' OR `mianji` LIKE '%%') ) AND ( (`title` LIKE 'like' OR `title` LIKE '%万科%') )  [ RunTime:0.049049s ]

[ 2016-12-02T13:30:38+08:00 ] ::1 /52php/api/
info: {"area":"0","price":"0","huxin":"0","mianji":0}
[ 2016-12-02T13:30:39+08:00 ] ::1 /52php/api/
INFO: [ app_begin ] --START--
INFO: Run Behavior\ReadHtmlCache [ RunTime:0.001001s ]
INFO: [ app_begin ] --END-- [ RunTime:0.001001s ]
NOTIC: [8192] mysql_connect(): The mysql extension is deprecated and will be removed in the future: use mysqli or PDO instead D:\wamp\www\52php\api\ThinkPHP\Library\Think\Db\Driver\Mysql.class.php 第 52 行.
SQL: SHOW COLUMNS FROM `hd_wk` [ RunTime:0.052052s ]
SQL: SELECT * FROM `hd_wk` WHERE ( (`area` LIKE 'like' OR `area` LIKE '%%') ) AND ( (`price` LIKE 'like' OR `price` LIKE '%%') ) AND ( (`keyword` LIKE 'like' OR `keyword` LIKE '%%') ) AND ( (`mianji` LIKE 'like' OR `mianji` LIKE '%%') ) AND ( (`title` LIKE 'like' OR `title` LIKE '%万科%') )  [ RunTime:0.053053s ]

[ 2016-12-02T13:30:47+08:00 ] ::1 /52php/api/
info: {"area":"2","price":"0","huxin":"0","mianji":0}
[ 2016-12-02T13:30:48+08:00 ] ::1 /52php/api/
INFO: [ app_begin ] --START--
INFO: Run Behavior\ReadHtmlCache [ RunTime:0.001001s ]
INFO: [ app_begin ] --END-- [ RunTime:0.001001s ]
NOTIC: [8192] mysql_connect(): The mysql extension is deprecated and will be removed in the future: use mysqli or PDO instead D:\wamp\www\52php\api\ThinkPHP\Library\Think\Db\Driver\Mysql.class.php 第 52 行.
SQL: SHOW COLUMNS FROM `hd_wk` [ RunTime:0.047047s ]
SQL: SELECT * FROM `hd_wk` WHERE ( (`area` LIKE 'like' OR `area` LIKE '%南沙区%') ) AND ( (`price` LIKE 'like' OR `price` LIKE '%%') ) AND ( (`keyword` LIKE 'like' OR `keyword` LIKE '%%') ) AND ( (`mianji` LIKE 'like' OR `mianji` LIKE '%%') ) AND ( (`title` LIKE 'like' OR `title` LIKE '%万科%') )  [ RunTime:0.046046s ]

[ 2016-12-02T13:30:51+08:00 ] ::1 /52php/api/
info: {"area":"0","price":"0","huxin":"0","mianji":0}
[ 2016-12-02T13:30:52+08:00 ] ::1 /52php/api/
INFO: [ app_begin ] --START--
INFO: Run Behavior\ReadHtmlCache [ RunTime:0.000000s ]
INFO: [ app_begin ] --END-- [ RunTime:0.001001s ]
NOTIC: [8192] mysql_connect(): The mysql extension is deprecated and will be removed in the future: use mysqli or PDO instead D:\wamp\www\52php\api\ThinkPHP\Library\Think\Db\Driver\Mysql.class.php 第 52 行.
SQL: SHOW COLUMNS FROM `hd_wk` [ RunTime:0.049049s ]
SQL: SELECT * FROM `hd_wk` WHERE ( (`area` LIKE 'like' OR `area` LIKE '%%') ) AND ( (`price` LIKE 'like' OR `price` LIKE '%%') ) AND ( (`keyword` LIKE 'like' OR `keyword` LIKE '%%') ) AND ( (`mianji` LIKE 'like' OR `mianji` LIKE '%%') ) AND ( (`title` LIKE 'like' OR `title` LIKE '%万科%') )  [ RunTime:0.049049s ]

[ 2016-12-02T13:31:30+08:00 ] ::1 /52php/api/
info: {"area":0,"price":0,"huxin":0,"mianji":0}
[ 2016-12-02T13:31:30+08:00 ] ::1 /52php/api/
INFO: [ app_begin ] --START--
INFO: Run Behavior\ReadHtmlCache [ RunTime:0.001001s ]
INFO: [ app_begin ] --END-- [ RunTime:0.001001s ]
NOTIC: [8192] mysql_connect(): The mysql extension is deprecated and will be removed in the future: use mysqli or PDO instead D:\wamp\www\52php\api\ThinkPHP\Library\Think\Db\Driver\Mysql.class.php 第 52 行.
SQL: SHOW COLUMNS FROM `hd_wk` [ RunTime:0.047047s ]
SQL: SELECT * FROM `hd_wk` WHERE ( (`area` LIKE 'like' OR `area` LIKE '%%') ) AND ( (`price` LIKE 'like' OR `price` LIKE '%%') ) AND ( (`keyword` LIKE 'like' OR `keyword` LIKE '%%') ) AND ( (`mianji` LIKE 'like' OR `mianji` LIKE '%%') ) AND ( (`title` LIKE 'like' OR `title` LIKE '%万科%') )  [ RunTime:0.048048s ]

[ 2016-12-02T13:31:38+08:00 ] ::1 /52php/api/
info: {"area":"2","price":0,"huxin":0,"mianji":0}
[ 2016-12-02T13:31:39+08:00 ] ::1 /52php/api/
INFO: [ app_begin ] --START--
INFO: Run Behavior\ReadHtmlCache [ RunTime:0.001001s ]
INFO: [ app_begin ] --END-- [ RunTime:0.001001s ]
NOTIC: [8192] mysql_connect(): The mysql extension is deprecated and will be removed in the future: use mysqli or PDO instead D:\wamp\www\52php\api\ThinkPHP\Library\Think\Db\Driver\Mysql.class.php 第 52 行.
SQL: SHOW COLUMNS FROM `hd_wk` [ RunTime:0.047047s ]
SQL: SELECT * FROM `hd_wk` WHERE ( (`area` LIKE 'like' OR `area` LIKE '%南沙区%') ) AND ( (`price` LIKE 'like' OR `price` LIKE '%%') ) AND ( (`keyword` LIKE 'like' OR `keyword` LIKE '%%') ) AND ( (`mianji` LIKE 'like' OR `mianji` LIKE '%%') ) AND ( (`title` LIKE 'like' OR `title` LIKE '%万科%') )  [ RunTime:0.046046s ]

[ 2016-12-02T13:43:01+08:00 ] ::1 /52php/api/
info: {"area":"2","price":0,"huxin":"2","mianji":0}
[ 2016-12-02T13:43:02+08:00 ] ::1 /52php/api/
INFO: [ app_begin ] --START--
INFO: Run Behavior\ReadHtmlCache [ RunTime:0.014003s ]
INFO: [ app_begin ] --END-- [ RunTime:0.025005s ]
NOTIC: [8192] mysql_connect(): The mysql extension is deprecated and will be removed in the future: use mysqli or PDO instead D:\wamp\www\52php\api\ThinkPHP\Library\Think\Db\Driver\Mysql.class.php 第 52 行.
SQL: SHOW COLUMNS FROM `hd_wk` [ RunTime:0.048010s ]
SQL: SELECT * FROM `hd_wk` WHERE ( (`area` LIKE 'like' OR `area` LIKE '%南沙区%') ) AND ( (`price` LIKE 'like' OR `price` LIKE '%%') ) AND ( (`keyword` LIKE 'like' OR `keyword` LIKE '%两室%') ) AND ( (`mianji` LIKE 'like' OR `mianji` LIKE '%%') ) AND ( (`title` LIKE 'like' OR `title` LIKE '%万科%') )  [ RunTime:0.048010s ]

[ 2016-12-02T13:43:05+08:00 ] ::1 /52php/api/
info: {"area":"2","price":0,"huxin":"1","mianji":0}
[ 2016-12-02T13:43:05+08:00 ] ::1 /52php/api/
INFO: [ app_begin ] --START--
INFO: Run Behavior\ReadHtmlCache [ RunTime:0.001000s ]
INFO: [ app_begin ] --END-- [ RunTime:0.001000s ]
NOTIC: [8192] mysql_connect(): The mysql extension is deprecated and will be removed in the future: use mysqli or PDO instead D:\wamp\www\52php\api\ThinkPHP\Library\Think\Db\Driver\Mysql.class.php 第 52 行.
SQL: SHOW COLUMNS FROM `hd_wk` [ RunTime:0.046009s ]
SQL: SELECT * FROM `hd_wk` WHERE ( (`area` LIKE 'like' OR `area` LIKE '%南沙区%') ) AND ( (`price` LIKE 'like' OR `price` LIKE '%%') ) AND ( (`keyword` LIKE 'like' OR `keyword` LIKE '%一室%') ) AND ( (`mianji` LIKE 'like' OR `mianji` LIKE '%%') ) AND ( (`title` LIKE 'like' OR `title` LIKE '%万科%') )  [ RunTime:0.046009s ]

[ 2016-12-02T13:43:08+08:00 ] ::1 /52php/api/
info: {"area":"2","price":0,"huxin":"0","mianji":0}
[ 2016-12-02T13:43:08+08:00 ] ::1 /52php/api/
INFO: [ app_begin ] --START--
INFO: Run Behavior\ReadHtmlCache [ RunTime:0.001000s ]
INFO: [ app_begin ] --END-- [ RunTime:0.001000s ]
NOTIC: [8192] mysql_connect(): The mysql extension is deprecated and will be removed in the future: use mysqli or PDO instead D:\wamp\www\52php\api\ThinkPHP\Library\Think\Db\Driver\Mysql.class.php 第 52 行.
SQL: SHOW COLUMNS FROM `hd_wk` [ RunTime:0.052010s ]
SQL: SELECT * FROM `hd_wk` WHERE ( (`area` LIKE 'like' OR `area` LIKE '%南沙区%') ) AND ( (`price` LIKE 'like' OR `price` LIKE '%%') ) AND ( (`keyword` LIKE 'like' OR `keyword` LIKE '%%') ) AND ( (`mianji` LIKE 'like' OR `mianji` LIKE '%%') ) AND ( (`title` LIKE 'like' OR `title` LIKE '%万科%') )  [ RunTime:0.055011s ]

[ 2016-12-02T13:45:21+08:00 ] ::1 /52php/api/
info: {"area":0,"price":0,"huxin":0,"mianji":0}
[ 2016-12-02T13:45:22+08:00 ] ::1 /52php/api/
INFO: [ app_begin ] --START--
INFO: Run Behavior\ReadHtmlCache [ RunTime:0.001000s ]
INFO: [ app_begin ] --END-- [ RunTime:0.001000s ]
NOTIC: [8192] mysql_connect(): The mysql extension is deprecated and will be removed in the future: use mysqli or PDO instead D:\wamp\www\52php\api\ThinkPHP\Library\Think\Db\Driver\Mysql.class.php 第 52 行.
SQL: SHOW COLUMNS FROM `hd_wk` [ RunTime:0.225023s ]
SQL: SELECT * FROM `hd_wk` WHERE ( (`area` LIKE 'like' OR `area` LIKE '%%') ) AND ( (`price` LIKE 'like' OR `price` LIKE '%%') ) AND ( (`keyword` LIKE 'like' OR `keyword` LIKE '%%') ) AND ( (`mianji` LIKE 'like' OR `mianji` LIKE '%%') ) AND ( (`title` LIKE 'like' OR `title` LIKE '%万科%') )  [ RunTime:0.053005s ]

[ 2016-12-02T13:47:18+08:00 ] ::1 /52php/api/
info: {"area":0,"price":0,"huxin":0,"mianji":0}
[ 2016-12-02T13:47:18+08:00 ] ::1 /52php/api/
INFO: [ app_begin ] --START--
INFO: Run Behavior\ReadHtmlCache [ RunTime:0.001000s ]
INFO: [ app_begin ] --END-- [ RunTime:0.001000s ]
NOTIC: [8192] mysql_connect(): The mysql extension is deprecated and will be removed in the future: use mysqli or PDO instead D:\wamp\www\52php\api\ThinkPHP\Library\Think\Db\Driver\Mysql.class.php 第 52 行.
SQL: SHOW COLUMNS FROM `hd_wk` [ RunTime:0.052006s ]
SQL: SELECT * FROM `hd_wk` WHERE ( (`area` LIKE 'like' OR `area` LIKE '%%') ) AND ( (`price` LIKE 'like' OR `price` LIKE '%%') ) AND ( (`keyword` LIKE 'like' OR `keyword` LIKE '%%') ) AND ( (`mianji` LIKE 'like' OR `mianji` LIKE '%%') ) AND ( (`title` LIKE 'like' OR `title` LIKE '%万科%') )  [ RunTime:0.048005s ]

[ 2016-12-02T13:56:51+08:00 ] ::1 /52php/api/
info: {"area":0,"price":0,"huxin":0,"mianji":0}
[ 2016-12-02T13:56:51+08:00 ] ::1 /52php/api/
INFO: [ app_begin ] --START--
INFO: Run Behavior\ReadHtmlCache [ RunTime:0.001000s ]
INFO: [ app_begin ] --END-- [ RunTime:0.001000s ]
NOTIC: [8192] mysql_connect(): The mysql extension is deprecated and will be removed in the future: use mysqli or PDO instead D:\wamp\www\52php\api\ThinkPHP\Library\Think\Db\Driver\Mysql.class.php 第 52 行.
SQL: SHOW COLUMNS FROM `hd_wk` [ RunTime:0.049005s ]
SQL: SELECT * FROM `hd_wk` WHERE ( (`area` LIKE 'like' OR `area` LIKE '%%') ) AND ( (`price` LIKE 'like' OR `price` LIKE '%%') ) AND ( (`keyword` LIKE 'like' OR `keyword` LIKE '%%') ) AND ( (`mianji` LIKE 'like' OR `mianji` LIKE '%%') ) AND ( (`title` LIKE 'like' OR `title` LIKE '%万科%') )  [ RunTime:0.049005s ]

[ 2016-12-02T13:59:40+08:00 ] ::1 /52php/api/
info: {"area":0,"price":0,"huxin":0,"mianji":0}
[ 2016-12-02T13:59:41+08:00 ] ::1 /52php/api/
INFO: [ app_begin ] --START--
INFO: Run Behavior\ReadHtmlCache [ RunTime:0.000000s ]
INFO: [ app_begin ] --END-- [ RunTime:0.002000s ]
NOTIC: [8192] mysql_connect(): The mysql extension is deprecated and will be removed in the future: use mysqli or PDO instead D:\wamp\www\52php\api\ThinkPHP\Library\Think\Db\Driver\Mysql.class.php 第 52 行.
SQL: SHOW COLUMNS FROM `hd_wk` [ RunTime:0.047005s ]
SQL: SELECT * FROM `hd_wk` WHERE ( (`area` LIKE 'like' OR `area` LIKE '%%') ) AND ( (`price` LIKE 'like' OR `price` LIKE '%%') ) AND ( (`keyword` LIKE 'like' OR `keyword` LIKE '%%') ) AND ( (`mianji` LIKE 'like' OR `mianji` LIKE '%%') ) AND ( (`title` LIKE 'like' OR `title` LIKE '%万科%') )  [ RunTime:0.048005s ]

[ 2016-12-02T14:00:09+08:00 ] ::1 /52php/api/
info: {"area":0,"price":0,"huxin":0,"mianji":0}
[ 2016-12-02T14:00:10+08:00 ] ::1 /52php/api/
INFO: [ app_begin ] --START--
INFO: Run Behavior\ReadHtmlCache [ RunTime:0.000000s ]
INFO: [ app_begin ] --END-- [ RunTime:0.001001s ]
NOTIC: [8192] mysql_connect(): The mysql extension is deprecated and will be removed in the future: use mysqli or PDO instead D:\wamp\www\52php\api\ThinkPHP\Library\Think\Db\Driver\Mysql.class.php 第 52 行.
SQL: SHOW COLUMNS FROM `hd_wk` [ RunTime:0.050005s ]
SQL: SELECT * FROM `hd_wk` WHERE ( (`area` LIKE 'like' OR `area` LIKE '%%') ) AND ( (`price` LIKE 'like' OR `price` LIKE '%%') ) AND ( (`keyword` LIKE 'like' OR `keyword` LIKE '%%') ) AND ( (`mianji` LIKE 'like' OR `mianji` LIKE '%%') ) AND ( (`title` LIKE 'like' OR `title` LIKE '%万科%') )  [ RunTime:0.048005s ]

[ 2016-12-02T14:03:22+08:00 ] ::1 /52php/api/
info: {"area":0,"price":0,"huxin":0,"mianji":0}
[ 2016-12-02T14:03:22+08:00 ] ::1 /52php/api/
INFO: [ app_begin ] --START--
INFO: Run Behavior\ReadHtmlCache [ RunTime:0.000000s ]
INFO: [ app_begin ] --END-- [ RunTime:0.002000s ]
NOTIC: [8192] mysql_connect(): The mysql extension is deprecated and will be removed in the future: use mysqli or PDO instead D:\wamp\www\52php\api\ThinkPHP\Library\Think\Db\Driver\Mysql.class.php 第 52 行.
SQL: SHOW COLUMNS FROM `hd_wk` [ RunTime:0.048005s ]
SQL: SELECT * FROM `hd_wk` WHERE ( (`area` LIKE 'like' OR `area` LIKE '%%') ) AND ( (`price` LIKE 'like' OR `price` LIKE '%%') ) AND ( (`keyword` LIKE 'like' OR `keyword` LIKE '%%') ) AND ( (`mianji` LIKE 'like' OR `mianji` LIKE '%%') ) AND ( (`title` LIKE 'like' OR `title` LIKE '%万科%') )  [ RunTime:0.048005s ]

[ 2016-12-02T15:13:32+08:00 ] ::1 /52php/api/
info: {"area":0,"price":0,"huxin":0,"mianji":0}
[ 2016-12-02T15:13:32+08:00 ] ::1 /52php/api/
INFO: [ app_begin ] --START--
INFO: Run Behavior\ReadHtmlCache [ RunTime:0.000000s ]
INFO: [ app_begin ] --END-- [ RunTime:0.001000s ]
NOTIC: [8192] mysql_connect(): The mysql extension is deprecated and will be removed in the future: use mysqli or PDO instead D:\wamp\www\52php\api\ThinkPHP\Library\Think\Db\Driver\Mysql.class.php 第 52 行.
SQL: SHOW COLUMNS FROM `hd_wk` [ RunTime:0.053006s ]
SQL: SELECT * FROM `hd_wk` WHERE ( (`area` LIKE 'like' OR `area` LIKE '%%') ) AND ( (`price` LIKE 'like' OR `price` LIKE '%%') ) AND ( (`keyword` LIKE 'like' OR `keyword` LIKE '%%') ) AND ( (`mianji` LIKE 'like' OR `mianji` LIKE '%%') ) AND ( (`title` LIKE 'like' OR `title` LIKE '%万科%') )  [ RunTime:0.052005s ]

[ 2016-12-02T15:14:29+08:00 ] ::1 /52php/api/
info: {"area":0,"price":0,"huxin":0,"mianji":0}
[ 2016-12-02T15:14:30+08:00 ] ::1 /52php/api/
INFO: [ app_begin ] --START--
INFO: Run Behavior\ReadHtmlCache [ RunTime:0.000000s ]
INFO: [ app_begin ] --END-- [ RunTime:0.001000s ]
NOTIC: [8192] mysql_connect(): The mysql extension is deprecated and will be removed in the future: use mysqli or PDO instead D:\wamp\www\52php\api\ThinkPHP\Library\Think\Db\Driver\Mysql.class.php 第 52 行.
SQL: SHOW COLUMNS FROM `hd_wk` [ RunTime:0.047005s ]
SQL: SELECT * FROM `hd_wk` WHERE ( (`area` LIKE 'like' OR `area` LIKE '%%') ) AND ( (`price` LIKE 'like' OR `price` LIKE '%%') ) AND ( (`keyword` LIKE 'like' OR `keyword` LIKE '%%') ) AND ( (`mianji` LIKE 'like' OR `mianji` LIKE '%%') ) AND ( (`title` LIKE 'like' OR `title` LIKE '%万科%') )  [ RunTime:0.048005s ]

[ 2016-12-02T15:15:22+08:00 ] ::1 /52php/api/
info: {"area":"2","price":0,"huxin":0,"mianji":0}
[ 2016-12-02T15:15:23+08:00 ] ::1 /52php/api/
INFO: [ app_begin ] --START--
INFO: Run Behavior\ReadHtmlCache [ RunTime:0.001000s ]
INFO: [ app_begin ] --END-- [ RunTime:0.001000s ]
NOTIC: [8192] mysql_connect(): The mysql extension is deprecated and will be removed in the future: use mysqli or PDO instead D:\wamp\www\52php\api\ThinkPHP\Library\Think\Db\Driver\Mysql.class.php 第 52 行.
SQL: SHOW COLUMNS FROM `hd_wk` [ RunTime:0.056006s ]
SQL: SELECT * FROM `hd_wk` WHERE ( (`area` LIKE 'like' OR `area` LIKE '%南沙区%') ) AND ( (`price` LIKE 'like' OR `price` LIKE '%%') ) AND ( (`keyword` LIKE 'like' OR `keyword` LIKE '%%') ) AND ( (`mianji` LIKE 'like' OR `mianji` LIKE '%%') ) AND ( (`title` LIKE 'like' OR `title` LIKE '%万科%') )  [ RunTime:0.063006s ]

[ 2016-12-02T15:15:37+08:00 ] ::1 /52php/api/
info: {"area":"0","price":0,"huxin":0,"mianji":0}
[ 2016-12-02T15:15:38+08:00 ] ::1 /52php/api/
INFO: [ app_begin ] --START--
INFO: Run Behavior\ReadHtmlCache [ RunTime:0.000000s ]
INFO: [ app_begin ] --END-- [ RunTime:0.001000s ]
NOTIC: [8192] mysql_connect(): The mysql extension is deprecated and will be removed in the future: use mysqli or PDO instead D:\wamp\www\52php\api\ThinkPHP\Library\Think\Db\Driver\Mysql.class.php 第 52 行.
SQL: SHOW COLUMNS FROM `hd_wk` [ RunTime:0.053006s ]
SQL: SELECT * FROM `hd_wk` WHERE ( (`area` LIKE 'like' OR `area` LIKE '%%') ) AND ( (`price` LIKE 'like' OR `price` LIKE '%%') ) AND ( (`keyword` LIKE 'like' OR `keyword` LIKE '%%') ) AND ( (`mianji` LIKE 'like' OR `mianji` LIKE '%%') ) AND ( (`title` LIKE 'like' OR `title` LIKE '%万科%') )  [ RunTime:0.056006s ]

[ 2016-12-02T15:19:54+08:00 ] ::1 /52php/api/
info: {"area":0,"price":0,"huxin":0,"mianji":0}
[ 2016-12-02T15:19:55+08:00 ] ::1 /52php/api/
INFO: [ app_begin ] --START--
INFO: Run Behavior\ReadHtmlCache [ RunTime:0.001001s ]
INFO: [ app_begin ] --END-- [ RunTime:0.001001s ]
NOTIC: [8192] mysql_connect(): The mysql extension is deprecated and will be removed in the future: use mysqli or PDO instead D:\wamp\www\52php\api\ThinkPHP\Library\Think\Db\Driver\Mysql.class.php 第 52 行.
SQL: SHOW COLUMNS FROM `hd_wk` [ RunTime:0.053005s ]
SQL: SELECT * FROM `hd_wk` WHERE ( (`area` LIKE 'like' OR `area` LIKE '%%') ) AND ( (`price` LIKE 'like' OR `price` LIKE '%%') ) AND ( (`keyword` LIKE 'like' OR `keyword` LIKE '%%') ) AND ( (`mianji` LIKE 'like' OR `mianji` LIKE '%%') ) AND ( (`title` LIKE 'like' OR `title` LIKE '%万科%') )  [ RunTime:0.054005s ]

[ 2016-12-02T15:21:33+08:00 ] ::1 /52php/api/
info: {"area":0,"price":0,"huxin":0,"mianji":0}
[ 2016-12-02T15:21:33+08:00 ] ::1 /52php/api/
INFO: [ app_begin ] --START--
INFO: Run Behavior\ReadHtmlCache [ RunTime:0.000000s ]
INFO: [ app_begin ] --END-- [ RunTime:0.001001s ]
NOTIC: [8192] mysql_connect(): The mysql extension is deprecated and will be removed in the future: use mysqli or PDO instead D:\wamp\www\52php\api\ThinkPHP\Library\Think\Db\Driver\Mysql.class.php 第 52 行.
SQL: SHOW COLUMNS FROM `hd_wk` [ RunTime:0.052005s ]
SQL: SELECT * FROM `hd_wk` WHERE ( (`area` LIKE 'like' OR `area` LIKE '%%') ) AND ( (`price` LIKE 'like' OR `price` LIKE '%%') ) AND ( (`keyword` LIKE 'like' OR `keyword` LIKE '%%') ) AND ( (`mianji` LIKE 'like' OR `mianji` LIKE '%%') ) AND ( (`title` LIKE 'like' OR `title` LIKE '%万科%') )  [ RunTime:0.053005s ]

[ 2016-12-02T15:22:04+08:00 ] ::1 /52php/api/
info: {"area":0,"price":0,"huxin":0,"mianji":0}
[ 2016-12-02T15:22:04+08:00 ] ::1 /52php/api/
INFO: [ app_begin ] --START--
INFO: Run Behavior\ReadHtmlCache [ RunTime:0.000000s ]
INFO: [ app_begin ] --END-- [ RunTime:0.001000s ]
NOTIC: [8192] mysql_connect(): The mysql extension is deprecated and will be removed in the future: use mysqli or PDO instead D:\wamp\www\52php\api\ThinkPHP\Library\Think\Db\Driver\Mysql.class.php 第 52 行.
SQL: SHOW COLUMNS FROM `hd_wk` [ RunTime:0.055006s ]
SQL: SELECT * FROM `hd_wk` WHERE ( (`area` LIKE 'like' OR `area` LIKE '%%') ) AND ( (`price` LIKE 'like' OR `price` LIKE '%%') ) AND ( (`keyword` LIKE 'like' OR `keyword` LIKE '%%') ) AND ( (`mianji` LIKE 'like' OR `mianji` LIKE '%%') ) AND ( (`title` LIKE 'like' OR `title` LIKE '%万科%') )  [ RunTime:0.056005s ]

[ 2016-12-02T15:22:42+08:00 ] ::1 /52php/api/
info: {"area":0,"price":0,"huxin":0,"mianji":0}
[ 2016-12-02T15:22:42+08:00 ] ::1 /52php/api/
INFO: [ app_begin ] --START--
INFO: Run Behavior\ReadHtmlCache [ RunTime:0.000000s ]
INFO: [ app_begin ] --END-- [ RunTime:0.001000s ]
NOTIC: [8192] mysql_connect(): The mysql extension is deprecated and will be removed in the future: use mysqli or PDO instead D:\wamp\www\52php\api\ThinkPHP\Library\Think\Db\Driver\Mysql.class.php 第 52 行.
SQL: SHOW COLUMNS FROM `hd_wk` [ RunTime:0.052005s ]
SQL: SELECT * FROM `hd_wk` WHERE ( (`area` LIKE 'like' OR `area` LIKE '%%') ) AND ( (`price` LIKE 'like' OR `price` LIKE '%%') ) AND ( (`keyword` LIKE 'like' OR `keyword` LIKE '%%') ) AND ( (`mianji` LIKE 'like' OR `mianji` LIKE '%%') ) AND ( (`title` LIKE 'like' OR `title` LIKE '%万科%') )  [ RunTime:0.053006s ]

[ 2016-12-02T15:22:51+08:00 ] ::1 /52php/api/
info: {"area":0,"price":0,"huxin":0,"mianji":0}
[ 2016-12-02T15:22:51+08:00 ] ::1 /52php/api/
INFO: [ app_begin ] --START--
INFO: Run Behavior\ReadHtmlCache [ RunTime:0.001000s ]
INFO: [ app_begin ] --END-- [ RunTime:0.002001s ]
NOTIC: [8192] mysql_connect(): The mysql extension is deprecated and will be removed in the future: use mysqli or PDO instead D:\wamp\www\52php\api\ThinkPHP\Library\Think\Db\Driver\Mysql.class.php 第 52 行.
SQL: SHOW COLUMNS FROM `hd_wk` [ RunTime:0.057006s ]
SQL: SELECT * FROM `hd_wk` WHERE ( (`area` LIKE 'like' OR `area` LIKE '%%') ) AND ( (`price` LIKE 'like' OR `price` LIKE '%%') ) AND ( (`keyword` LIKE 'like' OR `keyword` LIKE '%%') ) AND ( (`mianji` LIKE 'like' OR `mianji` LIKE '%%') ) AND ( (`title` LIKE 'like' OR `title` LIKE '%万科%') )  [ RunTime:0.049005s ]

[ 2016-12-02T15:23:41+08:00 ] ::1 /52php/api/
info: {"area":0,"price":0,"huxin":0,"mianji":0}
[ 2016-12-02T15:23:41+08:00 ] ::1 /52php/api/
INFO: [ app_begin ] --START--
INFO: Run Behavior\ReadHtmlCache [ RunTime:0.000000s ]
INFO: [ app_begin ] --END-- [ RunTime:0.001000s ]
NOTIC: [8192] mysql_connect(): The mysql extension is deprecated and will be removed in the future: use mysqli or PDO instead D:\wamp\www\52php\api\ThinkPHP\Library\Think\Db\Driver\Mysql.class.php 第 52 行.
SQL: SHOW COLUMNS FROM `hd_wk` [ RunTime:0.053005s ]
SQL: SELECT * FROM `hd_wk` WHERE ( (`area` LIKE 'like' OR `area` LIKE '%%') ) AND ( (`price` LIKE 'like' OR `price` LIKE '%%') ) AND ( (`keyword` LIKE 'like' OR `keyword` LIKE '%%') ) AND ( (`mianji` LIKE 'like' OR `mianji` LIKE '%%') ) AND ( (`title` LIKE 'like' OR `title` LIKE '%万科%') )  [ RunTime:0.054005s ]

[ 2016-12-02T15:23:59+08:00 ] ::1 /52php/api/
info: {"area":0,"price":0,"huxin":0,"mianji":0}
[ 2016-12-02T15:23:59+08:00 ] ::1 /52php/api/
INFO: [ app_begin ] --START--
INFO: Run Behavior\ReadHtmlCache [ RunTime:0.000000s ]
INFO: [ app_begin ] --END-- [ RunTime:0.002000s ]
NOTIC: [8192] mysql_connect(): The mysql extension is deprecated and will be removed in the future: use mysqli or PDO instead D:\wamp\www\52php\api\ThinkPHP\Library\Think\Db\Driver\Mysql.class.php 第 52 行.
SQL: SHOW COLUMNS FROM `hd_wk` [ RunTime:0.057005s ]
SQL: SELECT * FROM `hd_wk` WHERE ( (`area` LIKE 'like' OR `area` LIKE '%%') ) AND ( (`price` LIKE 'like' OR `price` LIKE '%%') ) AND ( (`keyword` LIKE 'like' OR `keyword` LIKE '%%') ) AND ( (`mianji` LIKE 'like' OR `mianji` LIKE '%%') ) AND ( (`title` LIKE 'like' OR `title` LIKE '%万科%') )  [ RunTime:0.058005s ]

[ 2016-12-02T15:24:43+08:00 ] ::1 /52php/api/
info: {"area":0,"price":0,"huxin":0,"mianji":0}
[ 2016-12-02T15:24:43+08:00 ] ::1 /52php/api/
INFO: [ app_begin ] --START--
INFO: Run Behavior\ReadHtmlCache [ RunTime:0.000000s ]
INFO: [ app_begin ] --END-- [ RunTime:0.001000s ]
NOTIC: [8192] mysql_connect(): The mysql extension is deprecated and will be removed in the future: use mysqli or PDO instead D:\wamp\www\52php\api\ThinkPHP\Library\Think\Db\Driver\Mysql.class.php 第 52 行.
SQL: SHOW COLUMNS FROM `hd_wk` [ RunTime:0.047005s ]
SQL: SELECT * FROM `hd_wk` WHERE ( (`area` LIKE 'like' OR `area` LIKE '%%') ) AND ( (`price` LIKE 'like' OR `price` LIKE '%%') ) AND ( (`keyword` LIKE 'like' OR `keyword` LIKE '%%') ) AND ( (`mianji` LIKE 'like' OR `mianji` LIKE '%%') ) AND ( (`title` LIKE 'like' OR `title` LIKE '%万科%') )  [ RunTime:0.048005s ]

[ 2016-12-02T15:33:33+08:00 ] ::1 /52php/api/
info: {"area":0,"price":0,"huxin":0,"mianji":0}
[ 2016-12-02T15:33:33+08:00 ] ::1 /52php/api/
INFO: [ app_begin ] --START--
INFO: Run Behavior\ReadHtmlCache [ RunTime:0.000000s ]
INFO: [ app_begin ] --END-- [ RunTime:0.001000s ]
NOTIC: [8192] mysql_connect(): The mysql extension is deprecated and will be removed in the future: use mysqli or PDO instead D:\wamp\www\52php\api\ThinkPHP\Library\Think\Db\Driver\Mysql.class.php 第 52 行.
SQL: SHOW COLUMNS FROM `hd_wk` [ RunTime:0.048004s ]
SQL: SELECT * FROM `hd_wk` WHERE ( (`area` LIKE 'like' OR `area` LIKE '%%') ) AND ( (`price` LIKE 'like' OR `price` LIKE '%%') ) AND ( (`keyword` LIKE 'like' OR `keyword` LIKE '%%') ) AND ( (`mianji` LIKE 'like' OR `mianji` LIKE '%%') ) AND ( (`title` LIKE 'like' OR `title` LIKE '%万科%') )  [ RunTime:0.048004s ]

[ 2016-12-02T15:39:37+08:00 ] ::1 /52php/api/
info: {"area":0,"price":0,"huxin":0,"mianji":0}
[ 2016-12-02T15:39:37+08:00 ] ::1 /52php/api/
INFO: [ app_begin ] --START--
INFO: Run Behavior\ReadHtmlCache [ RunTime:0.001000s ]
INFO: [ app_begin ] --END-- [ RunTime:0.001000s ]
NOTIC: [8192] mysql_connect(): The mysql extension is deprecated and will be removed in the future: use mysqli or PDO instead D:\wamp\www\52php\api\ThinkPHP\Library\Think\Db\Driver\Mysql.class.php 第 52 行.
SQL: SHOW COLUMNS FROM `hd_wk` [ RunTime:0.049005s ]
SQL: SELECT * FROM `hd_wk` WHERE ( (`area` LIKE 'like' OR `area` LIKE '%%') ) AND ( (`price` LIKE 'like' OR `price` LIKE '%%') ) AND ( (`keyword` LIKE 'like' OR `keyword` LIKE '%%') ) AND ( (`mianji` LIKE 'like' OR `mianji` LIKE '%%') ) AND ( (`title` LIKE 'like' OR `title` LIKE '%万科%') )  [ RunTime:0.051005s ]

[ 2016-12-02T15:40:45+08:00 ] ::1 /52php/api/
info: {"area":0,"price":0,"huxin":0,"mianji":0}
[ 2016-12-02T15:40:46+08:00 ] ::1 /52php/api/
INFO: [ app_begin ] --START--
INFO: Run Behavior\ReadHtmlCache [ RunTime:0.001000s ]
INFO: [ app_begin ] --END-- [ RunTime:0.001000s ]
NOTIC: [8192] mysql_connect(): The mysql extension is deprecated and will be removed in the future: use mysqli or PDO instead D:\wamp\www\52php\api\ThinkPHP\Library\Think\Db\Driver\Mysql.class.php 第 52 行.
SQL: SHOW COLUMNS FROM `hd_wk` [ RunTime:0.048005s ]
SQL: SELECT * FROM `hd_wk` WHERE ( (`area` LIKE 'like' OR `area` LIKE '%%') ) AND ( (`price` LIKE 'like' OR `price` LIKE '%%') ) AND ( (`keyword` LIKE 'like' OR `keyword` LIKE '%%') ) AND ( (`mianji` LIKE 'like' OR `mianji` LIKE '%%') ) AND ( (`title` LIKE 'like' OR `title` LIKE '%万科%') )  [ RunTime:0.048005s ]

[ 2016-12-02T15:43:03+08:00 ] ::1 /52php/api/
info: {"area":0,"price":0,"huxin":0,"mianji":0}
[ 2016-12-02T15:43:03+08:00 ] ::1 /52php/api/
INFO: [ app_begin ] --START--
INFO: Run Behavior\ReadHtmlCache [ RunTime:0.001000s ]
INFO: [ app_begin ] --END-- [ RunTime:0.005001s ]
NOTIC: [8192] mysql_connect(): The mysql extension is deprecated and will be removed in the future: use mysqli or PDO instead D:\wamp\www\52php\api\ThinkPHP\Library\Think\Db\Driver\Mysql.class.php 第 52 行.
SQL: SHOW COLUMNS FROM `hd_wk` [ RunTime:0.048005s ]
SQL: SELECT * FROM `hd_wk` WHERE ( (`area` LIKE 'like' OR `area` LIKE '%%') ) AND ( (`price` LIKE 'like' OR `price` LIKE '%%') ) AND ( (`keyword` LIKE 'like' OR `keyword` LIKE '%%') ) AND ( (`mianji` LIKE 'like' OR `mianji` LIKE '%%') ) AND ( (`title` LIKE 'like' OR `title` LIKE '%万科%') )  [ RunTime:0.048005s ]

[ 2016-12-02T15:43:08+08:00 ] ::1 /52php/api/
info: {"area":0,"price":0,"huxin":0,"mianji":0}
[ 2016-12-02T15:43:08+08:00 ] ::1 /52php/api/
INFO: [ app_begin ] --START--
INFO: Run Behavior\ReadHtmlCache [ RunTime:0.000000s ]
INFO: [ app_begin ] --END-- [ RunTime:0.002000s ]
NOTIC: [8192] mysql_connect(): The mysql extension is deprecated and will be removed in the future: use mysqli or PDO instead D:\wamp\www\52php\api\ThinkPHP\Library\Think\Db\Driver\Mysql.class.php 第 52 行.
SQL: SHOW COLUMNS FROM `hd_wk` [ RunTime:0.052005s ]
SQL: SELECT * FROM `hd_wk` WHERE ( (`area` LIKE 'like' OR `area` LIKE '%%') ) AND ( (`price` LIKE 'like' OR `price` LIKE '%%') ) AND ( (`keyword` LIKE 'like' OR `keyword` LIKE '%%') ) AND ( (`mianji` LIKE 'like' OR `mianji` LIKE '%%') ) AND ( (`title` LIKE 'like' OR `title` LIKE '%万科%') )  [ RunTime:0.053005s ]

[ 2016-12-02T15:43:17+08:00 ] ::1 /52php/api/
info: {"area":0,"price":0,"huxin":0,"mianji":0}
[ 2016-12-02T15:43:18+08:00 ] ::1 /52php/api/
INFO: [ app_begin ] --START--
INFO: Run Behavior\ReadHtmlCache [ RunTime:0.001000s ]
INFO: [ app_begin ] --END-- [ RunTime:0.002000s ]
NOTIC: [8192] mysql_connect(): The mysql extension is deprecated and will be removed in the future: use mysqli or PDO instead D:\wamp\www\52php\api\ThinkPHP\Library\Think\Db\Driver\Mysql.class.php 第 52 行.
SQL: SHOW COLUMNS FROM `hd_wk` [ RunTime:0.053005s ]
SQL: SELECT * FROM `hd_wk` WHERE ( (`area` LIKE 'like' OR `area` LIKE '%%') ) AND ( (`price` LIKE 'like' OR `price` LIKE '%%') ) AND ( (`keyword` LIKE 'like' OR `keyword` LIKE '%%') ) AND ( (`mianji` LIKE 'like' OR `mianji` LIKE '%%') ) AND ( (`title` LIKE 'like' OR `title` LIKE '%万科%') )  [ RunTime:0.053006s ]

[ 2016-12-02T15:43:18+08:00 ] ::1 /52php/api/
info: {"area":0,"price":0,"huxin":0,"mianji":0}
[ 2016-12-02T15:43:18+08:00 ] ::1 /52php/api/
INFO: [ app_begin ] --START--
INFO: Run Behavior\ReadHtmlCache [ RunTime:0.001001s ]
INFO: [ app_begin ] --END-- [ RunTime:0.001001s ]
NOTIC: [8192] mysql_connect(): The mysql extension is deprecated and will be removed in the future: use mysqli or PDO instead D:\wamp\www\52php\api\ThinkPHP\Library\Think\Db\Driver\Mysql.class.php 第 52 行.
SQL: SHOW COLUMNS FROM `hd_wk` [ RunTime:0.053006s ]
SQL: SELECT * FROM `hd_wk` WHERE ( (`area` LIKE 'like' OR `area` LIKE '%%') ) AND ( (`price` LIKE 'like' OR `price` LIKE '%%') ) AND ( (`keyword` LIKE 'like' OR `keyword` LIKE '%%') ) AND ( (`mianji` LIKE 'like' OR `mianji` LIKE '%%') ) AND ( (`title` LIKE 'like' OR `title` LIKE '%万科%') )  [ RunTime:0.053005s ]

[ 2016-12-02T15:43:24+08:00 ] ::1 /52php/api/
info: {"area":0,"price":0,"huxin":0,"mianji":0}
[ 2016-12-02T15:43:25+08:00 ] ::1 /52php/api/
INFO: [ app_begin ] --START--
INFO: Run Behavior\ReadHtmlCache [ RunTime:0.000000s ]
INFO: [ app_begin ] --END-- [ RunTime:0.001000s ]
NOTIC: [8192] mysql_connect(): The mysql extension is deprecated and will be removed in the future: use mysqli or PDO instead D:\wamp\www\52php\api\ThinkPHP\Library\Think\Db\Driver\Mysql.class.php 第 52 行.
SQL: SHOW COLUMNS FROM `hd_wk` [ RunTime:0.048005s ]
SQL: SELECT * FROM `hd_wk` WHERE ( (`area` LIKE 'like' OR `area` LIKE '%%') ) AND ( (`price` LIKE 'like' OR `price` LIKE '%%') ) AND ( (`keyword` LIKE 'like' OR `keyword` LIKE '%%') ) AND ( (`mianji` LIKE 'like' OR `mianji` LIKE '%%') ) AND ( (`title` LIKE 'like' OR `title` LIKE '%万科%') )  [ RunTime:0.048005s ]

[ 2016-12-02T15:45:56+08:00 ] ::1 /52php/api/
info: {"area":0,"price":0,"huxin":0,"mianji":0}
[ 2016-12-02T15:45:57+08:00 ] ::1 /52php/api/
INFO: [ app_begin ] --START--
INFO: Run Behavior\ReadHtmlCache [ RunTime:0.000000s ]
INFO: [ app_begin ] --END-- [ RunTime:0.001999s ]
NOTIC: [8192] mysql_connect(): The mysql extension is deprecated and will be removed in the future: use mysqli or PDO instead D:\wamp\www\52php\api\ThinkPHP\Library\Think\Db\Driver\Mysql.class.php 第 52 行.
SQL: SHOW COLUMNS FROM `hd_wk` [ RunTime:0.054972s ]
SQL: SELECT * FROM `hd_wk` WHERE ( (`area` LIKE 'like' OR `area` LIKE '%%') ) AND ( (`price` LIKE 'like' OR `price` LIKE '%%') ) AND ( (`keyword` LIKE 'like' OR `keyword` LIKE '%%') ) AND ( (`mianji` LIKE 'like' OR `mianji` LIKE '%%') ) AND ( (`title` LIKE 'like' OR `title` LIKE '%万科%') )  [ RunTime:0.055972s ]

[ 2016-12-02T16:01:59+08:00 ] ::1 /52php/api/
info: {"area":0,"price":0,"huxin":0,"mianji":0}
[ 2016-12-02T16:02:00+08:00 ] ::1 /52php/api/
INFO: [ app_begin ] --START--
INFO: Run Behavior\ReadHtmlCache [ RunTime:0.001000s ]
INFO: [ app_begin ] --END-- [ RunTime:0.001000s ]
NOTIC: [8192] mysql_connect(): The mysql extension is deprecated and will be removed in the future: use mysqli or PDO instead D:\wamp\www\52php\api\ThinkPHP\Library\Think\Db\Driver\Mysql.class.php 第 52 行.
SQL: SHOW COLUMNS FROM `hd_wk` [ RunTime:0.053000s ]
SQL: SELECT * FROM `hd_wk` WHERE ( (`area` LIKE 'like' OR `area` LIKE '%%') ) AND ( (`price` LIKE 'like' OR `price` LIKE '%%') ) AND ( (`keyword` LIKE 'like' OR `keyword` LIKE '%%') ) AND ( (`mianji` LIKE 'like' OR `mianji` LIKE '%%') ) AND ( (`title` LIKE 'like' OR `title` LIKE '%万科%') )  [ RunTime:0.053000s ]

[ 2016-12-02T16:02:06+08:00 ] ::1 /52php/api/
info: {"area":"2","price":0,"huxin":0,"mianji":0}
[ 2016-12-02T16:02:06+08:00 ] ::1 /52php/api/
INFO: [ app_begin ] --START--
INFO: Run Behavior\ReadHtmlCache [ RunTime:0.000000s ]
INFO: [ app_begin ] --END-- [ RunTime:0.001000s ]
NOTIC: [8192] mysql_connect(): The mysql extension is deprecated and will be removed in the future: use mysqli or PDO instead D:\wamp\www\52php\api\ThinkPHP\Library\Think\Db\Driver\Mysql.class.php 第 52 行.
SQL: SHOW COLUMNS FROM `hd_wk` [ RunTime:0.052000s ]
SQL: SELECT * FROM `hd_wk` WHERE ( (`area` LIKE 'like' OR `area` LIKE '%南沙区%') ) AND ( (`price` LIKE 'like' OR `price` LIKE '%%') ) AND ( (`keyword` LIKE 'like' OR `keyword` LIKE '%%') ) AND ( (`mianji` LIKE 'like' OR `mianji` LIKE '%%') ) AND ( (`title` LIKE 'like' OR `title` LIKE '%万科%') )  [ RunTime:0.052000s ]

[ 2016-12-02T16:16:36+08:00 ] ::1 /52php/api/
info: {"area":0,"price":0,"huxin":0,"mianji":0}
[ 2016-12-02T16:16:37+08:00 ] ::1 /52php/api/
INFO: [ app_begin ] --START--
INFO: Run Behavior\ReadHtmlCache [ RunTime:0.000000s ]
INFO: [ app_begin ] --END-- [ RunTime:0.002000s ]
NOTIC: [8192] mysql_connect(): The mysql extension is deprecated and will be removed in the future: use mysqli or PDO instead D:\wamp\www\52php\api\ThinkPHP\Library\Think\Db\Driver\Mysql.class.php 第 52 行.
SQL: SHOW COLUMNS FROM `hd_wk` [ RunTime:0.051005s ]
SQL: SELECT * FROM `hd_wk` WHERE ( (`area` LIKE 'like' OR `area` LIKE '%%') ) AND ( (`price` LIKE 'like' OR `price` LIKE '%%') ) AND ( (`keyword` LIKE 'like' OR `keyword` LIKE '%%') ) AND ( (`mianji` LIKE 'like' OR `mianji` LIKE '%%') ) AND ( (`title` LIKE 'like' OR `title` LIKE '%万科%') )  [ RunTime:0.052005s ]

[ 2016-12-02T16:16:49+08:00 ] ::1 /52php/api/
info: {"area":0,"price":0,"huxin":0,"mianji":0}
[ 2016-12-02T16:16:50+08:00 ] ::1 /52php/api/
INFO: [ app_begin ] --START--
INFO: Run Behavior\ReadHtmlCache [ RunTime:0.000000s ]
INFO: [ app_begin ] --END-- [ RunTime:0.001000s ]
NOTIC: [8192] mysql_connect(): The mysql extension is deprecated and will be removed in the future: use mysqli or PDO instead D:\wamp\www\52php\api\ThinkPHP\Library\Think\Db\Driver\Mysql.class.php 第 52 行.
SQL: SHOW COLUMNS FROM `hd_wk` [ RunTime:0.052005s ]
SQL: SELECT * FROM `hd_wk` WHERE ( (`area` LIKE 'like' OR `area` LIKE '%%') ) AND ( (`price` LIKE 'like' OR `price` LIKE '%%') ) AND ( (`keyword` LIKE 'like' OR `keyword` LIKE '%%') ) AND ( (`mianji` LIKE 'like' OR `mianji` LIKE '%%') ) AND ( (`title` LIKE 'like' OR `title` LIKE '%万科%') )  [ RunTime:0.053005s ]

[ 2016-12-02T16:17:05+08:00 ] ::1 /52php/api/
info: {"area":0,"price":0,"huxin":0,"mianji":0}
[ 2016-12-02T16:17:05+08:00 ] ::1 /52php/api/
INFO: [ app_begin ] --START--
INFO: Run Behavior\ReadHtmlCache [ RunTime:0.000000s ]
INFO: [ app_begin ] --END-- [ RunTime:0.001000s ]
NOTIC: [8192] mysql_connect(): The mysql extension is deprecated and will be removed in the future: use mysqli or PDO instead D:\wamp\www\52php\api\ThinkPHP\Library\Think\Db\Driver\Mysql.class.php 第 52 行.
SQL: SHOW COLUMNS FROM `hd_wk` [ RunTime:0.051005s ]
SQL: SELECT * FROM `hd_wk` WHERE ( (`area` LIKE 'like' OR `area` LIKE '%%') ) AND ( (`price` LIKE 'like' OR `price` LIKE '%%') ) AND ( (`keyword` LIKE 'like' OR `keyword` LIKE '%%') ) AND ( (`mianji` LIKE 'like' OR `mianji` LIKE '%%') ) AND ( (`title` LIKE 'like' OR `title` LIKE '%万科%') )  [ RunTime:0.053005s ]

[ 2016-12-02T16:17:14+08:00 ] ::1 /52php/api/
info: {"area":0,"price":0,"huxin":0,"mianji":0}
[ 2016-12-02T16:17:14+08:00 ] ::1 /52php/api/
INFO: [ app_begin ] --START--
INFO: Run Behavior\ReadHtmlCache [ RunTime:0.001000s ]
INFO: [ app_begin ] --END-- [ RunTime:0.001000s ]
NOTIC: [8192] mysql_connect(): The mysql extension is deprecated and will be removed in the future: use mysqli or PDO instead D:\wamp\www\52php\api\ThinkPHP\Library\Think\Db\Driver\Mysql.class.php 第 52 行.
SQL: SHOW COLUMNS FROM `hd_wk` [ RunTime:0.056006s ]
SQL: SELECT * FROM `hd_wk` WHERE ( (`area` LIKE 'like' OR `area` LIKE '%%') ) AND ( (`price` LIKE 'like' OR `price` LIKE '%%') ) AND ( (`keyword` LIKE 'like' OR `keyword` LIKE '%%') ) AND ( (`mianji` LIKE 'like' OR `mianji` LIKE '%%') ) AND ( (`title` LIKE 'like' OR `title` LIKE '%万科%') )  [ RunTime:0.058006s ]

[ 2016-12-02T16:18:28+08:00 ] ::1 /52php/api/
info: {"area":0,"price":0,"huxin":0,"mianji":0}
[ 2016-12-02T16:18:29+08:00 ] ::1 /52php/api/
INFO: [ app_begin ] --START--
INFO: Run Behavior\ReadHtmlCache [ RunTime:0.000000s ]
INFO: [ app_begin ] --END-- [ RunTime:0.001000s ]
NOTIC: [8192] mysql_connect(): The mysql extension is deprecated and will be removed in the future: use mysqli or PDO instead D:\wamp\www\52php\api\ThinkPHP\Library\Think\Db\Driver\Mysql.class.php 第 52 行.
SQL: SHOW COLUMNS FROM `hd_wk` [ RunTime:0.046005s ]
SQL: SELECT * FROM `hd_wk` WHERE ( (`area` LIKE 'like' OR `area` LIKE '%%') ) AND ( (`price` LIKE 'like' OR `price` LIKE '%%') ) AND ( (`keyword` LIKE 'like' OR `keyword` LIKE '%%') ) AND ( (`mianji` LIKE 'like' OR `mianji` LIKE '%%') ) AND ( (`title` LIKE 'like' OR `title` LIKE '%万科%') )  [ RunTime:0.048005s ]

[ 2016-12-02T16:18:47+08:00 ] ::1 /52php/api/
info: {"area":0,"price":0,"huxin":0,"mianji":0}
[ 2016-12-02T16:18:48+08:00 ] ::1 /52php/api/
INFO: [ app_begin ] --START--
INFO: Run Behavior\ReadHtmlCache [ RunTime:0.000000s ]
INFO: [ app_begin ] --END-- [ RunTime:0.001000s ]
NOTIC: [8192] mysql_connect(): The mysql extension is deprecated and will be removed in the future: use mysqli or PDO instead D:\wamp\www\52php\api\ThinkPHP\Library\Think\Db\Driver\Mysql.class.php 第 52 行.
SQL: SHOW COLUMNS FROM `hd_wk` [ RunTime:0.048005s ]
SQL: SELECT * FROM `hd_wk` WHERE ( (`area` LIKE 'like' OR `area` LIKE '%%') ) AND ( (`price` LIKE 'like' OR `price` LIKE '%%') ) AND ( (`keyword` LIKE 'like' OR `keyword` LIKE '%%') ) AND ( (`mianji` LIKE 'like' OR `mianji` LIKE '%%') ) AND ( (`title` LIKE 'like' OR `title` LIKE '%万科%') )  [ RunTime:0.049005s ]

[ 2016-12-02T16:31:31+08:00 ] ::1 /52php/api/
info: {"area":0,"price":0,"huxin":0,"mianji":0}
[ 2016-12-02T16:31:31+08:00 ] ::1 /52php/api/
INFO: [ app_begin ] --START--
INFO: Run Behavior\ReadHtmlCache [ RunTime:0.001001s ]
INFO: [ app_begin ] --END-- [ RunTime:0.001001s ]
NOTIC: [8192] mysql_connect(): The mysql extension is deprecated and will be removed in the future: use mysqli or PDO instead D:\wamp\www\52php\api\ThinkPHP\Library\Think\Db\Driver\Mysql.class.php 第 52 行.
SQL: SHOW COLUMNS FROM `hd_wk` [ RunTime:0.065007s ]
SQL: SELECT * FROM `hd_wk` WHERE ( (`area` LIKE 'like' OR `area` LIKE '%%') ) AND ( (`price` LIKE 'like' OR `price` LIKE '%%') ) AND ( (`keyword` LIKE 'like' OR `keyword` LIKE '%%') ) AND ( (`mianji` LIKE 'like' OR `mianji` LIKE '%%') ) AND ( (`title` LIKE 'like' OR `title` LIKE '%万科%') )  [ RunTime:0.054005s ]

[ 2016-12-02T16:31:45+08:00 ] ::1 /52php/api/
info: {"area":0,"price":0,"huxin":0,"mianji":0}
[ 2016-12-02T16:31:46+08:00 ] ::1 /52php/api/
info: {"area":0,"price":0,"huxin":0,"mianji":0}
[ 2016-12-02T16:31:46+08:00 ] ::1 /52php/api/
INFO: [ app_begin ] --START--
INFO: Run Behavior\ReadHtmlCache [ RunTime:0.000000s ]
INFO: [ app_begin ] --END-- [ RunTime:0.001000s ]
NOTIC: [8192] mysql_connect(): The mysql extension is deprecated and will be removed in the future: use mysqli or PDO instead D:\wamp\www\52php\api\ThinkPHP\Library\Think\Db\Driver\Mysql.class.php 第 52 行.
SQL: SHOW COLUMNS FROM `hd_wk` [ RunTime:0.047004s ]
SQL: SELECT * FROM `hd_wk` WHERE ( (`area` LIKE 'like' OR `area` LIKE '%%') ) AND ( (`price` LIKE 'like' OR `price` LIKE '%%') ) AND ( (`keyword` LIKE 'like' OR `keyword` LIKE '%%') ) AND ( (`mianji` LIKE 'like' OR `mianji` LIKE '%%') ) AND ( (`title` LIKE 'like' OR `title` LIKE '%万科%') )  [ RunTime:0.048005s ]

[ 2016-12-02T16:31:46+08:00 ] ::1 /52php/api/
INFO: [ app_begin ] --START--
INFO: Run Behavior\ReadHtmlCache [ RunTime:0.001000s ]
INFO: [ app_begin ] --END-- [ RunTime:0.001000s ]
NOTIC: [8192] mysql_connect(): The mysql extension is deprecated and will be removed in the future: use mysqli or PDO instead D:\wamp\www\52php\api\ThinkPHP\Library\Think\Db\Driver\Mysql.class.php 第 52 行.
SQL: SHOW COLUMNS FROM `hd_wk` [ RunTime:0.048005s ]
SQL: SELECT * FROM `hd_wk` WHERE ( (`area` LIKE 'like' OR `area` LIKE '%%') ) AND ( (`price` LIKE 'like' OR `price` LIKE '%%') ) AND ( (`keyword` LIKE 'like' OR `keyword` LIKE '%%') ) AND ( (`mianji` LIKE 'like' OR `mianji` LIKE '%%') ) AND ( (`title` LIKE 'like' OR `title` LIKE '%万科%') )  [ RunTime:0.048005s ]

[ 2016-12-02T16:32:22+08:00 ] ::1 /52php/api/
info: {"area":"2","price":0,"huxin":0,"mianji":0}
[ 2016-12-02T16:32:23+08:00 ] ::1 /52php/api/
INFO: [ app_begin ] --START--
INFO: Run Behavior\ReadHtmlCache [ RunTime:0.001000s ]
INFO: [ app_begin ] --END-- [ RunTime:0.001000s ]
NOTIC: [8192] mysql_connect(): The mysql extension is deprecated and will be removed in the future: use mysqli or PDO instead D:\wamp\www\52php\api\ThinkPHP\Library\Think\Db\Driver\Mysql.class.php 第 52 行.
SQL: SHOW COLUMNS FROM `hd_wk` [ RunTime:0.053006s ]
SQL: SELECT * FROM `hd_wk` WHERE ( (`area` LIKE 'like' OR `area` LIKE '%南沙区%') ) AND ( (`price` LIKE 'like' OR `price` LIKE '%%') ) AND ( (`keyword` LIKE 'like' OR `keyword` LIKE '%%') ) AND ( (`mianji` LIKE 'like' OR `mianji` LIKE '%%') ) AND ( (`title` LIKE 'like' OR `title` LIKE '%万科%') )  [ RunTime:0.052005s ]

[ 2016-12-02T16:34:59+08:00 ] ::1 /52php/api/
info: {"area":0,"price":0,"huxin":0,"mianji":0}
[ 2016-12-02T16:34:59+08:00 ] ::1 /52php/api/
INFO: [ app_begin ] --START--
INFO: Run Behavior\ReadHtmlCache [ RunTime:0.000000s ]
INFO: [ app_begin ] --END-- [ RunTime:0.002001s ]
NOTIC: [8192] mysql_connect(): The mysql extension is deprecated and will be removed in the future: use mysqli or PDO instead D:\wamp\www\52php\api\ThinkPHP\Library\Think\Db\Driver\Mysql.class.php 第 52 行.
SQL: SHOW COLUMNS FROM `hd_wk` [ RunTime:0.054006s ]
SQL: SELECT * FROM `hd_wk` WHERE ( (`area` LIKE 'like' OR `area` LIKE '%%') ) AND ( (`price` LIKE 'like' OR `price` LIKE '%%') ) AND ( (`keyword` LIKE 'like' OR `keyword` LIKE '%%') ) AND ( (`mianji` LIKE 'like' OR `mianji` LIKE '%%') ) AND ( (`title` LIKE 'like' OR `title` LIKE '%万科%') )  [ RunTime:0.053005s ]

[ 2016-12-02T16:35:08+08:00 ] ::1 /52php/api/
info: {"area":0,"price":0,"huxin":0,"mianji":0}
[ 2016-12-02T16:35:08+08:00 ] ::1 /52php/api/
INFO: [ app_begin ] --START--
INFO: Run Behavior\ReadHtmlCache [ RunTime:0.001000s ]
INFO: [ app_begin ] --END-- [ RunTime:0.001000s ]
NOTIC: [8192] mysql_connect(): The mysql extension is deprecated and will be removed in the future: use mysqli or PDO instead D:\wamp\www\52php\api\ThinkPHP\Library\Think\Db\Driver\Mysql.class.php 第 52 行.
SQL: SHOW COLUMNS FROM `hd_wk` [ RunTime:0.048004s ]
SQL: SELECT * FROM `hd_wk` WHERE ( (`area` LIKE 'like' OR `area` LIKE '%%') ) AND ( (`price` LIKE 'like' OR `price` LIKE '%%') ) AND ( (`keyword` LIKE 'like' OR `keyword` LIKE '%%') ) AND ( (`mianji` LIKE 'like' OR `mianji` LIKE '%%') ) AND ( (`title` LIKE 'like' OR `title` LIKE '%万科%') )  [ RunTime:0.048004s ]

[ 2016-12-02T16:35:12+08:00 ] ::1 /52php/api/
info: {"area":0,"price":0,"huxin":0,"mianji":0}
[ 2016-12-02T16:35:12+08:00 ] ::1 /52php/api/
INFO: [ app_begin ] --START--
INFO: Run Behavior\ReadHtmlCache [ RunTime:0.001000s ]
INFO: [ app_begin ] --END-- [ RunTime:0.001000s ]
NOTIC: [8192] mysql_connect(): The mysql extension is deprecated and will be removed in the future: use mysqli or PDO instead D:\wamp\www\52php\api\ThinkPHP\Library\Think\Db\Driver\Mysql.class.php 第 52 行.
SQL: SHOW COLUMNS FROM `hd_wk` [ RunTime:0.052005s ]
SQL: SELECT * FROM `hd_wk` WHERE ( (`area` LIKE 'like' OR `area` LIKE '%%') ) AND ( (`price` LIKE 'like' OR `price` LIKE '%%') ) AND ( (`keyword` LIKE 'like' OR `keyword` LIKE '%%') ) AND ( (`mianji` LIKE 'like' OR `mianji` LIKE '%%') ) AND ( (`title` LIKE 'like' OR `title` LIKE '%万科%') )  [ RunTime:0.050005s ]

[ 2016-12-02T16:35:34+08:00 ] ::1 /52php/api/
info: {"area":0,"price":0,"huxin":0,"mianji":0}
[ 2016-12-02T16:35:35+08:00 ] ::1 /52php/api/
INFO: [ app_begin ] --START--
INFO: Run Behavior\ReadHtmlCache [ RunTime:0.001000s ]
INFO: [ app_begin ] --END-- [ RunTime:0.001000s ]
NOTIC: [8192] mysql_connect(): The mysql extension is deprecated and will be removed in the future: use mysqli or PDO instead D:\wamp\www\52php\api\ThinkPHP\Library\Think\Db\Driver\Mysql.class.php 第 52 行.
SQL: SHOW COLUMNS FROM `hd_wk` [ RunTime:0.047004s ]
SQL: SELECT * FROM `hd_wk` WHERE ( (`area` LIKE 'like' OR `area` LIKE '%%') ) AND ( (`price` LIKE 'like' OR `price` LIKE '%%') ) AND ( (`keyword` LIKE 'like' OR `keyword` LIKE '%%') ) AND ( (`mianji` LIKE 'like' OR `mianji` LIKE '%%') ) AND ( (`title` LIKE 'like' OR `title` LIKE '%万科%') )  [ RunTime:0.048005s ]

[ 2016-12-02T16:35:39+08:00 ] ::1 /52php/api/
info: {"area":0,"price":0,"huxin":0,"mianji":0}
[ 2016-12-02T16:35:39+08:00 ] ::1 /52php/api/
INFO: [ app_begin ] --START--
INFO: Run Behavior\ReadHtmlCache [ RunTime:0.000000s ]
INFO: [ app_begin ] --END-- [ RunTime:0.001000s ]
NOTIC: [8192] mysql_connect(): The mysql extension is deprecated and will be removed in the future: use mysqli or PDO instead D:\wamp\www\52php\api\ThinkPHP\Library\Think\Db\Driver\Mysql.class.php 第 52 行.
SQL: SHOW COLUMNS FROM `hd_wk` [ RunTime:0.055005s ]
SQL: SELECT * FROM `hd_wk` WHERE ( (`area` LIKE 'like' OR `area` LIKE '%%') ) AND ( (`price` LIKE 'like' OR `price` LIKE '%%') ) AND ( (`keyword` LIKE 'like' OR `keyword` LIKE '%%') ) AND ( (`mianji` LIKE 'like' OR `mianji` LIKE '%%') ) AND ( (`title` LIKE 'like' OR `title` LIKE '%万科%') )  [ RunTime:0.051006s ]

[ 2016-12-02T16:35:49+08:00 ] ::1 /52php/api/
info: {"area":0,"price":0,"huxin":0,"mianji":0}
[ 2016-12-02T16:35:49+08:00 ] ::1 /52php/api/
INFO: [ app_begin ] --START--
INFO: Run Behavior\ReadHtmlCache [ RunTime:0.001001s ]
INFO: [ app_begin ] --END-- [ RunTime:0.001001s ]
NOTIC: [8192] mysql_connect(): The mysql extension is deprecated and will be removed in the future: use mysqli or PDO instead D:\wamp\www\52php\api\ThinkPHP\Library\Think\Db\Driver\Mysql.class.php 第 52 行.
SQL: SHOW COLUMNS FROM `hd_wk` [ RunTime:0.051006s ]
SQL: SELECT * FROM `hd_wk` WHERE ( (`area` LIKE 'like' OR `area` LIKE '%%') ) AND ( (`price` LIKE 'like' OR `price` LIKE '%%') ) AND ( (`keyword` LIKE 'like' OR `keyword` LIKE '%%') ) AND ( (`mianji` LIKE 'like' OR `mianji` LIKE '%%') ) AND ( (`title` LIKE 'like' OR `title` LIKE '%万科%') )  [ RunTime:0.056005s ]

[ 2016-12-02T16:36:34+08:00 ] ::1 /52php/api/
info: {"area":0,"price":0,"huxin":0,"mianji":0}
[ 2016-12-02T16:36:34+08:00 ] ::1 /52php/api/
INFO: [ app_begin ] --START--
INFO: Run Behavior\ReadHtmlCache [ RunTime:0.001000s ]
INFO: [ app_begin ] --END-- [ RunTime:0.001000s ]
NOTIC: [8192] mysql_connect(): The mysql extension is deprecated and will be removed in the future: use mysqli or PDO instead D:\wamp\www\52php\api\ThinkPHP\Library\Think\Db\Driver\Mysql.class.php 第 52 行.
SQL: SHOW COLUMNS FROM `hd_wk` [ RunTime:0.060006s ]
SQL: SELECT * FROM `hd_wk` WHERE ( (`area` LIKE 'like' OR `area` LIKE '%%') ) AND ( (`price` LIKE 'like' OR `price` LIKE '%%') ) AND ( (`keyword` LIKE 'like' OR `keyword` LIKE '%%') ) AND ( (`mianji` LIKE 'like' OR `mianji` LIKE '%%') ) AND ( (`title` LIKE 'like' OR `title` LIKE '%万科%') )  [ RunTime:0.062006s ]

[ 2016-12-02T16:36:39+08:00 ] ::1 /52php/api/
info: {"area":0,"price":0,"huxin":0,"mianji":0}
[ 2016-12-02T16:36:39+08:00 ] ::1 /52php/api/
INFO: [ app_begin ] --START--
INFO: Run Behavior\ReadHtmlCache [ RunTime:0.001000s ]
INFO: [ app_begin ] --END-- [ RunTime:0.001000s ]
NOTIC: [8192] mysql_connect(): The mysql extension is deprecated and will be removed in the future: use mysqli or PDO instead D:\wamp\www\52php\api\ThinkPHP\Library\Think\Db\Driver\Mysql.class.php 第 52 行.
SQL: SHOW COLUMNS FROM `hd_wk` [ RunTime:0.056006s ]
SQL: SELECT * FROM `hd_wk` WHERE ( (`area` LIKE 'like' OR `area` LIKE '%%') ) AND ( (`price` LIKE 'like' OR `price` LIKE '%%') ) AND ( (`keyword` LIKE 'like' OR `keyword` LIKE '%%') ) AND ( (`mianji` LIKE 'like' OR `mianji` LIKE '%%') ) AND ( (`title` LIKE 'like' OR `title` LIKE '%万科%') )  [ RunTime:0.056006s ]

[ 2016-12-02T16:37:06+08:00 ] ::1 /52php/api/
info: {"area":0,"price":0,"huxin":0,"mianji":0}
[ 2016-12-02T16:37:06+08:00 ] ::1 /52php/api/
INFO: [ app_begin ] --START--
INFO: Run Behavior\ReadHtmlCache [ RunTime:0.000000s ]
INFO: [ app_begin ] --END-- [ RunTime:0.002000s ]
NOTIC: [8192] mysql_connect(): The mysql extension is deprecated and will be removed in the future: use mysqli or PDO instead D:\wamp\www\52php\api\ThinkPHP\Library\Think\Db\Driver\Mysql.class.php 第 52 行.
SQL: SHOW COLUMNS FROM `hd_wk` [ RunTime:0.049005s ]
SQL: SELECT * FROM `hd_wk` WHERE ( (`area` LIKE 'like' OR `area` LIKE '%%') ) AND ( (`price` LIKE 'like' OR `price` LIKE '%%') ) AND ( (`keyword` LIKE 'like' OR `keyword` LIKE '%%') ) AND ( (`mianji` LIKE 'like' OR `mianji` LIKE '%%') ) AND ( (`title` LIKE 'like' OR `title` LIKE '%万科%') )  [ RunTime:0.055005s ]

[ 2016-12-02T16:37:14+08:00 ] ::1 /52php/api/
info: {"area":0,"price":0,"huxin":0,"mianji":0}
[ 2016-12-02T16:37:14+08:00 ] ::1 /52php/api/
INFO: [ app_begin ] --START--
INFO: Run Behavior\ReadHtmlCache [ RunTime:0.001000s ]
INFO: [ app_begin ] --END-- [ RunTime:0.002000s ]
NOTIC: [8192] mysql_connect(): The mysql extension is deprecated and will be removed in the future: use mysqli or PDO instead D:\wamp\www\52php\api\ThinkPHP\Library\Think\Db\Driver\Mysql.class.php 第 52 行.
SQL: SHOW COLUMNS FROM `hd_wk` [ RunTime:0.048005s ]
SQL: SELECT * FROM `hd_wk` WHERE ( (`area` LIKE 'like' OR `area` LIKE '%%') ) AND ( (`price` LIKE 'like' OR `price` LIKE '%%') ) AND ( (`keyword` LIKE 'like' OR `keyword` LIKE '%%') ) AND ( (`mianji` LIKE 'like' OR `mianji` LIKE '%%') ) AND ( (`title` LIKE 'like' OR `title` LIKE '%万科%') )  [ RunTime:0.088009s ]

[ 2016-12-02T16:37:37+08:00 ] ::1 /52php/api/
info: {"area":0,"price":0,"huxin":0,"mianji":0}
[ 2016-12-02T16:37:38+08:00 ] ::1 /52php/api/
INFO: [ app_begin ] --START--
INFO: Run Behavior\ReadHtmlCache [ RunTime:0.000000s ]
INFO: [ app_begin ] --END-- [ RunTime:0.002000s ]
NOTIC: [8192] mysql_connect(): The mysql extension is deprecated and will be removed in the future: use mysqli or PDO instead D:\wamp\www\52php\api\ThinkPHP\Library\Think\Db\Driver\Mysql.class.php 第 52 行.
SQL: SHOW COLUMNS FROM `hd_wk` [ RunTime:0.054006s ]
SQL: SELECT * FROM `hd_wk` WHERE ( (`area` LIKE 'like' OR `area` LIKE '%%') ) AND ( (`price` LIKE 'like' OR `price` LIKE '%%') ) AND ( (`keyword` LIKE 'like' OR `keyword` LIKE '%%') ) AND ( (`mianji` LIKE 'like' OR `mianji` LIKE '%%') ) AND ( (`title` LIKE 'like' OR `title` LIKE '%万科%') )  [ RunTime:0.055005s ]

[ 2016-12-02T16:38:02+08:00 ] ::1 /52php/api/
info: {"area":0,"price":0,"huxin":0,"mianji":0}
[ 2016-12-02T16:38:03+08:00 ] ::1 /52php/api/
INFO: [ app_begin ] --START--
INFO: Run Behavior\ReadHtmlCache [ RunTime:0.001000s ]
INFO: [ app_begin ] --END-- [ RunTime:0.002000s ]
NOTIC: [8192] mysql_connect(): The mysql extension is deprecated and will be removed in the future: use mysqli or PDO instead D:\wamp\www\52php\api\ThinkPHP\Library\Think\Db\Driver\Mysql.class.php 第 52 行.
SQL: SHOW COLUMNS FROM `hd_wk` [ RunTime:0.317032s ]
SQL: SELECT * FROM `hd_wk` WHERE ( (`area` LIKE 'like' OR `area` LIKE '%%') ) AND ( (`price` LIKE 'like' OR `price` LIKE '%%') ) AND ( (`keyword` LIKE 'like' OR `keyword` LIKE '%%') ) AND ( (`mianji` LIKE 'like' OR `mianji` LIKE '%%') ) AND ( (`title` LIKE 'like' OR `title` LIKE '%万科%') )  [ RunTime:0.059006s ]

[ 2016-12-02T16:38:38+08:00 ] ::1 /52php/api/
info: {"area":0,"price":0,"huxin":0,"mianji":0}
[ 2016-12-02T16:38:38+08:00 ] ::1 /52php/api/
INFO: [ app_begin ] --START--
INFO: Run Behavior\ReadHtmlCache [ RunTime:0.001000s ]
INFO: [ app_begin ] --END-- [ RunTime:0.001000s ]
NOTIC: [8192] mysql_connect(): The mysql extension is deprecated and will be removed in the future: use mysqli or PDO instead D:\wamp\www\52php\api\ThinkPHP\Library\Think\Db\Driver\Mysql.class.php 第 52 行.
SQL: SHOW COLUMNS FROM `hd_wk` [ RunTime:0.050005s ]
SQL: SELECT * FROM `hd_wk` WHERE ( (`area` LIKE 'like' OR `area` LIKE '%%') ) AND ( (`price` LIKE 'like' OR `price` LIKE '%%') ) AND ( (`keyword` LIKE 'like' OR `keyword` LIKE '%%') ) AND ( (`mianji` LIKE 'like' OR `mianji` LIKE '%%') ) AND ( (`title` LIKE 'like' OR `title` LIKE '%万科%') )  [ RunTime:0.050005s ]

[ 2016-12-02T16:39:08+08:00 ] ::1 /52php/api/
info: {"area":0,"price":0,"huxin":0,"mianji":0}
[ 2016-12-02T16:39:09+08:00 ] ::1 /52php/api/
INFO: [ app_begin ] --START--
INFO: Run Behavior\ReadHtmlCache [ RunTime:0.001000s ]
INFO: [ app_begin ] --END-- [ RunTime:0.002000s ]
NOTIC: [8192] mysql_connect(): The mysql extension is deprecated and will be removed in the future: use mysqli or PDO instead D:\wamp\www\52php\api\ThinkPHP\Library\Think\Db\Driver\Mysql.class.php 第 52 行.
SQL: SHOW COLUMNS FROM `hd_wk` [ RunTime:0.053005s ]
SQL: SELECT * FROM `hd_wk` WHERE ( (`area` LIKE 'like' OR `area` LIKE '%%') ) AND ( (`price` LIKE 'like' OR `price` LIKE '%%') ) AND ( (`keyword` LIKE 'like' OR `keyword` LIKE '%%') ) AND ( (`mianji` LIKE 'like' OR `mianji` LIKE '%%') ) AND ( (`title` LIKE 'like' OR `title` LIKE '%万科%') )  [ RunTime:0.053005s ]

[ 2016-12-02T16:39:21+08:00 ] ::1 /52php/api/
info: {"area":0,"price":0,"huxin":0,"mianji":0}
[ 2016-12-02T16:39:22+08:00 ] ::1 /52php/api/
INFO: [ app_begin ] --START--
INFO: Run Behavior\ReadHtmlCache [ RunTime:0.000000s ]
INFO: [ app_begin ] --END-- [ RunTime:0.002000s ]
NOTIC: [8192] mysql_connect(): The mysql extension is deprecated and will be removed in the future: use mysqli or PDO instead D:\wamp\www\52php\api\ThinkPHP\Library\Think\Db\Driver\Mysql.class.php 第 52 行.
SQL: SHOW COLUMNS FROM `hd_wk` [ RunTime:0.056006s ]
SQL: SELECT * FROM `hd_wk` WHERE ( (`area` LIKE 'like' OR `area` LIKE '%%') ) AND ( (`price` LIKE 'like' OR `price` LIKE '%%') ) AND ( (`keyword` LIKE 'like' OR `keyword` LIKE '%%') ) AND ( (`mianji` LIKE 'like' OR `mianji` LIKE '%%') ) AND ( (`title` LIKE 'like' OR `title` LIKE '%万科%') )  [ RunTime:0.057005s ]

[ 2016-12-02T16:41:22+08:00 ] ::1 /52php/api/
info: {"area":0,"price":0,"huxin":0,"mianji":0}
[ 2016-12-02T16:41:23+08:00 ] ::1 /52php/api/
INFO: [ app_begin ] --START--
INFO: Run Behavior\ReadHtmlCache [ RunTime:0.022002s ]
INFO: [ app_begin ] --END-- [ RunTime:0.034004s ]
NOTIC: [8192] mysql_connect(): The mysql extension is deprecated and will be removed in the future: use mysqli or PDO instead D:\wamp\www\52php\api\ThinkPHP\Library\Think\Db\Driver\Mysql.class.php 第 52 行.
SQL: SHOW COLUMNS FROM `hd_wk` [ RunTime:0.052006s ]
SQL: SELECT * FROM `hd_wk` WHERE ( (`area` LIKE 'like' OR `area` LIKE '%%') ) AND ( (`price` LIKE 'like' OR `price` LIKE '%%') ) AND ( (`keyword` LIKE 'like' OR `keyword` LIKE '%%') ) AND ( (`mianji` LIKE 'like' OR `mianji` LIKE '%%') ) AND ( (`title` LIKE 'like' OR `title` LIKE '%万科%') )  [ RunTime:0.052005s ]

[ 2016-12-02T16:41:23+08:00 ] ::1 /52php/api/
info: {"area":0,"price":0,"huxin":0,"mianji":0}
[ 2016-12-02T16:41:24+08:00 ] ::1 /52php/api/
INFO: [ app_begin ] --START--
INFO: Run Behavior\ReadHtmlCache [ RunTime:0.001001s ]
INFO: [ app_begin ] --END-- [ RunTime:0.002001s ]
NOTIC: [8192] mysql_connect(): The mysql extension is deprecated and will be removed in the future: use mysqli or PDO instead D:\wamp\www\52php\api\ThinkPHP\Library\Think\Db\Driver\Mysql.class.php 第 52 行.
SQL: SHOW COLUMNS FROM `hd_wk` [ RunTime:0.052006s ]
SQL: SELECT * FROM `hd_wk` WHERE ( (`area` LIKE 'like' OR `area` LIKE '%%') ) AND ( (`price` LIKE 'like' OR `price` LIKE '%%') ) AND ( (`keyword` LIKE 'like' OR `keyword` LIKE '%%') ) AND ( (`mianji` LIKE 'like' OR `mianji` LIKE '%%') ) AND ( (`title` LIKE 'like' OR `title` LIKE '%万科%') )  [ RunTime:0.053005s ]

[ 2016-12-02T16:41:49+08:00 ] ::1 /52php/api/
info: {"area":0,"price":0,"huxin":0,"mianji":0}
[ 2016-12-02T16:41:50+08:00 ] ::1 /52php/api/
INFO: [ app_begin ] --START--
INFO: Run Behavior\ReadHtmlCache [ RunTime:0.000000s ]
INFO: [ app_begin ] --END-- [ RunTime:0.002000s ]
NOTIC: [8192] mysql_connect(): The mysql extension is deprecated and will be removed in the future: use mysqli or PDO instead D:\wamp\www\52php\api\ThinkPHP\Library\Think\Db\Driver\Mysql.class.php 第 52 行.
SQL: SHOW COLUMNS FROM `hd_wk` [ RunTime:0.046005s ]
SQL: SELECT * FROM `hd_wk` WHERE ( (`area` LIKE 'like' OR `area` LIKE '%%') ) AND ( (`price` LIKE 'like' OR `price` LIKE '%%') ) AND ( (`keyword` LIKE 'like' OR `keyword` LIKE '%%') ) AND ( (`mianji` LIKE 'like' OR `mianji` LIKE '%%') ) AND ( (`title` LIKE 'like' OR `title` LIKE '%万科%') )  [ RunTime:0.047005s ]

[ 2016-12-02T16:45:35+08:00 ] ::1 /52php/api/
info: {"area":0,"price":0,"huxin":0,"mianji":0}
[ 2016-12-02T16:45:36+08:00 ] ::1 /52php/api/
INFO: [ app_begin ] --START--
INFO: Run Behavior\ReadHtmlCache [ RunTime:0.000000s ]
INFO: [ app_begin ] --END-- [ RunTime:0.002001s ]
NOTIC: [8192] mysql_connect(): The mysql extension is deprecated and will be removed in the future: use mysqli or PDO instead D:\wamp\www\52php\api\ThinkPHP\Library\Think\Db\Driver\Mysql.class.php 第 52 行.
SQL: SHOW COLUMNS FROM `hd_wk` [ RunTime:0.052005s ]
SQL: SELECT * FROM `hd_wk` WHERE ( (`area` LIKE 'like' OR `area` LIKE '%%') ) AND ( (`price` LIKE 'like' OR `price` LIKE '%%') ) AND ( (`keyword` LIKE 'like' OR `keyword` LIKE '%%') ) AND ( (`mianji` LIKE 'like' OR `mianji` LIKE '%%') ) AND ( (`title` LIKE 'like' OR `title` LIKE '%万科%') )  [ RunTime:0.052005s ]

[ 2016-12-02T16:45:41+08:00 ] ::1 /52php/api/
info: {"area":0,"price":0,"huxin":0,"mianji":0}
[ 2016-12-02T16:45:42+08:00 ] ::1 /52php/api/
INFO: [ app_begin ] --START--
INFO: Run Behavior\ReadHtmlCache [ RunTime:0.001000s ]
INFO: [ app_begin ] --END-- [ RunTime:0.001000s ]
NOTIC: [8192] mysql_connect(): The mysql extension is deprecated and will be removed in the future: use mysqli or PDO instead D:\wamp\www\52php\api\ThinkPHP\Library\Think\Db\Driver\Mysql.class.php 第 52 行.
SQL: SHOW COLUMNS FROM `hd_wk` [ RunTime:0.048005s ]
SQL: SELECT * FROM `hd_wk` WHERE ( (`area` LIKE 'like' OR `area` LIKE '%%') ) AND ( (`price` LIKE 'like' OR `price` LIKE '%%') ) AND ( (`keyword` LIKE 'like' OR `keyword` LIKE '%%') ) AND ( (`mianji` LIKE 'like' OR `mianji` LIKE '%%') ) AND ( (`title` LIKE 'like' OR `title` LIKE '%万科%') )  [ RunTime:0.047005s ]

[ 2016-12-02T16:45:55+08:00 ] ::1 /52php/api/
info: {"area":0,"price":0,"huxin":0,"mianji":0}
[ 2016-12-02T16:45:55+08:00 ] ::1 /52php/api/
INFO: [ app_begin ] --START--
INFO: Run Behavior\ReadHtmlCache [ RunTime:0.001000s ]
INFO: [ app_begin ] --END-- [ RunTime:0.002000s ]
NOTIC: [8192] mysql_connect(): The mysql extension is deprecated and will be removed in the future: use mysqli or PDO instead D:\wamp\www\52php\api\ThinkPHP\Library\Think\Db\Driver\Mysql.class.php 第 52 行.
SQL: SHOW COLUMNS FROM `hd_wk` [ RunTime:0.052005s ]
SQL: SELECT * FROM `hd_wk` WHERE ( (`area` LIKE 'like' OR `area` LIKE '%%') ) AND ( (`price` LIKE 'like' OR `price` LIKE '%%') ) AND ( (`keyword` LIKE 'like' OR `keyword` LIKE '%%') ) AND ( (`mianji` LIKE 'like' OR `mianji` LIKE '%%') ) AND ( (`title` LIKE 'like' OR `title` LIKE '%万科%') )  [ RunTime:0.050005s ]

[ 2016-12-02T16:47:11+08:00 ] ::1 /52php/api/
info: {"area":0,"price":0,"huxin":0,"mianji":0}
[ 2016-12-02T16:47:11+08:00 ] ::1 /52php/api/
INFO: [ app_begin ] --START--
INFO: Run Behavior\ReadHtmlCache [ RunTime:0.001000s ]
INFO: [ app_begin ] --END-- [ RunTime:0.001000s ]
NOTIC: [8192] mysql_connect(): The mysql extension is deprecated and will be removed in the future: use mysqli or PDO instead D:\wamp\www\52php\api\ThinkPHP\Library\Think\Db\Driver\Mysql.class.php 第 52 行.
SQL: SHOW COLUMNS FROM `hd_wk` [ RunTime:0.052005s ]
SQL: SELECT * FROM `hd_wk` WHERE ( (`area` LIKE 'like' OR `area` LIKE '%%') ) AND ( (`price` LIKE 'like' OR `price` LIKE '%%') ) AND ( (`keyword` LIKE 'like' OR `keyword` LIKE '%%') ) AND ( (`mianji` LIKE 'like' OR `mianji` LIKE '%%') ) AND ( (`title` LIKE 'like' OR `title` LIKE '%万科%') )  [ RunTime:0.052005s ]

[ 2016-12-02T16:47:26+08:00 ] ::1 /52php/api/
info: {"area":0,"price":0,"huxin":0,"mianji":0}
[ 2016-12-02T16:47:27+08:00 ] ::1 /52php/api/
INFO: [ app_begin ] --START--
INFO: Run Behavior\ReadHtmlCache [ RunTime:0.000000s ]
INFO: [ app_begin ] --END-- [ RunTime:0.001000s ]
NOTIC: [8192] mysql_connect(): The mysql extension is deprecated and will be removed in the future: use mysqli or PDO instead D:\wamp\www\52php\api\ThinkPHP\Library\Think\Db\Driver\Mysql.class.php 第 52 行.
SQL: SHOW COLUMNS FROM `hd_wk` [ RunTime:0.047005s ]
SQL: SELECT * FROM `hd_wk` WHERE ( (`area` LIKE 'like' OR `area` LIKE '%%') ) AND ( (`price` LIKE 'like' OR `price` LIKE '%%') ) AND ( (`keyword` LIKE 'like' OR `keyword` LIKE '%%') ) AND ( (`mianji` LIKE 'like' OR `mianji` LIKE '%%') ) AND ( (`title` LIKE 'like' OR `title` LIKE '%万科%') )  [ RunTime:0.049005s ]

[ 2016-12-02T16:49:49+08:00 ] ::1 /52php/api/
info: {"area":0,"price":0,"huxin":0,"mianji":0}
[ 2016-12-02T16:49:50+08:00 ] ::1 /52php/api/
INFO: [ app_begin ] --START--
INFO: Run Behavior\ReadHtmlCache [ RunTime:0.001000s ]
INFO: [ app_begin ] --END-- [ RunTime:0.001000s ]
NOTIC: [8192] mysql_connect(): The mysql extension is deprecated and will be removed in the future: use mysqli or PDO instead D:\wamp\www\52php\api\ThinkPHP\Library\Think\Db\Driver\Mysql.class.php 第 52 行.
SQL: SHOW COLUMNS FROM `hd_wk` [ RunTime:0.052006s ]
SQL: SELECT * FROM `hd_wk` WHERE ( (`area` LIKE 'like' OR `area` LIKE '%%') ) AND ( (`price` LIKE 'like' OR `price` LIKE '%%') ) AND ( (`keyword` LIKE 'like' OR `keyword` LIKE '%%') ) AND ( (`mianji` LIKE 'like' OR `mianji` LIKE '%%') ) AND ( (`title` LIKE 'like' OR `title` LIKE '%万科%') )  [ RunTime:0.053005s ]

[ 2016-12-02T16:49:52+08:00 ] ::1 /52php/api/
info: {"area":0,"price":0,"huxin":0,"mianji":0}
[ 2016-12-02T16:49:53+08:00 ] ::1 /52php/api/
INFO: [ app_begin ] --START--
INFO: Run Behavior\ReadHtmlCache [ RunTime:0.001000s ]
INFO: [ app_begin ] --END-- [ RunTime:0.001000s ]
NOTIC: [8192] mysql_connect(): The mysql extension is deprecated and will be removed in the future: use mysqli or PDO instead D:\wamp\www\52php\api\ThinkPHP\Library\Think\Db\Driver\Mysql.class.php 第 52 行.
SQL: SHOW COLUMNS FROM `hd_wk` [ RunTime:0.047004s ]
SQL: SELECT * FROM `hd_wk` WHERE ( (`area` LIKE 'like' OR `area` LIKE '%%') ) AND ( (`price` LIKE 'like' OR `price` LIKE '%%') ) AND ( (`keyword` LIKE 'like' OR `keyword` LIKE '%%') ) AND ( (`mianji` LIKE 'like' OR `mianji` LIKE '%%') ) AND ( (`title` LIKE 'like' OR `title` LIKE '%万科%') )  [ RunTime:0.048005s ]

[ 2016-12-02T16:50:04+08:00 ] ::1 /52php/api/
info: {"area":0,"price":0,"huxin":0,"mianji":0}
[ 2016-12-02T16:50:05+08:00 ] ::1 /52php/api/
INFO: [ app_begin ] --START--
INFO: Run Behavior\ReadHtmlCache [ RunTime:0.000000s ]
INFO: [ app_begin ] --END-- [ RunTime:0.001000s ]
NOTIC: [8192] mysql_connect(): The mysql extension is deprecated and will be removed in the future: use mysqli or PDO instead D:\wamp\www\52php\api\ThinkPHP\Library\Think\Db\Driver\Mysql.class.php 第 52 行.
SQL: SHOW COLUMNS FROM `hd_wk` [ RunTime:0.056006s ]
SQL: SELECT * FROM `hd_wk` WHERE ( (`area` LIKE 'like' OR `area` LIKE '%%') ) AND ( (`price` LIKE 'like' OR `price` LIKE '%%') ) AND ( (`keyword` LIKE 'like' OR `keyword` LIKE '%%') ) AND ( (`mianji` LIKE 'like' OR `mianji` LIKE '%%') ) AND ( (`title` LIKE 'like' OR `title` LIKE '%万科%') )  [ RunTime:0.059006s ]

[ 2016-12-02T16:51:00+08:00 ] ::1 /52php/api/
info: {"area":0,"price":0,"huxin":0,"mianji":0}
[ 2016-12-02T16:51:01+08:00 ] ::1 /52php/api/
INFO: [ app_begin ] --START--
INFO: Run Behavior\ReadHtmlCache [ RunTime:0.001000s ]
INFO: [ app_begin ] --END-- [ RunTime:0.001000s ]
NOTIC: [8192] mysql_connect(): The mysql extension is deprecated and will be removed in the future: use mysqli or PDO instead D:\wamp\www\52php\api\ThinkPHP\Library\Think\Db\Driver\Mysql.class.php 第 52 行.
SQL: SHOW COLUMNS FROM `hd_wk` [ RunTime:0.046005s ]
SQL: SELECT * FROM `hd_wk` WHERE ( (`area` LIKE 'like' OR `area` LIKE '%%') ) AND ( (`price` LIKE 'like' OR `price` LIKE '%%') ) AND ( (`keyword` LIKE 'like' OR `keyword` LIKE '%%') ) AND ( (`mianji` LIKE 'like' OR `mianji` LIKE '%%') ) AND ( (`title` LIKE 'like' OR `title` LIKE '%万科%') )  [ RunTime:0.048005s ]

[ 2016-12-02T16:51:38+08:00 ] ::1 /52php/api/
info: {"area":0,"price":0,"huxin":0,"mianji":0}
[ 2016-12-02T16:51:38+08:00 ] ::1 /52php/api/
INFO: [ app_begin ] --START--
INFO: Run Behavior\ReadHtmlCache [ RunTime:0.000000s ]
INFO: [ app_begin ] --END-- [ RunTime:0.001000s ]
NOTIC: [8192] mysql_connect(): The mysql extension is deprecated and will be removed in the future: use mysqli or PDO instead D:\wamp\www\52php\api\ThinkPHP\Library\Think\Db\Driver\Mysql.class.php 第 52 行.
SQL: SHOW COLUMNS FROM `hd_wk` [ RunTime:0.054005s ]
SQL: SELECT * FROM `hd_wk` WHERE ( (`area` LIKE 'like' OR `area` LIKE '%%') ) AND ( (`price` LIKE 'like' OR `price` LIKE '%%') ) AND ( (`keyword` LIKE 'like' OR `keyword` LIKE '%%') ) AND ( (`mianji` LIKE 'like' OR `mianji` LIKE '%%') ) AND ( (`title` LIKE 'like' OR `title` LIKE '%万科%') )  [ RunTime:0.053005s ]

[ 2016-12-02T16:51:44+08:00 ] ::1 /52php/api/
info: {"area":0,"price":0,"huxin":0,"mianji":0}
[ 2016-12-02T16:51:44+08:00 ] ::1 /52php/api/
INFO: [ app_begin ] --START--
INFO: Run Behavior\ReadHtmlCache [ RunTime:0.001001s ]
INFO: [ app_begin ] --END-- [ RunTime:0.001001s ]
NOTIC: [8192] mysql_connect(): The mysql extension is deprecated and will be removed in the future: use mysqli or PDO instead D:\wamp\www\52php\api\ThinkPHP\Library\Think\Db\Driver\Mysql.class.php 第 52 行.
SQL: SHOW COLUMNS FROM `hd_wk` [ RunTime:0.047004s ]
SQL: SELECT * FROM `hd_wk` WHERE ( (`area` LIKE 'like' OR `area` LIKE '%%') ) AND ( (`price` LIKE 'like' OR `price` LIKE '%%') ) AND ( (`keyword` LIKE 'like' OR `keyword` LIKE '%%') ) AND ( (`mianji` LIKE 'like' OR `mianji` LIKE '%%') ) AND ( (`title` LIKE 'like' OR `title` LIKE '%万科%') )  [ RunTime:0.048005s ]

[ 2016-12-02T16:56:12+08:00 ] ::1 /52php/api/
info: {"area":0,"price":0,"huxin":0,"mianji":0}
[ 2016-12-02T16:56:12+08:00 ] ::1 /52php/api/
INFO: [ app_begin ] --START--
INFO: Run Behavior\ReadHtmlCache [ RunTime:0.000000s ]
INFO: [ app_begin ] --END-- [ RunTime:0.001000s ]
NOTIC: [8192] mysql_connect(): The mysql extension is deprecated and will be removed in the future: use mysqli or PDO instead D:\wamp\www\52php\api\ThinkPHP\Library\Think\Db\Driver\Mysql.class.php 第 52 行.
SQL: SHOW COLUMNS FROM `hd_wk` [ RunTime:0.056006s ]
SQL: SELECT * FROM `hd_wk` WHERE ( (`area` LIKE 'like' OR `area` LIKE '%%') ) AND ( (`price` LIKE 'like' OR `price` LIKE '%%') ) AND ( (`keyword` LIKE 'like' OR `keyword` LIKE '%%') ) AND ( (`mianji` LIKE 'like' OR `mianji` LIKE '%%') ) AND ( (`title` LIKE 'like' OR `title` LIKE '%万科%') )  [ RunTime:0.056005s ]

[ 2016-12-02T17:01:54+08:00 ] ::1 /52php/api/
info: {"area":0,"price":0,"huxin":0,"mianji":0}
[ 2016-12-02T17:01:55+08:00 ] ::1 /52php/api/
INFO: [ app_begin ] --START--
INFO: Run Behavior\ReadHtmlCache [ RunTime:0.001000s ]
INFO: [ app_begin ] --END-- [ RunTime:0.002000s ]
NOTIC: [8192] mysql_connect(): The mysql extension is deprecated and will be removed in the future: use mysqli or PDO instead D:\wamp\www\52php\api\ThinkPHP\Library\Think\Db\Driver\Mysql.class.php 第 52 行.
SQL: SHOW COLUMNS FROM `hd_wk` [ RunTime:0.323032s ]
SQL: SELECT * FROM `hd_wk` WHERE ( (`area` LIKE 'like' OR `area` LIKE '%%') ) AND ( (`price` LIKE 'like' OR `price` LIKE '%%') ) AND ( (`keyword` LIKE 'like' OR `keyword` LIKE '%%') ) AND ( (`mianji` LIKE 'like' OR `mianji` LIKE '%%') ) AND ( (`title` LIKE 'like' OR `title` LIKE '%万科%') )  [ RunTime:0.049005s ]

[ 2016-12-02T17:02:16+08:00 ] ::1 /52php/api/
info: {"area":0,"price":0,"huxin":0,"mianji":0}
[ 2016-12-02T17:02:17+08:00 ] ::1 /52php/api/
INFO: [ app_begin ] --START--
INFO: Run Behavior\ReadHtmlCache [ RunTime:0.001000s ]
INFO: [ app_begin ] --END-- [ RunTime:0.001000s ]
NOTIC: [8192] mysql_connect(): The mysql extension is deprecated and will be removed in the future: use mysqli or PDO instead D:\wamp\www\52php\api\ThinkPHP\Library\Think\Db\Driver\Mysql.class.php 第 52 行.
SQL: SHOW COLUMNS FROM `hd_wk` [ RunTime:0.053005s ]
SQL: SELECT * FROM `hd_wk` WHERE ( (`area` LIKE 'like' OR `area` LIKE '%%') ) AND ( (`price` LIKE 'like' OR `price` LIKE '%%') ) AND ( (`keyword` LIKE 'like' OR `keyword` LIKE '%%') ) AND ( (`mianji` LIKE 'like' OR `mianji` LIKE '%%') ) AND ( (`title` LIKE 'like' OR `title` LIKE '%万科%') )  [ RunTime:0.053005s ]

[ 2016-12-02T17:02:27+08:00 ] ::1 /52php/api/
info: {"area":0,"price":0,"huxin":0,"mianji":0}
[ 2016-12-02T17:02:27+08:00 ] ::1 /52php/api/
INFO: [ app_begin ] --START--
INFO: Run Behavior\ReadHtmlCache [ RunTime:0.000000s ]
INFO: [ app_begin ] --END-- [ RunTime:0.002000s ]
NOTIC: [8192] mysql_connect(): The mysql extension is deprecated and will be removed in the future: use mysqli or PDO instead D:\wamp\www\52php\api\ThinkPHP\Library\Think\Db\Driver\Mysql.class.php 第 52 行.
SQL: SHOW COLUMNS FROM `hd_wk` [ RunTime:0.047004s ]
SQL: SELECT * FROM `hd_wk` WHERE ( (`area` LIKE 'like' OR `area` LIKE '%%') ) AND ( (`price` LIKE 'like' OR `price` LIKE '%%') ) AND ( (`keyword` LIKE 'like' OR `keyword` LIKE '%%') ) AND ( (`mianji` LIKE 'like' OR `mianji` LIKE '%%') ) AND ( (`title` LIKE 'like' OR `title` LIKE '%万科%') )  [ RunTime:0.047004s ]

[ 2016-12-02T17:04:47+08:00 ] ::1 /52php/api/
info: {"area":0,"price":0,"huxin":0,"mianji":0}
[ 2016-12-02T17:04:47+08:00 ] ::1 /52php/api/
INFO: [ app_begin ] --START--
INFO: Run Behavior\ReadHtmlCache [ RunTime:0.000000s ]
INFO: [ app_begin ] --END-- [ RunTime:0.001000s ]
NOTIC: [8192] mysql_connect(): The mysql extension is deprecated and will be removed in the future: use mysqli or PDO instead D:\wamp\www\52php\api\ThinkPHP\Library\Think\Db\Driver\Mysql.class.php 第 52 行.
SQL: SHOW COLUMNS FROM `hd_wk` [ RunTime:0.050005s ]
SQL: SELECT * FROM `hd_wk` WHERE ( (`area` LIKE 'like' OR `area` LIKE '%%') ) AND ( (`price` LIKE 'like' OR `price` LIKE '%%') ) AND ( (`keyword` LIKE 'like' OR `keyword` LIKE '%%') ) AND ( (`mianji` LIKE 'like' OR `mianji` LIKE '%%') ) AND ( (`title` LIKE 'like' OR `title` LIKE '%万科%') )  [ RunTime:0.053006s ]

[ 2016-12-02T17:08:26+08:00 ] ::1 /52php/api/
info: {"area":0,"price":0,"huxin":0,"mianji":0}
[ 2016-12-02T17:08:27+08:00 ] ::1 /52php/api/
INFO: [ app_begin ] --START--
INFO: Run Behavior\ReadHtmlCache [ RunTime:0.000000s ]
INFO: [ app_begin ] --END-- [ RunTime:0.002001s ]
NOTIC: [8192] mysql_connect(): The mysql extension is deprecated and will be removed in the future: use mysqli or PDO instead D:\wamp\www\52php\api\ThinkPHP\Library\Think\Db\Driver\Mysql.class.php 第 52 行.
SQL: SHOW COLUMNS FROM `hd_wk` [ RunTime:0.047005s ]
SQL: SELECT * FROM `hd_wk` WHERE ( (`area` LIKE 'like' OR `area` LIKE '%%') ) AND ( (`price` LIKE 'like' OR `price` LIKE '%%') ) AND ( (`keyword` LIKE 'like' OR `keyword` LIKE '%%') ) AND ( (`mianji` LIKE 'like' OR `mianji` LIKE '%%') ) AND ( (`title` LIKE 'like' OR `title` LIKE '%万科%') )  [ RunTime:0.049005s ]

[ 2016-12-02T18:09:47+08:00 ] ::1 /52php/api/
info: {"area":0,"price":0,"huxin":0,"mianji":0}
[ 2016-12-02T18:09:48+08:00 ] ::1 /52php/api/
INFO: [ app_begin ] --START--
INFO: Run Behavior\ReadHtmlCache [ RunTime:0.022998s ]
INFO: [ app_begin ] --END-- [ RunTime:0.079992s ]
NOTIC: [8192] mysql_connect(): The mysql extension is deprecated and will be removed in the future: use mysqli or PDO instead D:\wamp\www\52php\api\ThinkPHP\Library\Think\Db\Driver\Mysql.class.php 第 52 行.
SQL: SHOW COLUMNS FROM `hd_wk` [ RunTime:0.053995s ]
SQL: SELECT * FROM `hd_wk` WHERE ( (`area` LIKE 'like' OR `area` LIKE '%%') ) AND ( (`price` LIKE 'like' OR `price` LIKE '%%') ) AND ( (`keyword` LIKE 'like' OR `keyword` LIKE '%%') ) AND ( (`mianji` LIKE 'like' OR `mianji` LIKE '%%') ) AND ( (`title` LIKE 'like' OR `title` LIKE '%万科%') )  [ RunTime:0.053995s ]

[ 2016-12-02T18:11:01+08:00 ] ::1 /52php/api/
info: {"area":0,"price":0,"huxin":0,"mianji":0}
[ 2016-12-02T18:11:01+08:00 ] ::1 /52php/api/
INFO: [ app_begin ] --START--
INFO: Run Behavior\ReadHtmlCache [ RunTime:0.001000s ]
INFO: [ app_begin ] --END-- [ RunTime:0.001000s ]
NOTIC: [8192] mysql_connect(): The mysql extension is deprecated and will be removed in the future: use mysqli or PDO instead D:\wamp\www\52php\api\ThinkPHP\Library\Think\Db\Driver\Mysql.class.php 第 52 行.
SQL: SHOW COLUMNS FROM `hd_wk` [ RunTime:0.047995s ]
SQL: SELECT * FROM `hd_wk` WHERE ( (`area` LIKE 'like' OR `area` LIKE '%%') ) AND ( (`price` LIKE 'like' OR `price` LIKE '%%') ) AND ( (`keyword` LIKE 'like' OR `keyword` LIKE '%%') ) AND ( (`mianji` LIKE 'like' OR `mianji` LIKE '%%') ) AND ( (`title` LIKE 'like' OR `title` LIKE '%万科%') )  [ RunTime:0.048995s ]

[ 2016-12-02T18:11:24+08:00 ] ::1 /52php/api/
info: {"area":0,"price":0,"huxin":0,"mianji":0}
[ 2016-12-02T18:11:24+08:00 ] ::1 /52php/api/
INFO: [ app_begin ] --START--
INFO: Run Behavior\ReadHtmlCache [ RunTime:0.001000s ]
INFO: [ app_begin ] --END-- [ RunTime:0.001000s ]
NOTIC: [8192] mysql_connect(): The mysql extension is deprecated and will be removed in the future: use mysqli or PDO instead D:\wamp\www\52php\api\ThinkPHP\Library\Think\Db\Driver\Mysql.class.php 第 52 行.
SQL: SHOW COLUMNS FROM `hd_wk` [ RunTime:0.051995s ]
SQL: SELECT * FROM `hd_wk` WHERE ( (`area` LIKE 'like' OR `area` LIKE '%%') ) AND ( (`price` LIKE 'like' OR `price` LIKE '%%') ) AND ( (`keyword` LIKE 'like' OR `keyword` LIKE '%%') ) AND ( (`mianji` LIKE 'like' OR `mianji` LIKE '%%') ) AND ( (`title` LIKE 'like' OR `title` LIKE '%万科%') )  [ RunTime:0.051994s ]

[ 2016-12-02T18:12:11+08:00 ] ::1 /52php/api/
info: {"area":0,"price":0,"huxin":0,"mianji":0}
[ 2016-12-02T18:12:12+08:00 ] ::1 /52php/api/
INFO: [ app_begin ] --START--
INFO: Run Behavior\ReadHtmlCache [ RunTime:0.001000s ]
INFO: [ app_begin ] --END-- [ RunTime:0.001000s ]
NOTIC: [8192] mysql_connect(): The mysql extension is deprecated and will be removed in the future: use mysqli or PDO instead D:\wamp\www\52php\api\ThinkPHP\Library\Think\Db\Driver\Mysql.class.php 第 52 行.
SQL: SHOW COLUMNS FROM `hd_wk` [ RunTime:0.052000s ]
SQL: SELECT * FROM `hd_wk` WHERE ( (`area` LIKE 'like' OR `area` LIKE '%%') ) AND ( (`price` LIKE 'like' OR `price` LIKE '%%') ) AND ( (`keyword` LIKE 'like' OR `keyword` LIKE '%%') ) AND ( (`mianji` LIKE 'like' OR `mianji` LIKE '%%') ) AND ( (`title` LIKE 'like' OR `title` LIKE '%万科%') )  [ RunTime:0.052000s ]

[ 2016-12-02T18:12:49+08:00 ] ::1 /52php/api/
info: {"area":0,"price":0,"huxin":0,"mianji":0}
[ 2016-12-02T18:12:50+08:00 ] ::1 /52php/api/
INFO: [ app_begin ] --START--
INFO: Run Behavior\ReadHtmlCache [ RunTime:0.001000s ]
INFO: [ app_begin ] --END-- [ RunTime:0.001000s ]
NOTIC: [8192] mysql_connect(): The mysql extension is deprecated and will be removed in the future: use mysqli or PDO instead D:\wamp\www\52php\api\ThinkPHP\Library\Think\Db\Driver\Mysql.class.php 第 52 行.
SQL: SHOW COLUMNS FROM `hd_wk` [ RunTime:0.053000s ]
SQL: SELECT * FROM `hd_wk` WHERE ( (`area` LIKE 'like' OR `area` LIKE '%%') ) AND ( (`price` LIKE 'like' OR `price` LIKE '%%') ) AND ( (`keyword` LIKE 'like' OR `keyword` LIKE '%%') ) AND ( (`mianji` LIKE 'like' OR `mianji` LIKE '%%') ) AND ( (`title` LIKE 'like' OR `title` LIKE '%万科%') )  [ RunTime:0.054000s ]

[ 2016-12-02T18:13:05+08:00 ] ::1 /52php/api/
info: {"area":0,"price":0,"huxin":0,"mianji":0}
[ 2016-12-02T18:13:05+08:00 ] ::1 /52php/api/
INFO: [ app_begin ] --START--
INFO: Run Behavior\ReadHtmlCache [ RunTime:0.001000s ]
INFO: [ app_begin ] --END-- [ RunTime:0.001000s ]
NOTIC: [8192] mysql_connect(): The mysql extension is deprecated and will be removed in the future: use mysqli or PDO instead D:\wamp\www\52php\api\ThinkPHP\Library\Think\Db\Driver\Mysql.class.php 第 52 行.
SQL: SHOW COLUMNS FROM `hd_wk` [ RunTime:0.047000s ]
SQL: SELECT * FROM `hd_wk` WHERE ( (`area` LIKE 'like' OR `area` LIKE '%%') ) AND ( (`price` LIKE 'like' OR `price` LIKE '%%') ) AND ( (`keyword` LIKE 'like' OR `keyword` LIKE '%%') ) AND ( (`mianji` LIKE 'like' OR `mianji` LIKE '%%') ) AND ( (`title` LIKE 'like' OR `title` LIKE '%万科%') )  [ RunTime:0.048000s ]

[ 2016-12-02T18:36:13+08:00 ] ::1 /52php/api/
info: {"area":"3","price":0,"huxin":0,"mianji":0}
[ 2016-12-02T18:36:13+08:00 ] ::1 /52php/api/
INFO: [ app_begin ] --START--
INFO: Run Behavior\ReadHtmlCache [ RunTime:0.014000s ]
INFO: [ app_begin ] --END-- [ RunTime:0.032000s ]
NOTIC: [8192] mysql_connect(): The mysql extension is deprecated and will be removed in the future: use mysqli or PDO instead D:\wamp\www\52php\api\ThinkPHP\Library\Think\Db\Driver\Mysql.class.php 第 52 行.
SQL: SHOW COLUMNS FROM `hd_wk` [ RunTime:0.053000s ]
SQL: SELECT * FROM `hd_wk` WHERE ( (`area` LIKE 'like' OR `area` LIKE '%荔湾区%') ) AND ( (`price` LIKE 'like' OR `price` LIKE '%%') ) AND ( (`keyword` LIKE 'like' OR `keyword` LIKE '%%') ) AND ( (`mianji` LIKE 'like' OR `mianji` LIKE '%%') ) AND ( (`title` LIKE 'like' OR `title` LIKE '%万科%') )  [ RunTime:0.053000s ]

[ 2016-12-02T18:36:16+08:00 ] ::1 /52php/api/
info: {"area":"0","price":0,"huxin":0,"mianji":0}
[ 2016-12-02T18:36:17+08:00 ] ::1 /52php/api/
INFO: [ app_begin ] --START--
INFO: Run Behavior\ReadHtmlCache [ RunTime:0.000000s ]
INFO: [ app_begin ] --END-- [ RunTime:0.012000s ]
NOTIC: [8192] mysql_connect(): The mysql extension is deprecated and will be removed in the future: use mysqli or PDO instead D:\wamp\www\52php\api\ThinkPHP\Library\Think\Db\Driver\Mysql.class.php 第 52 行.
SQL: SHOW COLUMNS FROM `hd_wk` [ RunTime:0.049000s ]
SQL: SELECT * FROM `hd_wk` WHERE ( (`area` LIKE 'like' OR `area` LIKE '%%') ) AND ( (`price` LIKE 'like' OR `price` LIKE '%%') ) AND ( (`keyword` LIKE 'like' OR `keyword` LIKE '%%') ) AND ( (`mianji` LIKE 'like' OR `mianji` LIKE '%%') ) AND ( (`title` LIKE 'like' OR `title` LIKE '%万科%') )  [ RunTime:0.048000s ]

