[ 2016-12-12T11:13:11+08:00 ] ::1 /52php/api/
info: 
[ 2016-12-12T11:13:12+08:00 ] ::1 /52php/api/
INFO: [ app_begin ] --START--
INFO: Run Behavior\ReadHtmlCache [ RunTime:0.005000s ]
INFO: [ app_begin ] --END-- [ RunTime:0.036004s ]
NOTIC: [8192] mysql_connect(): The mysql extension is deprecated and will be removed in the future: use mysqli or PDO instead D:\wamp\www\52php\api\ThinkPHP\Library\Think\Db\Driver\Mysql.class.php 第 52 行.
SQL: SHOW COLUMNS FROM `hd_wk` [ RunTime:0.047004s ]
SQL: SELECT * FROM `hd_wk` WHERE ( `area` IN ('南沙区','黄埔区') ) AND ( `price` IN ('3万以下','2万以下') ) AND ( `huxin` LIKE '%%' )  [ RunTime:0.046004s ]

[ 2016-12-12T11:13:35+08:00 ] 127.0.0.1 /52php/api/
info: 
[ 2016-12-12T11:13:35+08:00 ] 127.0.0.1 /52php/api/
INFO: [ app_begin ] --START--
INFO: Run Behavior\ReadHtmlCache [ RunTime:0.001000s ]
INFO: [ app_begin ] --END-- [ RunTime:0.001000s ]
NOTIC: [8192] mysql_connect(): The mysql extension is deprecated and will be removed in the future: use mysqli or PDO instead D:\wamp\www\52php\api\ThinkPHP\Library\Think\Db\Driver\Mysql.class.php 第 52 行.
SQL: SHOW COLUMNS FROM `hd_wk` [ RunTime:0.048004s ]
SQL: SELECT * FROM `hd_wk` WHERE ( `area` IN ('南沙区','黄埔区') ) AND ( `price` IN ('3万以下','2万以下') ) AND ( `huxin` LIKE '%%' )  [ RunTime:0.047004s ]

[ 2016-12-12T11:25:11+08:00 ] 127.0.0.1 /52php/api/
info: 
[ 2016-12-12T11:25:11+08:00 ] 127.0.0.1 /52php/api/
INFO: [ app_begin ] --START--
INFO: Run Behavior\ReadHtmlCache [ RunTime:0.001000s ]
INFO: [ app_begin ] --END-- [ RunTime:0.001000s ]
NOTIC: [8192] mysql_connect(): The mysql extension is deprecated and will be removed in the future: use mysqli or PDO instead D:\wamp\www\52php\api\ThinkPHP\Library\Think\Db\Driver\Mysql.class.php 第 52 行.
SQL: SHOW COLUMNS FROM `hd_wk` [ RunTime:0.047004s ]
SQL: SELECT * FROM `hd_wk` WHERE ( `area` IN ('南沙区','黄埔区') ) AND ( `price` IN (2,1) ) AND ( `huxin` LIKE '%%' )  [ RunTime:0.046004s ]

[ 2016-12-12T11:25:48+08:00 ] 127.0.0.1 /52php/api/
info: 
[ 2016-12-12T11:25:49+08:00 ] 127.0.0.1 /52php/api/
INFO: [ app_begin ] --START--
INFO: Run Behavior\ReadHtmlCache [ RunTime:0.001000s ]
INFO: [ app_begin ] --END-- [ RunTime:0.002000s ]
NOTIC: [8192] mysql_connect(): The mysql extension is deprecated and will be removed in the future: use mysqli or PDO instead D:\wamp\www\52php\api\ThinkPHP\Library\Think\Db\Driver\Mysql.class.php 第 52 行.
SQL: SHOW COLUMNS FROM `hd_wk` [ RunTime:0.057005s ]
SQL: SELECT * FROM `hd_wk` WHERE ( `area` IN ('南沙区','黄埔区') ) AND ( `price` IN ('3万以下',1) ) AND ( `huxin` LIKE '%%' )  [ RunTime:0.054006s ]

[ 2016-12-12T11:36:09+08:00 ] 127.0.0.1 /52php/api/
info: 
[ 2016-12-12T11:36:10+08:00 ] 127.0.0.1 /52php/api/
INFO: [ app_begin ] --START--
INFO: Run Behavior\ReadHtmlCache [ RunTime:0.001000s ]
INFO: [ app_begin ] --END-- [ RunTime:0.001000s ]
NOTIC: [8192] mysql_connect(): The mysql extension is deprecated and will be removed in the future: use mysqli or PDO instead D:\wamp\www\52php\api\ThinkPHP\Library\Think\Db\Driver\Mysql.class.php 第 52 行.
SQL: SHOW COLUMNS FROM `hd_wk` [ RunTime:0.058000s ]
SQL: SELECT * FROM `hd_wk` WHERE ( `area` IN ('南沙区','黄埔区') ) AND ( `price_type` IN ('3万以下',1) ) AND ( `huxin` LIKE '%%' )  [ RunTime:0.053000s ]

[ 2016-12-12T11:40:42+08:00 ] ::1 /52php/api/
info: {"area":null,"price":null,"huxin":["四房","单间"]}
[ 2016-12-12T11:40:42+08:00 ] ::1 /52php/api/
INFO: [ app_begin ] --START--
INFO: Run Behavior\ReadHtmlCache [ RunTime:0.006000s ]
INFO: [ app_begin ] --END-- [ RunTime:0.016000s ]
NOTIC: [8192] mysql_connect(): The mysql extension is deprecated and will be removed in the future: use mysqli or PDO instead D:\wamp\www\52php\api\ThinkPHP\Library\Think\Db\Driver\Mysql.class.php 第 52 行.
SQL: SHOW COLUMNS FROM `hd_wk` [ RunTime:0.054000s ]
SQL: SELECT * FROM `hd_wk` WHERE ( `area` IN ('南沙区','黄埔区') ) AND ( `price_type` IN ('3万以下',1) ) AND ( `huxin` LIKE '%%' )  [ RunTime:0.054000s ]

[ 2016-12-12T11:41:36+08:00 ] ::1 /52php/api/
info: {"area":null,"price":null,"huxin":["四房","单间"]}
[ 2016-12-12T11:41:36+08:00 ] ::1 /52php/api/
INFO: [ app_begin ] --START--
INFO: Run Behavior\ReadHtmlCache [ RunTime:0.000000s ]
INFO: [ app_begin ] --END-- [ RunTime:0.011000s ]
NOTIC: [8192] mysql_connect(): The mysql extension is deprecated and will be removed in the future: use mysqli or PDO instead D:\wamp\www\52php\api\ThinkPHP\Library\Think\Db\Driver\Mysql.class.php 第 52 行.
SQL: SHOW COLUMNS FROM `hd_wk` [ RunTime:0.053000s ]
SQL: SELECT * FROM `hd_wk` WHERE ( `area` IN ('南沙区','黄埔区') ) AND ( `price_type` IN ('3万以下',1) ) AND ( `huxin` LIKE '%%' )  [ RunTime:0.054000s ]

[ 2016-12-12T11:41:52+08:00 ] 127.0.0.1 /52php/api/
info: 
[ 2016-12-12T11:41:53+08:00 ] 127.0.0.1 /52php/api/
INFO: [ app_begin ] --START--
INFO: Run Behavior\ReadHtmlCache [ RunTime:0.001000s ]
INFO: [ app_begin ] --END-- [ RunTime:0.001000s ]
NOTIC: [8192] mysql_connect(): The mysql extension is deprecated and will be removed in the future: use mysqli or PDO instead D:\wamp\www\52php\api\ThinkPHP\Library\Think\Db\Driver\Mysql.class.php 第 52 行.
SQL: SHOW COLUMNS FROM `hd_wk` [ RunTime:0.049000s ]
SQL: SELECT * FROM `hd_wk` WHERE ( `area` IN ('南沙区','黄埔区') ) AND ( `price_type` IN ('3万以下',1) ) AND ( `huxin` LIKE '%%' )  [ RunTime:0.048000s ]

[ 2016-12-12T11:43:00+08:00 ] ::1 /52php/api/
info: {"area":null,"price":null,"huxin":["四房","单间"]}
[ 2016-12-12T11:43:01+08:00 ] ::1 /52php/api/
INFO: [ app_begin ] --START--
INFO: Run Behavior\ReadHtmlCache [ RunTime:0.000000s ]
INFO: [ app_begin ] --END-- [ RunTime:0.001000s ]
NOTIC: [8192] mysql_connect(): The mysql extension is deprecated and will be removed in the future: use mysqli or PDO instead D:\wamp\www\52php\api\ThinkPHP\Library\Think\Db\Driver\Mysql.class.php 第 52 行.
SQL: SHOW COLUMNS FROM `hd_wk` [ RunTime:0.047000s ]
SQL: SELECT * FROM `hd_wk` WHERE ( `area` IN ('南沙区','黄埔区') ) AND ( `price_type` IN ('3万以下',1) ) AND ( `huxin` LIKE '%%' )  [ RunTime:0.049000s ]

[ 2016-12-12T11:43:55+08:00 ] ::1 /52php/api/
info: {"area":null,"price":null,"huxin":["四房","单间"]}
[ 2016-12-12T11:43:56+08:00 ] ::1 /52php/api/
INFO: [ app_begin ] --START--
INFO: Run Behavior\ReadHtmlCache [ RunTime:0.001000s ]
INFO: [ app_begin ] --END-- [ RunTime:0.001000s ]
NOTIC: [8192] mysql_connect(): The mysql extension is deprecated and will be removed in the future: use mysqli or PDO instead D:\wamp\www\52php\api\ThinkPHP\Library\Think\Db\Driver\Mysql.class.php 第 52 行.
SQL: SHOW COLUMNS FROM `hd_wk` [ RunTime:0.051000s ]
SQL: SELECT * FROM `hd_wk` WHERE ( `area` IN ('南沙区','黄埔区') ) AND ( `price_type` IN ('3万以下',1) ) AND ( `huxin` LIKE '%%' )  [ RunTime:0.051000s ]

[ 2016-12-12T11:44:16+08:00 ] 127.0.0.1 /52php/api/
info: 
[ 2016-12-12T11:44:17+08:00 ] 127.0.0.1 /52php/api/
INFO: [ app_begin ] --START--
INFO: Run Behavior\ReadHtmlCache [ RunTime:0.001000s ]
INFO: [ app_begin ] --END-- [ RunTime:0.002000s ]
NOTIC: [8192] mysql_connect(): The mysql extension is deprecated and will be removed in the future: use mysqli or PDO instead D:\wamp\www\52php\api\ThinkPHP\Library\Think\Db\Driver\Mysql.class.php 第 52 行.
SQL: SHOW COLUMNS FROM `hd_wk` [ RunTime:0.052000s ]
SQL: SELECT * FROM `hd_wk` WHERE ( `area` IN ('南沙区','黄埔区') ) AND ( `price_type` IN ('3万以下',1) ) AND ( `huxin` LIKE '%%' )  [ RunTime:0.053000s ]

[ 2016-12-12T11:44:53+08:00 ] ::1 /52php/api/
info: {"area":null,"price":null,"huxin":["四房","单间"]}
[ 2016-12-12T11:44:54+08:00 ] ::1 /52php/api/
INFO: [ app_begin ] --START--
INFO: Run Behavior\ReadHtmlCache [ RunTime:0.001000s ]
INFO: [ app_begin ] --END-- [ RunTime:0.001000s ]
NOTIC: [8192] mysql_connect(): The mysql extension is deprecated and will be removed in the future: use mysqli or PDO instead D:\wamp\www\52php\api\ThinkPHP\Library\Think\Db\Driver\Mysql.class.php 第 52 行.
SQL: SHOW COLUMNS FROM `hd_wk` [ RunTime:0.052000s ]
SQL: SELECT * FROM `hd_wk` WHERE ( `area` IN ('南沙区','黄埔区') ) AND ( `price_type` IN ('3万以下',1) ) AND ( `huxin` LIKE '%%' )  [ RunTime:0.070000s ]

[ 2016-12-12T11:45:16+08:00 ] ::1 /52php/api/
info: {"area":null,"price":null,"huxin":["四房","单间"]}
[ 2016-12-12T11:45:16+08:00 ] ::1 /52php/api/
INFO: [ app_begin ] --START--
INFO: Run Behavior\ReadHtmlCache [ RunTime:0.001000s ]
INFO: [ app_begin ] --END-- [ RunTime:0.001000s ]
NOTIC: [8192] mysql_connect(): The mysql extension is deprecated and will be removed in the future: use mysqli or PDO instead D:\wamp\www\52php\api\ThinkPHP\Library\Think\Db\Driver\Mysql.class.php 第 52 行.
SQL: SHOW COLUMNS FROM `hd_wk` [ RunTime:0.056000s ]
SQL: SELECT * FROM `hd_wk` WHERE ( `area` IN ('南沙区','黄埔区') ) AND ( `price_type` IN ('3万以下',1) ) AND ( `huxin` LIKE '%%' )  [ RunTime:0.059000s ]

[ 2016-12-12T11:46:28+08:00 ] ::1 /52php/api/
info: {"area":null,"price":null,"huxin":["四房","单间"]}
[ 2016-12-12T11:46:28+08:00 ] ::1 /52php/api/
INFO: [ app_begin ] --START--
INFO: Run Behavior\ReadHtmlCache [ RunTime:0.000000s ]
INFO: [ app_begin ] --END-- [ RunTime:0.001000s ]
NOTIC: [8192] mysql_connect(): The mysql extension is deprecated and will be removed in the future: use mysqli or PDO instead D:\wamp\www\52php\api\ThinkPHP\Library\Think\Db\Driver\Mysql.class.php 第 52 行.
SQL: SHOW COLUMNS FROM `hd_wk` [ RunTime:0.048005s ]
SQL: SELECT * FROM `hd_wk` WHERE ( `area` IN ('南沙区','黄埔区') ) AND ( `price_type` IN ('3万以下',1) ) AND ( `huxin` LIKE '%%' )  [ RunTime:0.049005s ]

[ 2016-12-12T11:48:53+08:00 ] ::1 /52php/api/
info: {"area":null,"price":null,"huxin":["四房","单间"]}
[ 2016-12-12T11:48:53+08:00 ] ::1 /52php/api/
INFO: [ app_begin ] --START--
INFO: Run Behavior\ReadHtmlCache [ RunTime:0.000000s ]
INFO: [ app_begin ] --END-- [ RunTime:0.001000s ]
NOTIC: [8192] mysql_connect(): The mysql extension is deprecated and will be removed in the future: use mysqli or PDO instead D:\wamp\www\52php\api\ThinkPHP\Library\Think\Db\Driver\Mysql.class.php 第 52 行.
SQL: SHOW COLUMNS FROM `hd_wk` [ RunTime:0.052005s ]
SQL: SELECT * FROM `hd_wk` WHERE ( `area` IN ('南沙区','黄埔区') ) AND ( `price_type` IN ('3万以下',1) ) AND ( `huxin` LIKE '%%' )  [ RunTime:0.053006s ]

[ 2016-12-12T11:49:35+08:00 ] ::1 /52php/api/
info: {"area":null,"price":null,"huxin":["四房","单间"]}
[ 2016-12-12T11:49:35+08:00 ] ::1 /52php/api/
INFO: [ app_begin ] --START--
INFO: Run Behavior\ReadHtmlCache [ RunTime:0.001001s ]
INFO: [ app_begin ] --END-- [ RunTime:0.001001s ]
NOTIC: [8192] mysql_connect(): The mysql extension is deprecated and will be removed in the future: use mysqli or PDO instead D:\wamp\www\52php\api\ThinkPHP\Library\Think\Db\Driver\Mysql.class.php 第 52 行.
SQL: SHOW COLUMNS FROM `hd_wk` [ RunTime:0.055005s ]
SQL: SELECT * FROM `hd_wk` WHERE ( `area` IN ('南沙区','黄埔区') ) AND ( `price_type` IN ('3万以下',1) ) AND ( `huxin` LIKE '%%' )  [ RunTime:0.058005s ]

[ 2016-12-12T11:50:05+08:00 ] 127.0.0.1 /52php/api/
info: 
[ 2016-12-12T11:50:05+08:00 ] 127.0.0.1 /52php/api/
INFO: [ app_begin ] --START--
INFO: Run Behavior\ReadHtmlCache [ RunTime:0.001000s ]
INFO: [ app_begin ] --END-- [ RunTime:0.001000s ]
NOTIC: [8192] mysql_connect(): The mysql extension is deprecated and will be removed in the future: use mysqli or PDO instead D:\wamp\www\52php\api\ThinkPHP\Library\Think\Db\Driver\Mysql.class.php 第 52 行.
SQL: SHOW COLUMNS FROM `hd_wk` [ RunTime:0.062006s ]
SQL: SELECT * FROM `hd_wk` WHERE ( `area` IN ('南沙区','黄埔区') ) AND ( `price_type` IN ('3万以下',1) ) AND ( `huxin` LIKE '%%' ) LIMIT 3   [ RunTime:0.076008s ]

[ 2016-12-12T11:50:09+08:00 ] ::1 /52php/api/
info: {"area":null,"price":null,"huxin":["四房","单间"]}
[ 2016-12-12T11:50:10+08:00 ] ::1 /52php/api/
INFO: [ app_begin ] --START--
INFO: Run Behavior\ReadHtmlCache [ RunTime:0.001000s ]
INFO: [ app_begin ] --END-- [ RunTime:0.001000s ]
NOTIC: [8192] mysql_connect(): The mysql extension is deprecated and will be removed in the future: use mysqli or PDO instead D:\wamp\www\52php\api\ThinkPHP\Library\Think\Db\Driver\Mysql.class.php 第 52 行.
SQL: SHOW COLUMNS FROM `hd_wk` [ RunTime:0.048005s ]
SQL: SELECT * FROM `hd_wk` WHERE ( `area` IN ('南沙区','黄埔区') ) AND ( `price_type` IN ('3万以下',1) ) AND ( `huxin` LIKE '%%' ) LIMIT 3   [ RunTime:0.048005s ]

[ 2016-12-12T11:53:09+08:00 ] ::1 /52php/api/
info: {"area":null,"price":null,"huxin":["四房","单间"]}
[ 2016-12-12T11:53:10+08:00 ] ::1 /52php/api/
INFO: [ app_begin ] --START--
INFO: Run Behavior\ReadHtmlCache [ RunTime:0.001000s ]
INFO: [ app_begin ] --END-- [ RunTime:0.001000s ]
NOTIC: [8192] mysql_connect(): The mysql extension is deprecated and will be removed in the future: use mysqli or PDO instead D:\wamp\www\52php\api\ThinkPHP\Library\Think\Db\Driver\Mysql.class.php 第 52 行.
SQL: SHOW COLUMNS FROM `hd_wk` [ RunTime:0.048004s ]
SQL: SELECT * FROM `hd_wk` WHERE ( `area` IN ('南沙区','黄埔区') ) AND ( `price_type` IN ('3万以下',1) ) AND ( `huxin` LIKE '%%' ) LIMIT 3   [ RunTime:0.049005s ]

[ 2016-12-12T11:57:16+08:00 ] ::1 /52php/api/
info: {"area":null,"price":null,"huxin":["四房","单间"]}
[ 2016-12-12T11:57:16+08:00 ] ::1 /52php/api/
INFO: [ app_begin ] --START--
INFO: Run Behavior\ReadHtmlCache [ RunTime:0.001000s ]
INFO: [ app_begin ] --END-- [ RunTime:0.001000s ]
NOTIC: [8192] mysql_connect(): The mysql extension is deprecated and will be removed in the future: use mysqli or PDO instead D:\wamp\www\52php\api\ThinkPHP\Library\Think\Db\Driver\Mysql.class.php 第 52 行.
SQL: SHOW COLUMNS FROM `hd_wk` [ RunTime:0.054005s ]
SQL: SELECT * FROM `hd_wk` WHERE ( `area` IN ('南沙区','黄埔区') ) AND ( `price_type` IN ('3万以下',1) ) AND ( `huxin` LIKE '%%' ) LIMIT 3   [ RunTime:0.052005s ]

[ 2016-12-12T11:58:30+08:00 ] ::1 /52php/api/
info: {"area":null,"price":null,"huxin":["四房","单间"]}
[ 2016-12-12T11:58:31+08:00 ] ::1 /52php/api/
INFO: [ app_begin ] --START--
INFO: Run Behavior\ReadHtmlCache [ RunTime:0.000000s ]
INFO: [ app_begin ] --END-- [ RunTime:0.001000s ]
NOTIC: [8192] mysql_connect(): The mysql extension is deprecated and will be removed in the future: use mysqli or PDO instead D:\wamp\www\52php\api\ThinkPHP\Library\Think\Db\Driver\Mysql.class.php 第 52 行.
SQL: SHOW COLUMNS FROM `hd_wk` [ RunTime:0.048005s ]
SQL: SELECT * FROM `hd_wk` WHERE ( `area` IN ('南沙区','黄埔区') ) AND ( `price_type` IN ('3万以下',1) ) AND ( `huxin` LIKE '%%' ) LIMIT 3   [ RunTime:0.048005s ]

[ 2016-12-12T12:01:43+08:00 ] ::1 /52php/api/
info: {"area":null,"price":null,"huxin":["四房","单间"]}
[ 2016-12-12T12:01:44+08:00 ] ::1 /52php/api/
INFO: [ app_begin ] --START--
INFO: Run Behavior\ReadHtmlCache [ RunTime:0.000000s ]
INFO: [ app_begin ] --END-- [ RunTime:0.002000s ]
NOTIC: [8192] mysql_connect(): The mysql extension is deprecated and will be removed in the future: use mysqli or PDO instead D:\wamp\www\52php\api\ThinkPHP\Library\Think\Db\Driver\Mysql.class.php 第 52 行.
SQL: SHOW COLUMNS FROM `hd_wk` [ RunTime:0.052005s ]
SQL: SELECT * FROM `hd_wk` WHERE ( `area` IN ('南沙区','黄埔区') ) AND ( `price_type` IN ('3万以下',1) ) AND ( `huxin` LIKE '%%' ) LIMIT 3   [ RunTime:0.052005s ]

[ 2016-12-12T12:06:05+08:00 ] ::1 /52php/api/
info: {"area":["南沙区","天河区"],"price":["不限价格","2万以下"],"huxin":["四房","五房"]}
[ 2016-12-12T12:06:06+08:00 ] ::1 /52php/api/
INFO: [ app_begin ] --START--
INFO: Run Behavior\ReadHtmlCache [ RunTime:0.001000s ]
INFO: [ app_begin ] --END-- [ RunTime:0.001000s ]
NOTIC: [8192] mysql_connect(): The mysql extension is deprecated and will be removed in the future: use mysqli or PDO instead D:\wamp\www\52php\api\ThinkPHP\Library\Think\Db\Driver\Mysql.class.php 第 52 行.
SQL: SHOW COLUMNS FROM `hd_wk` [ RunTime:0.047000s ]
SQL: SELECT * FROM `hd_wk` WHERE ( `area` IN ('南沙区','黄埔区') ) AND ( `price_type` IN ('3万以下',1) ) AND ( `huxin` LIKE '%%' ) LIMIT 3   [ RunTime:0.047000s ]

[ 2016-12-12T12:43:47+08:00 ] ::1 /52php/api/
info: {"area":null,"price":["不限价格","3万以上"],"huxin":["四房","五房"]}
[ 2016-12-12T12:43:48+08:00 ] ::1 /52php/api/
INFO: [ app_begin ] --START--
INFO: Run Behavior\ReadHtmlCache [ RunTime:0.006000s ]
INFO: [ app_begin ] --END-- [ RunTime:0.018001s ]
NOTIC: [8192] mysql_connect(): The mysql extension is deprecated and will be removed in the future: use mysqli or PDO instead D:\wamp\www\52php\api\ThinkPHP\Library\Think\Db\Driver\Mysql.class.php 第 52 行.
SQL: SHOW COLUMNS FROM `hd_wk` [ RunTime:0.054005s ]
SQL: SELECT * FROM `hd_wk` WHERE ( `area` IN ('南沙区','黄埔区') ) AND ( `price_type` IN ('3万以下',1) ) AND ( `huxin` LIKE '%%' ) LIMIT 3   [ RunTime:0.055006s ]

[ 2016-12-12T12:48:04+08:00 ] ::1 /52php/api/
info: {"area":["不重要"],"price":["不限价格","3万以上","2万以下","2万-3万"],"huxin":["四房","五房"]}
[ 2016-12-12T12:48:04+08:00 ] ::1 /52php/api/
INFO: [ app_begin ] --START--
INFO: Run Behavior\ReadHtmlCache [ RunTime:0.001000s ]
INFO: [ app_begin ] --END-- [ RunTime:0.001000s ]
NOTIC: [8192] mysql_connect(): The mysql extension is deprecated and will be removed in the future: use mysqli or PDO instead D:\wamp\www\52php\api\ThinkPHP\Library\Think\Db\Driver\Mysql.class.php 第 52 行.
SQL: SHOW COLUMNS FROM `hd_wk` [ RunTime:0.047005s ]
SQL: SELECT * FROM `hd_wk` WHERE ( `area` IN ('南沙区','黄埔区') ) AND ( `price_type` IN ('3万以下',1) ) AND ( `huxin` LIKE '%%' ) LIMIT 3   [ RunTime:0.047005s ]

