[ 2016-11-29T09:36:39+08:00 ] ::1 /52php/api/
INFO: [ app_begin ] --START--
INFO: Run Behavior\ReadHtmlCache [ RunTime:0.010001s ]
INFO: [ app_begin ] --END-- [ RunTime:0.039002s ]
NOTIC: [8192] mysql_connect(): The mysql extension is deprecated and will be removed in the future: use mysqli or PDO instead D:\wamp\www\52php\api\ThinkPHP\Library\Think\Db\Driver\Mysql.class.php 第 52 行.
SQL: SHOW COLUMNS FROM `hd_wk` [ RunTime:0.105006s ]
SQL: SELECT * FROM `hd_wk` WHERE ( `title` LIKE '%万科%' )  [ RunTime:0.079005s ]

[ 2016-11-29T11:49:33+08:00 ] ::1 /52php/api/
INFO: [ app_begin ] --START--
INFO: Run Behavior\ReadHtmlCache [ RunTime:0.019001s ]
INFO: [ app_begin ] --END-- [ RunTime:0.043003s ]
NOTIC: [8192] mysql_connect(): The mysql extension is deprecated and will be removed in the future: use mysqli or PDO instead D:\wamp\www\52php\api\ThinkPHP\Library\Think\Db\Driver\Mysql.class.php 第 52 行.
SQL: SHOW COLUMNS FROM `hd_wk` [ RunTime:0.071004s ]
ERR: 1146:Table 'hd_wordpress.hd_wk' doesn't exist
 [ SQL语句 ] : SHOW COLUMNS FROM `hd_wk`
SQL: SELECT * FROM `hd_wk` WHERE ( `title` LIKE '%万科%' )  [ RunTime:0.047003s ]
ERR: 1146:Table 'hd_wordpress.hd_wk' doesn't exist
 [ SQL语句 ] : SELECT * FROM `hd_wk` WHERE ( `title` LIKE '%万科%' ) 

[ 2016-11-29T11:49:40+08:00 ] ::1 /52php/api/
INFO: [ app_begin ] --START--
INFO: Run Behavior\ReadHtmlCache [ RunTime:0.000000s ]
INFO: [ app_begin ] --END-- [ RunTime:0.014000s ]
NOTIC: [8192] mysql_connect(): The mysql extension is deprecated and will be removed in the future: use mysqli or PDO instead D:\wamp\www\52php\api\ThinkPHP\Library\Think\Db\Driver\Mysql.class.php 第 52 行.
SQL: SHOW COLUMNS FROM `hd_wk` [ RunTime:0.047003s ]
ERR: 1146:Table 'hd_wordpress.hd_wk' doesn't exist
 [ SQL语句 ] : SHOW COLUMNS FROM `hd_wk`
SQL: SELECT * FROM `hd_wk` WHERE ( `title` LIKE '%undefined%' )  [ RunTime:0.047002s ]
ERR: 1146:Table 'hd_wordpress.hd_wk' doesn't exist
 [ SQL语句 ] : SELECT * FROM `hd_wk` WHERE ( `title` LIKE '%undefined%' ) 

[ 2016-11-29T11:50:32+08:00 ] ::1 /52php/api/
INFO: [ app_begin ] --START--
INFO: Run Behavior\ReadHtmlCache [ RunTime:0.000000s ]
INFO: [ app_begin ] --END-- [ RunTime:0.001000s ]
NOTIC: [8192] mysql_connect(): The mysql extension is deprecated and will be removed in the future: use mysqli or PDO instead D:\wamp\www\52php\api\ThinkPHP\Library\Think\Db\Driver\Mysql.class.php 第 52 行.
SQL: SHOW COLUMNS FROM `hd_wk` [ RunTime:0.051003s ]
ERR: 1146:Table 'hd_wordpress.hd_wk' doesn't exist
 [ SQL语句 ] : SHOW COLUMNS FROM `hd_wk`
SQL: SELECT * FROM `hd_wk` WHERE ( `title` LIKE '%万科%' )  [ RunTime:0.051003s ]
ERR: 1146:Table 'hd_wordpress.hd_wk' doesn't exist
 [ SQL语句 ] : SELECT * FROM `hd_wk` WHERE ( `title` LIKE '%万科%' ) 

[ 2016-11-29T11:50:39+08:00 ] ::1 /52php/api/
INFO: [ app_begin ] --START--
INFO: Run Behavior\ReadHtmlCache [ RunTime:0.001000s ]
INFO: [ app_begin ] --END-- [ RunTime:0.001000s ]
NOTIC: [8192] mysql_connect(): The mysql extension is deprecated and will be removed in the future: use mysqli or PDO instead D:\wamp\www\52php\api\ThinkPHP\Library\Think\Db\Driver\Mysql.class.php 第 52 行.
SQL: SHOW COLUMNS FROM `hd_wk` [ RunTime:0.046003s ]
ERR: 1146:Table 'hd_wordpress.hd_wk' doesn't exist
 [ SQL语句 ] : SHOW COLUMNS FROM `hd_wk`
SQL: SELECT * FROM `hd_wk` WHERE ( `title` LIKE '%万科%' )  [ RunTime:0.046003s ]
ERR: 1146:Table 'hd_wordpress.hd_wk' doesn't exist
 [ SQL语句 ] : SELECT * FROM `hd_wk` WHERE ( `title` LIKE '%万科%' ) 

[ 2016-11-29T11:52:05+08:00 ] ::1 /52php/api/
INFO: [ app_begin ] --START--
INFO: Run Behavior\ReadHtmlCache [ RunTime:0.000000s ]
INFO: [ app_begin ] --END-- [ RunTime:0.002000s ]
NOTIC: [8192] mysql_connect(): The mysql extension is deprecated and will be removed in the future: use mysqli or PDO instead D:\wamp\www\52php\api\ThinkPHP\Library\Think\Db\Driver\Mysql.class.php 第 52 行.
SQL: SHOW COLUMNS FROM `hd_wk` [ RunTime:0.053003s ]
ERR: 1146:Table 'hd_wordpress.hd_wk' doesn't exist
 [ SQL语句 ] : SHOW COLUMNS FROM `hd_wk`
SQL: SELECT * FROM `hd_wk` WHERE ( `title` LIKE '%万科%' )  [ RunTime:0.053003s ]
ERR: 1146:Table 'hd_wordpress.hd_wk' doesn't exist
 [ SQL语句 ] : SELECT * FROM `hd_wk` WHERE ( `title` LIKE '%万科%' ) 

[ 2016-11-29T12:16:08+08:00 ] ::1 /52php/api/
INFO: [ app_begin ] --START--
INFO: Run Behavior\ReadHtmlCache [ RunTime:0.326019s ]
INFO: [ app_begin ] --END-- [ RunTime:0.749043s ]
NOTIC: [8192] mysql_connect(): The mysql extension is deprecated and will be removed in the future: use mysqli or PDO instead D:\wamp\www\52php\api\ThinkPHP\Library\Think\Db\Driver\Mysql.class.php 第 52 行.
SQL: SHOW COLUMNS FROM `hd_wk` [ RunTime:0.052003s ]
ERR: 1146:Table 'hd_wordpress.hd_wk' doesn't exist
 [ SQL语句 ] : SHOW COLUMNS FROM `hd_wk`
SQL: SELECT * FROM `hd_wk` WHERE ( `title` LIKE '%万科%' )  [ RunTime:0.051003s ]
ERR: 1146:Table 'hd_wordpress.hd_wk' doesn't exist
 [ SQL语句 ] : SELECT * FROM `hd_wk` WHERE ( `title` LIKE '%万科%' ) 

[ 2016-11-29T12:21:12+08:00 ] 127.0.0.1 /52php/api/
INFO: [ app_begin ] --START--
INFO: Run Behavior\ReadHtmlCache [ RunTime:0.001000s ]
INFO: [ app_begin ] --END-- [ RunTime:0.003000s ]
NOTIC: [8192] mysql_connect(): The mysql extension is deprecated and will be removed in the future: use mysqli or PDO instead D:\wamp\www\52php\api\ThinkPHP\Library\Think\Db\Driver\Mysql.class.php 第 52 行.
SQL: SHOW COLUMNS FROM `hd_wk` [ RunTime:0.052003s ]
ERR: 1146:Table 'hd_wordpress.hd_wk' doesn't exist
 [ SQL语句 ] : SHOW COLUMNS FROM `hd_wk`
SQL: SELECT * FROM `hd_wk` WHERE ( `title` LIKE '%%' )  [ RunTime:0.052003s ]
ERR: 1146:Table 'hd_wordpress.hd_wk' doesn't exist
 [ SQL语句 ] : SELECT * FROM `hd_wk` WHERE ( `title` LIKE '%%' ) 

[ 2016-11-29T12:21:17+08:00 ] 127.0.0.1 /52php/api/
INFO: [ app_begin ] --START--
INFO: Run Behavior\ReadHtmlCache [ RunTime:0.001000s ]
INFO: [ app_begin ] --END-- [ RunTime:0.001000s ]
NOTIC: [8192] mysql_connect(): The mysql extension is deprecated and will be removed in the future: use mysqli or PDO instead D:\wamp\www\52php\api\ThinkPHP\Library\Think\Db\Driver\Mysql.class.php 第 52 行.
SQL: SHOW COLUMNS FROM `hd_wk` [ RunTime:0.046003s ]
ERR: 1146:Table 'hd_wordpress.hd_wk' doesn't exist
 [ SQL语句 ] : SHOW COLUMNS FROM `hd_wk`
SQL: SELECT * FROM `hd_wk` WHERE ( `title` LIKE '%%' )  [ RunTime:0.046002s ]
ERR: 1146:Table 'hd_wordpress.hd_wk' doesn't exist
 [ SQL语句 ] : SELECT * FROM `hd_wk` WHERE ( `title` LIKE '%%' ) 

[ 2016-11-29T12:23:42+08:00 ] 127.0.0.1 /52php/api/
INFO: [ app_begin ] --START--
INFO: Run Behavior\ReadHtmlCache [ RunTime:0.002000s ]
INFO: [ app_begin ] --END-- [ RunTime:0.002000s ]
NOTIC: [8192] mysql_connect(): The mysql extension is deprecated and will be removed in the future: use mysqli or PDO instead D:\wamp\www\52php\api\ThinkPHP\Library\Think\Db\Driver\Mysql.class.php 第 52 行.
SQL: SHOW COLUMNS FROM `hd_wk` [ RunTime:0.053003s ]
ERR: 1146:Table 'hd_wordpress.hd_wk' doesn't exist
 [ SQL语句 ] : SHOW COLUMNS FROM `hd_wk`
SQL: SELECT * FROM `hd_wk`  [ RunTime:0.056004s ]
ERR: 1146:Table 'hd_wordpress.hd_wk' doesn't exist
 [ SQL语句 ] : SELECT * FROM `hd_wk` 

[ 2016-11-29T12:23:45+08:00 ] 127.0.0.1 /52php/api/
INFO: [ app_begin ] --START--
INFO: Run Behavior\ReadHtmlCache [ RunTime:0.002000s ]
INFO: [ app_begin ] --END-- [ RunTime:0.003000s ]
NOTIC: [8192] mysql_connect(): The mysql extension is deprecated and will be removed in the future: use mysqli or PDO instead D:\wamp\www\52php\api\ThinkPHP\Library\Think\Db\Driver\Mysql.class.php 第 52 行.
SQL: SHOW COLUMNS FROM `hd_wk` [ RunTime:0.047002s ]
ERR: 1146:Table 'hd_wordpress.hd_wk' doesn't exist
 [ SQL语句 ] : SHOW COLUMNS FROM `hd_wk`
SQL: SELECT * FROM `hd_wk`  [ RunTime:0.048002s ]
ERR: 1146:Table 'hd_wordpress.hd_wk' doesn't exist
 [ SQL语句 ] : SELECT * FROM `hd_wk` 

[ 2016-11-29T13:57:02+08:00 ] ::1 /52php/api/
INFO: [ app_begin ] --START--
INFO: Run Behavior\ReadHtmlCache [ RunTime:0.010001s ]
INFO: [ app_begin ] --END-- [ RunTime:0.053003s ]
NOTIC: [8192] mysql_connect(): The mysql extension is deprecated and will be removed in the future: use mysqli or PDO instead D:\wamp\www\52php\api\ThinkPHP\Library\Think\Db\Driver\Mysql.class.php 第 52 行.
SQL: SHOW COLUMNS FROM `hd_wk` [ RunTime:0.082005s ]
SQL: SELECT * FROM `hd_wk`  [ RunTime:0.056003s ]

[ 2016-11-29T13:57:41+08:00 ] 127.0.0.1 /52php/api/
INFO: [ app_begin ] --START--
INFO: Run Behavior\ReadHtmlCache [ RunTime:0.002000s ]
INFO: [ app_begin ] --END-- [ RunTime:0.002000s ]
NOTIC: [8192] mysql_connect(): The mysql extension is deprecated and will be removed in the future: use mysqli or PDO instead D:\wamp\www\52php\api\ThinkPHP\Library\Think\Db\Driver\Mysql.class.php 第 52 行.
SQL: SHOW COLUMNS FROM `hd_wk` [ RunTime:0.048003s ]
SQL: SELECT * FROM `hd_wk`  [ RunTime:0.049003s ]

[ 2016-11-29T13:58:29+08:00 ] ::1 /52php/api/
INFO: [ app_begin ] --START--
INFO: Run Behavior\ReadHtmlCache [ RunTime:0.001000s ]
INFO: [ app_begin ] --END-- [ RunTime:0.001000s ]
NOTIC: [8192] mysql_connect(): The mysql extension is deprecated and will be removed in the future: use mysqli or PDO instead D:\wamp\www\52php\api\ThinkPHP\Library\Think\Db\Driver\Mysql.class.php 第 52 行.
SQL: SHOW COLUMNS FROM `hd_wk` [ RunTime:0.056003s ]
SQL: SELECT * FROM `hd_wk`  [ RunTime:0.060004s ]

[ 2016-11-29T16:08:13+08:00 ] ::1 /52php/api/
INFO: [ app_begin ] --START--
INFO: Run Behavior\ReadHtmlCache [ RunTime:0.042002s ]
INFO: [ app_begin ] --END-- [ RunTime:0.216012s ]
NOTIC: [8192] mysql_connect(): The mysql extension is deprecated and will be removed in the future: use mysqli or PDO instead D:\wamp\www\52php\api\ThinkPHP\Library\Think\Db\Driver\Mysql.class.php 第 52 行.
SQL: SHOW COLUMNS FROM `hd_wk` [ RunTime:0.049003s ]
SQL: SELECT * FROM `hd_wk`  [ RunTime:0.048003s ]

[ 2016-11-29T18:07:28+08:00 ] ::1 /52php/api/
INFO: [ app_begin ] --START--
INFO: Run Behavior\ReadHtmlCache [ RunTime:0.008000s ]
INFO: [ app_begin ] --END-- [ RunTime:0.079004s ]
NOTIC: [8192] mysql_connect(): The mysql extension is deprecated and will be removed in the future: use mysqli or PDO instead D:\wamp\www\52php\api\ThinkPHP\Library\Think\Db\Driver\Mysql.class.php 第 52 行.
SQL: SHOW COLUMNS FROM `hd_wk` [ RunTime:0.102006s ]
SQL: SELECT * FROM `hd_wk`  [ RunTime:0.047003s ]

