[ 2016-12-18T10:17:30+08:00 ] ::1 /wkapi//Admin/house/index
INFO: [ app_begin ] --START--
INFO: Run Behavior\ReadHtmlCache [ RunTime:0.001000s ]
INFO: [ app_begin ] --END-- [ RunTime:0.002000s ]
NOTIC: [8192] mysql_connect(): The mysql extension is deprecated and will be removed in the future: use mysqli or PDO instead D:\wamp\www\wkapi\ThinkPHP\Library\Think\Db\Driver\Mysql.class.php 第 52 行.
SQL: SHOW COLUMNS FROM `hd_wk` [ RunTime:0.063004s ]
SQL: SELECT * FROM `hd_wk` ORDER BY id desc  [ RunTime:0.064004s ]
INFO: [ view_parse ] --START--
INFO: [ template_filter ] --START--
INFO: Run Behavior\ContentReplace [ RunTime:0.000000s ]
INFO: [ template_filter ] --END-- [ RunTime:0.000000s ]
SQL: SHOW COLUMNS FROM `hd_wkdetail` [ RunTime:0.063003s ]
SQL: SELECT * FROM `hd_wkdetail` WHERE ( `rid` = 16 ) LIMIT 1   [ RunTime:0.070004s ]
SQL: SELECT * FROM `hd_wkdetail` WHERE ( `rid` = 15 ) LIMIT 1   [ RunTime:0.062003s ]
SQL: SELECT * FROM `hd_wkdetail` WHERE ( `rid` = 14 ) LIMIT 1   [ RunTime:0.065004s ]
SQL: SELECT * FROM `hd_wkdetail` WHERE ( `rid` = 13 ) LIMIT 1   [ RunTime:0.063004s ]
SQL: SELECT * FROM `hd_wkdetail` WHERE ( `rid` = 12 ) LIMIT 1   [ RunTime:0.063003s ]
SQL: SELECT * FROM `hd_wkdetail` WHERE ( `rid` = 11 ) LIMIT 1   [ RunTime:0.062003s ]
SQL: SELECT * FROM `hd_wkdetail` WHERE ( `rid` = 10 ) LIMIT 1   [ RunTime:0.062004s ]
SQL: SELECT * FROM `hd_wkdetail` WHERE ( `rid` = 9 ) LIMIT 1   [ RunTime:0.064004s ]
SQL: SELECT * FROM `hd_wkdetail` WHERE ( `rid` = 8 ) LIMIT 1   [ RunTime:0.123007s ]
SQL: SELECT * FROM `hd_wkdetail` WHERE ( `rid` = 7 ) LIMIT 1   [ RunTime:0.068004s ]
SQL: SELECT * FROM `hd_wkdetail` WHERE ( `rid` = 6 ) LIMIT 1   [ RunTime:0.063003s ]
SQL: SELECT * FROM `hd_wkdetail` WHERE ( `rid` = 5 ) LIMIT 1   [ RunTime:0.063003s ]
SQL: SELECT * FROM `hd_wkdetail` WHERE ( `rid` = 4 ) LIMIT 1   [ RunTime:0.062004s ]
SQL: SELECT * FROM `hd_wkdetail` WHERE ( `rid` = 3 ) LIMIT 1   [ RunTime:0.063004s ]
SQL: SELECT * FROM `hd_wkdetail` WHERE ( `rid` = 2 ) LIMIT 1   [ RunTime:0.065003s ]
SQL: SELECT * FROM `hd_wkdetail` WHERE ( `rid` = 1 ) LIMIT 1   [ RunTime:0.062004s ]
INFO: Run Behavior\ParseTemplate [ RunTime:1.209069s ]
INFO: [ view_parse ] --END-- [ RunTime:1.209069s ]
INFO: [ view_filter ] --START--
INFO: Run Behavior\WriteHtmlCache [ RunTime:0.002000s ]
INFO: [ view_filter ] --END-- [ RunTime:0.003000s ]
INFO: [ app_end ] --START--
INFO: Run Behavior\ShowPageTrace [ RunTime:0.003000s ]
INFO: [ app_end ] --END-- [ RunTime:0.004001s ]

[ 2016-12-18T10:17:35+08:00 ] ::1 /wkapi//Admin/house/index.php?m=admin&c=house&a=add
INFO: [ app_begin ] --START--
INFO: Run Behavior\ReadHtmlCache [ RunTime:0.002000s ]
INFO: [ app_begin ] --END-- [ RunTime:0.003001s ]
ERR: 非法操作:admin

[ 2016-12-18T10:17:39+08:00 ] ::1 /wkapi//Admin/house/index.php?m=admin&c=house&a=edit&id=12
INFO: [ app_begin ] --START--
INFO: Run Behavior\ReadHtmlCache [ RunTime:0.002000s ]
INFO: [ app_begin ] --END-- [ RunTime:0.002000s ]
ERR: 非法操作:admin

[ 2016-12-18T10:40:58+08:00 ] ::1 /wkapi//Admin/house/index.php?m=admin&c=house&a=edit&id=12
INFO: [ app_begin ] --START--
INFO: Run Behavior\ReadHtmlCache [ RunTime:0.002000s ]
INFO: [ app_begin ] --END-- [ RunTime:0.008000s ]
ERR: 非法操作:admin

[ 2016-12-18T20:33:45+08:00 ] ::1 /wkapi//Admin/house/index
INFO: [ app_begin ] --START--
INFO: Run Behavior\ReadHtmlCache [ RunTime:0.002000s ]
INFO: [ app_begin ] --END-- [ RunTime:0.003000s ]
NOTIC: [8192] mysql_connect(): The mysql extension is deprecated and will be removed in the future: use mysqli or PDO instead D:\wamp\www\wkapi\ThinkPHP\Library\Think\Db\Driver\Mysql.class.php 第 52 行.
SQL: SHOW COLUMNS FROM `hd_wk` [ RunTime:0.059003s ]
SQL: SELECT * FROM `hd_wk` ORDER BY id desc  [ RunTime:0.059003s ]
INFO: [ view_parse ] --START--
INFO: [ template_filter ] --START--
INFO: Run Behavior\ContentReplace [ RunTime:0.001000s ]
INFO: [ template_filter ] --END-- [ RunTime:0.001000s ]
SQL: SHOW COLUMNS FROM `hd_wkdetail` [ RunTime:0.060003s ]
SQL: SELECT * FROM `hd_wkdetail` WHERE ( `rid` = 16 ) LIMIT 1   [ RunTime:0.058003s ]
SQL: SELECT * FROM `hd_wkdetail` WHERE ( `rid` = 15 ) LIMIT 1   [ RunTime:0.061003s ]
SQL: SELECT * FROM `hd_wkdetail` WHERE ( `rid` = 14 ) LIMIT 1   [ RunTime:0.060004s ]
SQL: SELECT * FROM `hd_wkdetail` WHERE ( `rid` = 13 ) LIMIT 1   [ RunTime:0.059003s ]
SQL: SELECT * FROM `hd_wkdetail` WHERE ( `rid` = 12 ) LIMIT 1   [ RunTime:0.058004s ]
SQL: SELECT * FROM `hd_wkdetail` WHERE ( `rid` = 11 ) LIMIT 1   [ RunTime:0.060003s ]
SQL: SELECT * FROM `hd_wkdetail` WHERE ( `rid` = 10 ) LIMIT 1   [ RunTime:0.058003s ]
SQL: SELECT * FROM `hd_wkdetail` WHERE ( `rid` = 9 ) LIMIT 1   [ RunTime:0.058003s ]
SQL: SELECT * FROM `hd_wkdetail` WHERE ( `rid` = 8 ) LIMIT 1   [ RunTime:0.059003s ]
SQL: SELECT * FROM `hd_wkdetail` WHERE ( `rid` = 7 ) LIMIT 1   [ RunTime:0.058003s ]
SQL: SELECT * FROM `hd_wkdetail` WHERE ( `rid` = 6 ) LIMIT 1   [ RunTime:0.059003s ]
SQL: SELECT * FROM `hd_wkdetail` WHERE ( `rid` = 5 ) LIMIT 1   [ RunTime:0.058004s ]
SQL: SELECT * FROM `hd_wkdetail` WHERE ( `rid` = 4 ) LIMIT 1   [ RunTime:0.063004s ]
SQL: SELECT * FROM `hd_wkdetail` WHERE ( `rid` = 3 ) LIMIT 1   [ RunTime:0.058003s ]
SQL: SELECT * FROM `hd_wkdetail` WHERE ( `rid` = 2 ) LIMIT 1   [ RunTime:0.059003s ]
SQL: SELECT * FROM `hd_wkdetail` WHERE ( `rid` = 1 ) LIMIT 1   [ RunTime:0.058003s ]
INFO: Run Behavior\ParseTemplate [ RunTime:1.141065s ]
INFO: [ view_parse ] --END-- [ RunTime:1.142065s ]
INFO: [ view_filter ] --START--
INFO: Run Behavior\WriteHtmlCache [ RunTime:0.027002s ]
INFO: [ view_filter ] --END-- [ RunTime:0.028002s ]
INFO: [ app_end ] --START--
INFO: Run Behavior\ShowPageTrace [ RunTime:0.096005s ]
INFO: [ app_end ] --END-- [ RunTime:0.096005s ]

[ 2016-12-18T20:33:51+08:00 ] ::1 /wkapi//Admin/index/index
INFO: [ app_begin ] --START--
INFO: Run Behavior\ReadHtmlCache [ RunTime:0.001000s ]
INFO: [ app_begin ] --END-- [ RunTime:0.003000s ]
INFO: [ view_parse ] --START--
INFO: [ template_filter ] --START--
INFO: Run Behavior\ContentReplace [ RunTime:0.000000s ]
INFO: [ template_filter ] --END-- [ RunTime:0.000000s ]
INFO: Run Behavior\ParseTemplate [ RunTime:0.019001s ]
INFO: [ view_parse ] --END-- [ RunTime:0.019001s ]
INFO: [ view_filter ] --START--
INFO: Run Behavior\WriteHtmlCache [ RunTime:0.001000s ]
INFO: [ view_filter ] --END-- [ RunTime:0.001000s ]
INFO: [ app_end ] --START--
INFO: Run Behavior\ShowPageTrace [ RunTime:0.002000s ]
INFO: [ app_end ] --END-- [ RunTime:0.002000s ]

[ 2016-12-18T20:33:52+08:00 ] ::1 /wkapi//Admin/index/index.php?m=admin&c=welcome&a=index
INFO: [ app_begin ] --START--
INFO: Run Behavior\ReadHtmlCache [ RunTime:0.002000s ]
INFO: [ app_begin ] --END-- [ RunTime:0.003000s ]
ERR: 非法操作:admin

[ 2016-12-18T20:33:54+08:00 ] ::1 /wkapi//Admin/index/index.php?m=admin&c=user&a=logs
INFO: [ app_begin ] --START--
INFO: Run Behavior\ReadHtmlCache [ RunTime:0.001000s ]
INFO: [ app_begin ] --END-- [ RunTime:0.004000s ]
ERR: 非法操作:admin

[ 2016-12-18T20:33:59+08:00 ] ::1 /wkapi/Admin/index/index
INFO: [ app_begin ] --START--
INFO: Run Behavior\ReadHtmlCache [ RunTime:0.001000s ]
INFO: [ app_begin ] --END-- [ RunTime:0.003000s ]
INFO: [ view_parse ] --START--
INFO: [ template_filter ] --START--
INFO: Run Behavior\ContentReplace [ RunTime:0.000000s ]
INFO: [ template_filter ] --END-- [ RunTime:0.001000s ]
INFO: Run Behavior\ParseTemplate [ RunTime:0.020001s ]
INFO: [ view_parse ] --END-- [ RunTime:0.021001s ]
INFO: [ view_filter ] --START--
INFO: Run Behavior\WriteHtmlCache [ RunTime:0.001000s ]
INFO: [ view_filter ] --END-- [ RunTime:0.002000s ]
INFO: [ app_end ] --START--
INFO: Run Behavior\ShowPageTrace [ RunTime:0.001000s ]
INFO: [ app_end ] --END-- [ RunTime:0.002000s ]

[ 2016-12-18T20:33:59+08:00 ] ::1 /wkapi/Admin/index/index.php?m=admin&c=welcome&a=index
INFO: [ app_begin ] --START--
INFO: Run Behavior\ReadHtmlCache [ RunTime:0.003001s ]
INFO: [ app_begin ] --END-- [ RunTime:0.006001s ]
ERR: 非法操作:admin

[ 2016-12-18T20:34:05+08:00 ] ::1 /wkapi/Admin/index/index.php?m=admin&c=house&a=index
INFO: [ app_begin ] --START--
INFO: Run Behavior\ReadHtmlCache [ RunTime:0.002000s ]
INFO: [ app_begin ] --END-- [ RunTime:0.006001s ]
ERR: 非法操作:admin

[ 2016-12-18T20:34:05+08:00 ] ::1 /wkapi/Admin/index/index.php?m=admin&c=house&a=index
INFO: [ app_begin ] --START--
INFO: Run Behavior\ReadHtmlCache [ RunTime:0.002000s ]
INFO: [ app_begin ] --END-- [ RunTime:0.003000s ]
ERR: 非法操作:admin

[ 2016-12-18T20:34:12+08:00 ] ::1 /wkapi/Admin/index/index.php?m=admin&c=user&a=logs
INFO: [ app_begin ] --START--
INFO: Run Behavior\ReadHtmlCache [ RunTime:0.001001s ]
INFO: [ app_begin ] --END-- [ RunTime:0.002001s ]
ERR: 非法操作:admin

[ 2016-12-18T20:34:21+08:00 ] ::1 /wkapi/index.php?m=admin&c=index&a=login
INFO: [ app_begin ] --START--
INFO: Run Behavior\ReadHtmlCache [ RunTime:0.002000s ]
INFO: [ app_begin ] --END-- [ RunTime:0.003000s ]
INFO: [ view_parse ] --START--
INFO: [ template_filter ] --START--
INFO: Run Behavior\ContentReplace [ RunTime:0.000000s ]
INFO: [ template_filter ] --END-- [ RunTime:0.000000s ]
INFO: Run Behavior\ParseTemplate [ RunTime:0.022001s ]
INFO: [ view_parse ] --END-- [ RunTime:0.023001s ]
INFO: [ view_filter ] --START--
INFO: Run Behavior\WriteHtmlCache [ RunTime:0.002000s ]
INFO: [ view_filter ] --END-- [ RunTime:0.002000s ]
INFO: [ app_end ] --START--
INFO: Run Behavior\ShowPageTrace [ RunTime:0.004001s ]
INFO: [ app_end ] --END-- [ RunTime:0.005001s ]

[ 2016-12-18T20:34:26+08:00 ] ::1 /wkapi/index.php?m=admin&c=index&a=index
INFO: [ app_begin ] --START--
INFO: Run Behavior\ReadHtmlCache [ RunTime:0.002000s ]
INFO: [ app_begin ] --END-- [ RunTime:0.004000s ]
INFO: [ view_parse ] --START--
INFO: [ template_filter ] --START--
INFO: Run Behavior\ContentReplace [ RunTime:0.000000s ]
INFO: [ template_filter ] --END-- [ RunTime:0.001000s ]
INFO: Run Behavior\ParseTemplate [ RunTime:0.027001s ]
INFO: [ view_parse ] --END-- [ RunTime:0.027001s ]
INFO: [ view_filter ] --START--
INFO: Run Behavior\WriteHtmlCache [ RunTime:0.001000s ]
INFO: [ view_filter ] --END-- [ RunTime:0.001000s ]
INFO: [ app_end ] --START--
INFO: Run Behavior\ShowPageTrace [ RunTime:0.002000s ]
INFO: [ app_end ] --END-- [ RunTime:0.002000s ]

[ 2016-12-18T20:34:26+08:00 ] ::1 /wkapi/index.php?m=admin&c=welcome&a=index
INFO: [ app_begin ] --START--
INFO: Run Behavior\ReadHtmlCache [ RunTime:0.001001s ]
INFO: [ app_begin ] --END-- [ RunTime:0.003001s ]

[ 2016-12-18T20:34:30+08:00 ] ::1 /wkapi/index.php?m=admin&c=user&a=logs
INFO: [ app_begin ] --START--
INFO: Run Behavior\ReadHtmlCache [ RunTime:0.002000s ]
INFO: [ app_begin ] --END-- [ RunTime:0.003000s ]
NOTIC: [8192] mysql_connect(): The mysql extension is deprecated and will be removed in the future: use mysqli or PDO instead D:\wamp\www\wkapi\ThinkPHP\Library\Think\Db\Driver\Mysql.class.php 第 52 行.
SQL: SHOW COLUMNS FROM `hd_feedback` [ RunTime:0.065004s ]
SQL: SELECT * FROM `hd_feedback`  [ RunTime:0.064004s ]
INFO: [ view_parse ] --START--
INFO: [ template_filter ] --START--
INFO: Run Behavior\ContentReplace [ RunTime:0.000000s ]
INFO: [ template_filter ] --END-- [ RunTime:0.000000s ]
INFO: Run Behavior\ParseTemplate [ RunTime:0.049003s ]
INFO: [ view_parse ] --END-- [ RunTime:0.049003s ]
INFO: [ view_filter ] --START--
INFO: Run Behavior\WriteHtmlCache [ RunTime:0.001000s ]
INFO: [ view_filter ] --END-- [ RunTime:0.002000s ]
INFO: [ app_end ] --START--
INFO: Run Behavior\ShowPageTrace [ RunTime:0.001000s ]
INFO: [ app_end ] --END-- [ RunTime:0.002000s ]

[ 2016-12-18T20:34:37+08:00 ] ::1 /wkapi/index.php?m=admin&c=house&a=index
INFO: [ app_begin ] --START--
INFO: Run Behavior\ReadHtmlCache [ RunTime:0.002000s ]
INFO: [ app_begin ] --END-- [ RunTime:0.002000s ]
NOTIC: [8192] mysql_connect(): The mysql extension is deprecated and will be removed in the future: use mysqli or PDO instead D:\wamp\www\wkapi\ThinkPHP\Library\Think\Db\Driver\Mysql.class.php 第 52 行.
SQL: SHOW COLUMNS FROM `hd_wk` [ RunTime:0.059003s ]
SQL: SELECT * FROM `hd_wk` ORDER BY id desc  [ RunTime:0.060004s ]
INFO: [ view_parse ] --START--
INFO: [ template_filter ] --START--
INFO: Run Behavior\ContentReplace [ RunTime:0.000000s ]
INFO: [ template_filter ] --END-- [ RunTime:0.001000s ]
SQL: SHOW COLUMNS FROM `hd_wkdetail` [ RunTime:0.059003s ]
SQL: SELECT * FROM `hd_wkdetail` WHERE ( `rid` = 16 ) LIMIT 1   [ RunTime:0.059004s ]
SQL: SELECT * FROM `hd_wkdetail` WHERE ( `rid` = 15 ) LIMIT 1   [ RunTime:0.059003s ]
SQL: SELECT * FROM `hd_wkdetail` WHERE ( `rid` = 14 ) LIMIT 1   [ RunTime:0.061004s ]
SQL: SELECT * FROM `hd_wkdetail` WHERE ( `rid` = 13 ) LIMIT 1   [ RunTime:0.058003s ]
SQL: SELECT * FROM `hd_wkdetail` WHERE ( `rid` = 12 ) LIMIT 1   [ RunTime:0.063004s ]
SQL: SELECT * FROM `hd_wkdetail` WHERE ( `rid` = 11 ) LIMIT 1   [ RunTime:0.060004s ]
SQL: SELECT * FROM `hd_wkdetail` WHERE ( `rid` = 10 ) LIMIT 1   [ RunTime:0.061003s ]
SQL: SELECT * FROM `hd_wkdetail` WHERE ( `rid` = 9 ) LIMIT 1   [ RunTime:0.058004s ]
SQL: SELECT * FROM `hd_wkdetail` WHERE ( `rid` = 8 ) LIMIT 1   [ RunTime:0.061003s ]
SQL: SELECT * FROM `hd_wkdetail` WHERE ( `rid` = 7 ) LIMIT 1   [ RunTime:0.058004s ]
SQL: SELECT * FROM `hd_wkdetail` WHERE ( `rid` = 6 ) LIMIT 1   [ RunTime:0.059003s ]
SQL: SELECT * FROM `hd_wkdetail` WHERE ( `rid` = 5 ) LIMIT 1   [ RunTime:0.059003s ]
SQL: SELECT * FROM `hd_wkdetail` WHERE ( `rid` = 4 ) LIMIT 1   [ RunTime:0.058004s ]
SQL: SELECT * FROM `hd_wkdetail` WHERE ( `rid` = 3 ) LIMIT 1   [ RunTime:0.058003s ]
SQL: SELECT * FROM `hd_wkdetail` WHERE ( `rid` = 2 ) LIMIT 1   [ RunTime:0.058004s ]
SQL: SELECT * FROM `hd_wkdetail` WHERE ( `rid` = 1 ) LIMIT 1   [ RunTime:0.058003s ]
INFO: Run Behavior\ParseTemplate [ RunTime:1.073061s ]
INFO: [ view_parse ] --END-- [ RunTime:1.073061s ]
INFO: [ view_filter ] --START--
INFO: Run Behavior\WriteHtmlCache [ RunTime:0.001000s ]
INFO: [ view_filter ] --END-- [ RunTime:0.001000s ]
INFO: [ app_end ] --START--
INFO: Run Behavior\ShowPageTrace [ RunTime:0.002000s ]
INFO: [ app_end ] --END-- [ RunTime:0.003000s ]

[ 2016-12-18T20:34:40+08:00 ] ::1 /wkapi/index.php?m=admin&c=house&a=add
INFO: [ app_begin ] --START--
INFO: Run Behavior\ReadHtmlCache [ RunTime:0.002000s ]
INFO: [ app_begin ] --END-- [ RunTime:0.003000s ]
INFO: [ view_parse ] --START--
INFO: [ template_filter ] --START--
INFO: Run Behavior\ContentReplace [ RunTime:0.000000s ]
INFO: [ template_filter ] --END-- [ RunTime:0.001001s ]
NOTIC: [8] Undefined variable: r D:\wamp\www\wkapi\Application\Runtime\Cache\Admin\595a8b6c6b813a845e7ace1c7d99ee7c.php 第 34 行.
NOTIC: [8] Undefined variable: r D:\wamp\www\wkapi\Application\Runtime\Cache\Admin\595a8b6c6b813a845e7ace1c7d99ee7c.php 第 55 行.
NOTIC: [8] Undefined variable: r D:\wamp\www\wkapi\Application\Runtime\Cache\Admin\595a8b6c6b813a845e7ace1c7d99ee7c.php 第 71 行.
NOTIC: [8] Undefined variable: r D:\wamp\www\wkapi\Application\Runtime\Cache\Admin\595a8b6c6b813a845e7ace1c7d99ee7c.php 第 79 行.
NOTIC: [8] Undefined variable: r D:\wamp\www\wkapi\Application\Runtime\Cache\Admin\595a8b6c6b813a845e7ace1c7d99ee7c.php 第 95 行.
NOTIC: [8] Undefined variable: r D:\wamp\www\wkapi\Application\Runtime\Cache\Admin\595a8b6c6b813a845e7ace1c7d99ee7c.php 第 132 行.
INFO: Run Behavior\ParseTemplate [ RunTime:0.092005s ]
INFO: [ view_parse ] --END-- [ RunTime:0.093005s ]
INFO: [ view_filter ] --START--
INFO: Run Behavior\WriteHtmlCache [ RunTime:0.001000s ]
INFO: [ view_filter ] --END-- [ RunTime:0.002000s ]
INFO: [ app_end ] --START--
INFO: Run Behavior\ShowPageTrace [ RunTime:0.003001s ]
INFO: [ app_end ] --END-- [ RunTime:0.007001s ]

[ 2016-12-18T20:34:43+08:00 ] ::1 /wkapi/index.php?m=admin&c=house&a=edit&id=12
INFO: [ app_begin ] --START--
INFO: Run Behavior\ReadHtmlCache [ RunTime:0.002000s ]
INFO: [ app_begin ] --END-- [ RunTime:0.003000s ]
NOTIC: [8192] mysql_connect(): The mysql extension is deprecated and will be removed in the future: use mysqli or PDO instead D:\wamp\www\wkapi\ThinkPHP\Library\Think\Db\Driver\Mysql.class.php 第 52 行.
SQL: SHOW COLUMNS FROM `hd_wk` [ RunTime:0.064004s ]
SQL: SELECT * FROM `hd_wk` WHERE ( `id` = 12 ) LIMIT 1   [ RunTime:0.066004s ]
INFO: [ view_parse ] --START--
INFO: [ template_filter ] --START--
INFO: Run Behavior\ContentReplace [ RunTime:0.000000s ]
INFO: [ template_filter ] --END-- [ RunTime:0.001000s ]
INFO: Run Behavior\ParseTemplate [ RunTime:0.081005s ]
INFO: [ view_parse ] --END-- [ RunTime:0.083005s ]
INFO: [ view_filter ] --START--
INFO: Run Behavior\WriteHtmlCache [ RunTime:0.001000s ]
INFO: [ view_filter ] --END-- [ RunTime:0.002000s ]
INFO: [ app_end ] --START--
INFO: Run Behavior\ShowPageTrace [ RunTime:0.001000s ]
INFO: [ app_end ] --END-- [ RunTime:0.020001s ]

[ 2016-12-18T20:35:18+08:00 ] ::1 /wkapi/index.php?m=admin&c=house&a=index
INFO: [ app_begin ] --START--
INFO: Run Behavior\ReadHtmlCache [ RunTime:0.001000s ]
INFO: [ app_begin ] --END-- [ RunTime:0.003000s ]
NOTIC: [8192] mysql_connect(): The mysql extension is deprecated and will be removed in the future: use mysqli or PDO instead D:\wamp\www\wkapi\ThinkPHP\Library\Think\Db\Driver\Mysql.class.php 第 52 行.
SQL: SHOW COLUMNS FROM `hd_wk` [ RunTime:0.068004s ]
SQL: SELECT * FROM `hd_wk` ORDER BY id desc  [ RunTime:0.068004s ]
INFO: [ view_parse ] --START--
INFO: [ template_filter ] --START--
INFO: Run Behavior\ContentReplace [ RunTime:0.000000s ]
INFO: [ template_filter ] --END-- [ RunTime:0.000000s ]
SQL: SHOW COLUMNS FROM `hd_wkdetail` [ RunTime:0.068004s ]
SQL: SELECT * FROM `hd_wkdetail` WHERE ( `rid` = 16 ) LIMIT 1   [ RunTime:0.068004s ]
SQL: SELECT * FROM `hd_wkdetail` WHERE ( `rid` = 15 ) LIMIT 1   [ RunTime:0.067004s ]
SQL: SELECT * FROM `hd_wkdetail` WHERE ( `rid` = 14 ) LIMIT 1   [ RunTime:0.067004s ]
SQL: SELECT * FROM `hd_wkdetail` WHERE ( `rid` = 13 ) LIMIT 1   [ RunTime:0.068004s ]
SQL: SELECT * FROM `hd_wkdetail` WHERE ( `rid` = 12 ) LIMIT 1   [ RunTime:0.068004s ]
SQL: SELECT * FROM `hd_wkdetail` WHERE ( `rid` = 11 ) LIMIT 1   [ RunTime:0.068004s ]
SQL: SELECT * FROM `hd_wkdetail` WHERE ( `rid` = 10 ) LIMIT 1   [ RunTime:0.067004s ]
SQL: SELECT * FROM `hd_wkdetail` WHERE ( `rid` = 9 ) LIMIT 1   [ RunTime:0.068004s ]
SQL: SELECT * FROM `hd_wkdetail` WHERE ( `rid` = 8 ) LIMIT 1   [ RunTime:0.068004s ]
SQL: SELECT * FROM `hd_wkdetail` WHERE ( `rid` = 7 ) LIMIT 1   [ RunTime:0.068004s ]
SQL: SELECT * FROM `hd_wkdetail` WHERE ( `rid` = 6 ) LIMIT 1   [ RunTime:0.068004s ]
SQL: SELECT * FROM `hd_wkdetail` WHERE ( `rid` = 5 ) LIMIT 1   [ RunTime:0.068004s ]
SQL: SELECT * FROM `hd_wkdetail` WHERE ( `rid` = 4 ) LIMIT 1   [ RunTime:0.068004s ]
SQL: SELECT * FROM `hd_wkdetail` WHERE ( `rid` = 3 ) LIMIT 1   [ RunTime:0.067004s ]
SQL: SELECT * FROM `hd_wkdetail` WHERE ( `rid` = 2 ) LIMIT 1   [ RunTime:0.071004s ]
SQL: SELECT * FROM `hd_wkdetail` WHERE ( `rid` = 1 ) LIMIT 1   [ RunTime:0.067004s ]
INFO: Run Behavior\ParseTemplate [ RunTime:1.212070s ]
INFO: [ view_parse ] --END-- [ RunTime:1.214070s ]
INFO: [ view_filter ] --START--
INFO: Run Behavior\WriteHtmlCache [ RunTime:0.002000s ]
INFO: [ view_filter ] --END-- [ RunTime:0.003000s ]
INFO: [ app_end ] --START--
INFO: Run Behavior\ShowPageTrace [ RunTime:0.003000s ]
INFO: [ app_end ] --END-- [ RunTime:0.004000s ]

[ 2016-12-18T20:37:18+08:00 ] ::1 /wkapi/index.php?m=admin&c=index&a=index
INFO: [ app_begin ] --START--
INFO: Run Behavior\ReadHtmlCache [ RunTime:0.001000s ]
INFO: [ app_begin ] --END-- [ RunTime:0.003000s ]
INFO: [ view_parse ] --START--
INFO: [ template_filter ] --START--
INFO: Run Behavior\ContentReplace [ RunTime:0.000000s ]
INFO: [ template_filter ] --END-- [ RunTime:0.001000s ]
INFO: Run Behavior\ParseTemplate [ RunTime:0.016001s ]
INFO: [ view_parse ] --END-- [ RunTime:0.017001s ]
INFO: [ view_filter ] --START--
INFO: Run Behavior\WriteHtmlCache [ RunTime:0.001000s ]
INFO: [ view_filter ] --END-- [ RunTime:0.002000s ]
INFO: [ app_end ] --START--
INFO: Run Behavior\ShowPageTrace [ RunTime:0.002000s ]
INFO: [ app_end ] --END-- [ RunTime:0.002000s ]

[ 2016-12-18T20:37:18+08:00 ] ::1 /wkapi/index.php?m=admin&c=welcome&a=index
INFO: [ app_begin ] --START--
INFO: Run Behavior\ReadHtmlCache [ RunTime:0.002001s ]
INFO: [ app_begin ] --END-- [ RunTime:0.004001s ]

[ 2016-12-18T20:37:21+08:00 ] ::1 /wkapi/index.php?m=admin&c=user&a=logs
INFO: [ app_begin ] --START--
INFO: Run Behavior\ReadHtmlCache [ RunTime:0.003000s ]
INFO: [ app_begin ] --END-- [ RunTime:0.004000s ]
NOTIC: [8192] mysql_connect(): The mysql extension is deprecated and will be removed in the future: use mysqli or PDO instead D:\wamp\www\wkapi\ThinkPHP\Library\Think\Db\Driver\Mysql.class.php 第 52 行.
SQL: SHOW COLUMNS FROM `hd_feedback` [ RunTime:0.066003s ]
SQL: SELECT * FROM `hd_feedback`  [ RunTime:0.066004s ]
INFO: [ view_parse ] --START--
INFO: [ template_filter ] --START--
INFO: Run Behavior\ContentReplace [ RunTime:0.000000s ]
INFO: [ template_filter ] --END-- [ RunTime:0.000000s ]
INFO: Run Behavior\ParseTemplate [ RunTime:0.038003s ]
INFO: [ view_parse ] --END-- [ RunTime:0.040003s ]
INFO: [ view_filter ] --START--
INFO: Run Behavior\WriteHtmlCache [ RunTime:0.001000s ]
INFO: [ view_filter ] --END-- [ RunTime:0.001000s ]
INFO: [ app_end ] --START--
INFO: Run Behavior\ShowPageTrace [ RunTime:0.001000s ]
INFO: [ app_end ] --END-- [ RunTime:0.001000s ]

[ 2016-12-18T20:37:24+08:00 ] ::1 /wkapi/index.php?m=admin&c=welcome&a=index
INFO: [ app_begin ] --START--
INFO: Run Behavior\ReadHtmlCache [ RunTime:0.002000s ]
INFO: [ app_begin ] --END-- [ RunTime:0.003000s ]

[ 2016-12-18T20:37:34+08:00 ] ::1 /wkapi/index.php?m=admin&c=index&a=index
INFO: [ app_begin ] --START--
INFO: Run Behavior\ReadHtmlCache [ RunTime:0.001001s ]
INFO: [ app_begin ] --END-- [ RunTime:0.002001s ]
INFO: [ view_parse ] --START--
INFO: [ template_filter ] --START--
INFO: Run Behavior\ContentReplace [ RunTime:0.001000s ]
INFO: [ template_filter ] --END-- [ RunTime:0.001000s ]
INFO: Run Behavior\ParseTemplate [ RunTime:0.013000s ]
INFO: [ view_parse ] --END-- [ RunTime:0.013000s ]
INFO: [ view_filter ] --START--
INFO: Run Behavior\WriteHtmlCache [ RunTime:0.002001s ]
INFO: [ view_filter ] --END-- [ RunTime:0.002001s ]
INFO: [ app_end ] --START--
INFO: Run Behavior\ShowPageTrace [ RunTime:0.001000s ]
INFO: [ app_end ] --END-- [ RunTime:0.002000s ]

[ 2016-12-18T20:37:34+08:00 ] ::1 /wkapi/index.php?m=admin&c=welcome&a=index
INFO: [ app_begin ] --START--
INFO: Run Behavior\ReadHtmlCache [ RunTime:0.002000s ]
INFO: [ app_begin ] --END-- [ RunTime:0.003000s ]

[ 2016-12-18T20:37:37+08:00 ] ::1 /wkapi/index.php?m=admin&c=user&a=logs
INFO: [ app_begin ] --START--
INFO: Run Behavior\ReadHtmlCache [ RunTime:0.003000s ]
INFO: [ app_begin ] --END-- [ RunTime:0.005000s ]
NOTIC: [8192] mysql_connect(): The mysql extension is deprecated and will be removed in the future: use mysqli or PDO instead D:\wamp\www\wkapi\ThinkPHP\Library\Think\Db\Driver\Mysql.class.php 第 52 行.
SQL: SHOW COLUMNS FROM `hd_feedback` [ RunTime:0.059003s ]
SQL: SELECT * FROM `hd_feedback`  [ RunTime:0.059004s ]
INFO: [ view_parse ] --START--
INFO: [ template_filter ] --START--
INFO: Run Behavior\ContentReplace [ RunTime:0.000000s ]
INFO: [ template_filter ] --END-- [ RunTime:0.001000s ]
INFO: Run Behavior\ParseTemplate [ RunTime:0.025001s ]
INFO: [ view_parse ] --END-- [ RunTime:0.025001s ]
INFO: [ view_filter ] --START--
INFO: Run Behavior\WriteHtmlCache [ RunTime:0.001000s ]
INFO: [ view_filter ] --END-- [ RunTime:0.002000s ]
INFO: [ app_end ] --START--
INFO: Run Behavior\ShowPageTrace [ RunTime:0.002000s ]
INFO: [ app_end ] --END-- [ RunTime:0.002000s ]

[ 2016-12-18T20:37:44+08:00 ] ::1 /wkapi/index.php?m=admin&c=house&a=index
INFO: [ app_begin ] --START--
INFO: Run Behavior\ReadHtmlCache [ RunTime:0.002000s ]
INFO: [ app_begin ] --END-- [ RunTime:0.002000s ]
NOTIC: [8192] mysql_connect(): The mysql extension is deprecated and will be removed in the future: use mysqli or PDO instead D:\wamp\www\wkapi\ThinkPHP\Library\Think\Db\Driver\Mysql.class.php 第 52 行.
SQL: SHOW COLUMNS FROM `hd_wk` [ RunTime:0.067004s ]
SQL: SELECT * FROM `hd_wk` ORDER BY id desc  [ RunTime:0.066003s ]
INFO: [ view_parse ] --START--
INFO: [ template_filter ] --START--
INFO: Run Behavior\ContentReplace [ RunTime:0.000000s ]
INFO: [ template_filter ] --END-- [ RunTime:0.000000s ]
SQL: SHOW COLUMNS FROM `hd_wkdetail` [ RunTime:0.066004s ]
SQL: SELECT * FROM `hd_wkdetail` WHERE ( `rid` = 16 ) LIMIT 1   [ RunTime:0.065004s ]
SQL: SELECT * FROM `hd_wkdetail` WHERE ( `rid` = 15 ) LIMIT 1   [ RunTime:0.065003s ]
SQL: SELECT * FROM `hd_wkdetail` WHERE ( `rid` = 14 ) LIMIT 1   [ RunTime:0.065003s ]
SQL: SELECT * FROM `hd_wkdetail` WHERE ( `rid` = 13 ) LIMIT 1   [ RunTime:0.065004s ]
SQL: SELECT * FROM `hd_wkdetail` WHERE ( `rid` = 12 ) LIMIT 1   [ RunTime:0.067004s ]
SQL: SELECT * FROM `hd_wkdetail` WHERE ( `rid` = 11 ) LIMIT 1   [ RunTime:0.066004s ]
SQL: SELECT * FROM `hd_wkdetail` WHERE ( `rid` = 10 ) LIMIT 1   [ RunTime:0.066004s ]
SQL: SELECT * FROM `hd_wkdetail` WHERE ( `rid` = 9 ) LIMIT 1   [ RunTime:0.065003s ]
SQL: SELECT * FROM `hd_wkdetail` WHERE ( `rid` = 8 ) LIMIT 1   [ RunTime:0.066004s ]
SQL: SELECT * FROM `hd_wkdetail` WHERE ( `rid` = 7 ) LIMIT 1   [ RunTime:0.068004s ]
SQL: SELECT * FROM `hd_wkdetail` WHERE ( `rid` = 6 ) LIMIT 1   [ RunTime:0.073004s ]
SQL: SELECT * FROM `hd_wkdetail` WHERE ( `rid` = 5 ) LIMIT 1   [ RunTime:0.066003s ]
SQL: SELECT * FROM `hd_wkdetail` WHERE ( `rid` = 4 ) LIMIT 1   [ RunTime:0.065004s ]
SQL: SELECT * FROM `hd_wkdetail` WHERE ( `rid` = 3 ) LIMIT 1   [ RunTime:0.065004s ]
SQL: SELECT * FROM `hd_wkdetail` WHERE ( `rid` = 2 ) LIMIT 1   [ RunTime:0.065004s ]
SQL: SELECT * FROM `hd_wkdetail` WHERE ( `rid` = 1 ) LIMIT 1   [ RunTime:0.067004s ]
INFO: Run Behavior\ParseTemplate [ RunTime:1.177067s ]
INFO: [ view_parse ] --END-- [ RunTime:1.178067s ]
INFO: [ view_filter ] --START--
INFO: Run Behavior\WriteHtmlCache [ RunTime:0.002000s ]
INFO: [ view_filter ] --END-- [ RunTime:0.002000s ]
INFO: [ app_end ] --START--
INFO: Run Behavior\ShowPageTrace [ RunTime:0.003000s ]
INFO: [ app_end ] --END-- [ RunTime:0.003000s ]

[ 2016-12-18T20:38:03+08:00 ] ::1 /wkapi/index.php?m=admin&c=index&a=index
INFO: [ app_begin ] --START--
INFO: Run Behavior\ReadHtmlCache [ RunTime:0.001000s ]
INFO: [ app_begin ] --END-- [ RunTime:0.002000s ]
INFO: [ view_parse ] --START--
INFO: [ template_filter ] --START--
INFO: Run Behavior\ContentReplace [ RunTime:0.001000s ]
INFO: [ template_filter ] --END-- [ RunTime:0.001000s ]
INFO: Run Behavior\ParseTemplate [ RunTime:0.015001s ]
INFO: [ view_parse ] --END-- [ RunTime:0.015001s ]
INFO: [ view_filter ] --START--
INFO: Run Behavior\WriteHtmlCache [ RunTime:0.001000s ]
INFO: [ view_filter ] --END-- [ RunTime:0.002000s ]
INFO: [ app_end ] --START--
INFO: Run Behavior\ShowPageTrace [ RunTime:0.002000s ]
INFO: [ app_end ] --END-- [ RunTime:0.002000s ]

[ 2016-12-18T20:38:03+08:00 ] ::1 /wkapi/index.php?m=admin&c=welcome&a=index
INFO: [ app_begin ] --START--
INFO: Run Behavior\ReadHtmlCache [ RunTime:0.002000s ]
INFO: [ app_begin ] --END-- [ RunTime:0.003000s ]

[ 2016-12-18T20:38:06+08:00 ] ::1 /wkapi/index.php?m=admin&c=user&a=logs
INFO: [ app_begin ] --START--
INFO: Run Behavior\ReadHtmlCache [ RunTime:0.004001s ]
INFO: [ app_begin ] --END-- [ RunTime:0.005001s ]
NOTIC: [8192] mysql_connect(): The mysql extension is deprecated and will be removed in the future: use mysqli or PDO instead D:\wamp\www\wkapi\ThinkPHP\Library\Think\Db\Driver\Mysql.class.php 第 52 行.
SQL: SHOW COLUMNS FROM `hd_feedback` [ RunTime:0.058003s ]
SQL: SELECT * FROM `hd_feedback`  [ RunTime:0.059003s ]
INFO: [ view_parse ] --START--
INFO: [ template_filter ] --START--
INFO: Run Behavior\ContentReplace [ RunTime:0.000000s ]
INFO: [ template_filter ] --END-- [ RunTime:0.001000s ]
INFO: Run Behavior\ParseTemplate [ RunTime:0.024002s ]
INFO: [ view_parse ] --END-- [ RunTime:0.025002s ]
INFO: [ view_filter ] --START--
INFO: Run Behavior\WriteHtmlCache [ RunTime:0.001000s ]
INFO: [ view_filter ] --END-- [ RunTime:0.001000s ]
INFO: [ app_end ] --START--
INFO: Run Behavior\ShowPageTrace [ RunTime:0.002000s ]
INFO: [ app_end ] --END-- [ RunTime:0.002000s ]

[ 2016-12-18T20:38:12+08:00 ] ::1 /wkapi/index.php?m=admin&c=house&a=index
INFO: [ app_begin ] --START--
INFO: Run Behavior\ReadHtmlCache [ RunTime:0.007001s ]
INFO: [ app_begin ] --END-- [ RunTime:0.008001s ]
NOTIC: [8192] mysql_connect(): The mysql extension is deprecated and will be removed in the future: use mysqli or PDO instead D:\wamp\www\wkapi\ThinkPHP\Library\Think\Db\Driver\Mysql.class.php 第 52 行.
SQL: SHOW COLUMNS FROM `hd_wk` [ RunTime:0.054003s ]
SQL: SELECT * FROM `hd_wk` ORDER BY id desc  [ RunTime:0.055003s ]
INFO: [ view_parse ] --START--
INFO: [ template_filter ] --START--
INFO: Run Behavior\ContentReplace [ RunTime:0.000000s ]
INFO: [ template_filter ] --END-- [ RunTime:0.001000s ]
SQL: SHOW COLUMNS FROM `hd_wkdetail` [ RunTime:0.054003s ]
SQL: SELECT * FROM `hd_wkdetail` WHERE ( `rid` = 16 ) LIMIT 1   [ RunTime:0.057003s ]
SQL: SELECT * FROM `hd_wkdetail` WHERE ( `rid` = 15 ) LIMIT 1   [ RunTime:0.054003s ]
SQL: SELECT * FROM `hd_wkdetail` WHERE ( `rid` = 14 ) LIMIT 1   [ RunTime:0.056004s ]
SQL: SELECT * FROM `hd_wkdetail` WHERE ( `rid` = 13 ) LIMIT 1   [ RunTime:0.054003s ]
SQL: SELECT * FROM `hd_wkdetail` WHERE ( `rid` = 12 ) LIMIT 1   [ RunTime:0.054003s ]
SQL: SELECT * FROM `hd_wkdetail` WHERE ( `rid` = 11 ) LIMIT 1   [ RunTime:0.053003s ]
SQL: SELECT * FROM `hd_wkdetail` WHERE ( `rid` = 10 ) LIMIT 1   [ RunTime:0.053003s ]
SQL: SELECT * FROM `hd_wkdetail` WHERE ( `rid` = 9 ) LIMIT 1   [ RunTime:0.056004s ]
SQL: SELECT * FROM `hd_wkdetail` WHERE ( `rid` = 8 ) LIMIT 1   [ RunTime:0.053003s ]
SQL: SELECT * FROM `hd_wkdetail` WHERE ( `rid` = 7 ) LIMIT 1   [ RunTime:0.054003s ]
SQL: SELECT * FROM `hd_wkdetail` WHERE ( `rid` = 6 ) LIMIT 1   [ RunTime:0.054003s ]
SQL: SELECT * FROM `hd_wkdetail` WHERE ( `rid` = 5 ) LIMIT 1   [ RunTime:0.054003s ]
SQL: SELECT * FROM `hd_wkdetail` WHERE ( `rid` = 4 ) LIMIT 1   [ RunTime:0.053003s ]
SQL: SELECT * FROM `hd_wkdetail` WHERE ( `rid` = 3 ) LIMIT 1   [ RunTime:0.053003s ]
SQL: SELECT * FROM `hd_wkdetail` WHERE ( `rid` = 2 ) LIMIT 1   [ RunTime:0.053003s ]
SQL: SELECT * FROM `hd_wkdetail` WHERE ( `rid` = 1 ) LIMIT 1   [ RunTime:0.054003s ]
INFO: Run Behavior\ParseTemplate [ RunTime:0.976056s ]
INFO: [ view_parse ] --END-- [ RunTime:0.976056s ]
INFO: [ view_filter ] --START--
INFO: Run Behavior\WriteHtmlCache [ RunTime:0.002000s ]
INFO: [ view_filter ] --END-- [ RunTime:0.002000s ]
INFO: [ app_end ] --START--
INFO: Run Behavior\ShowPageTrace [ RunTime:0.003000s ]
INFO: [ app_end ] --END-- [ RunTime:0.004001s ]

[ 2016-12-18T20:38:21+08:00 ] ::1 /wkapi/index.php?m=admin&c=house&a=edit&id=12
INFO: [ app_begin ] --START--
INFO: Run Behavior\ReadHtmlCache [ RunTime:0.001000s ]
INFO: [ app_begin ] --END-- [ RunTime:0.003000s ]
NOTIC: [8192] mysql_connect(): The mysql extension is deprecated and will be removed in the future: use mysqli or PDO instead D:\wamp\www\wkapi\ThinkPHP\Library\Think\Db\Driver\Mysql.class.php 第 52 行.
SQL: SHOW COLUMNS FROM `hd_wk` [ RunTime:0.061004s ]
SQL: SELECT * FROM `hd_wk` WHERE ( `id` = 12 ) LIMIT 1   [ RunTime:0.063003s ]
INFO: [ view_parse ] --START--
INFO: [ template_filter ] --START--
INFO: Run Behavior\ContentReplace [ RunTime:0.000000s ]
INFO: [ template_filter ] --END-- [ RunTime:0.001000s ]
INFO: Run Behavior\ParseTemplate [ RunTime:0.031002s ]
INFO: [ view_parse ] --END-- [ RunTime:0.032002s ]
INFO: [ view_filter ] --START--
INFO: Run Behavior\WriteHtmlCache [ RunTime:0.002000s ]
INFO: [ view_filter ] --END-- [ RunTime:0.002000s ]
INFO: [ app_end ] --START--
INFO: Run Behavior\ShowPageTrace [ RunTime:0.002000s ]
INFO: [ app_end ] --END-- [ RunTime:0.003000s ]

[ 2016-12-18T20:40:00+08:00 ] ::1 /wkapi/index.php?m=admin&c=house&a=index
INFO: [ app_begin ] --START--
INFO: Run Behavior\ReadHtmlCache [ RunTime:0.001000s ]
INFO: [ app_begin ] --END-- [ RunTime:0.003000s ]
NOTIC: [8192] mysql_connect(): The mysql extension is deprecated and will be removed in the future: use mysqli or PDO instead D:\wamp\www\wkapi\ThinkPHP\Library\Think\Db\Driver\Mysql.class.php 第 52 行.
SQL: SHOW COLUMNS FROM `hd_wk` [ RunTime:0.054003s ]
SQL: SELECT * FROM `hd_wk` ORDER BY id desc  [ RunTime:0.054003s ]
INFO: [ view_parse ] --START--
INFO: [ template_filter ] --START--
INFO: Run Behavior\ContentReplace [ RunTime:0.000000s ]
INFO: [ template_filter ] --END-- [ RunTime:0.001000s ]
SQL: SHOW COLUMNS FROM `hd_wkdetail` [ RunTime:0.056003s ]
SQL: SELECT * FROM `hd_wkdetail` WHERE ( `rid` = 16 ) LIMIT 1   [ RunTime:0.054003s ]
SQL: SELECT * FROM `hd_wkdetail` WHERE ( `rid` = 15 ) LIMIT 1   [ RunTime:0.054003s ]
SQL: SELECT * FROM `hd_wkdetail` WHERE ( `rid` = 14 ) LIMIT 1   [ RunTime:0.055003s ]
SQL: SELECT * FROM `hd_wkdetail` WHERE ( `rid` = 13 ) LIMIT 1   [ RunTime:0.056004s ]
SQL: SELECT * FROM `hd_wkdetail` WHERE ( `rid` = 12 ) LIMIT 1   [ RunTime:0.054003s ]
SQL: SELECT * FROM `hd_wkdetail` WHERE ( `rid` = 11 ) LIMIT 1   [ RunTime:0.054003s ]
SQL: SELECT * FROM `hd_wkdetail` WHERE ( `rid` = 10 ) LIMIT 1   [ RunTime:0.053003s ]
SQL: SELECT * FROM `hd_wkdetail` WHERE ( `rid` = 9 ) LIMIT 1   [ RunTime:0.053003s ]
SQL: SELECT * FROM `hd_wkdetail` WHERE ( `rid` = 8 ) LIMIT 1   [ RunTime:0.055003s ]
SQL: SELECT * FROM `hd_wkdetail` WHERE ( `rid` = 7 ) LIMIT 1   [ RunTime:0.054004s ]
SQL: SELECT * FROM `hd_wkdetail` WHERE ( `rid` = 6 ) LIMIT 1   [ RunTime:0.053003s ]
SQL: SELECT * FROM `hd_wkdetail` WHERE ( `rid` = 5 ) LIMIT 1   [ RunTime:0.054003s ]
SQL: SELECT * FROM `hd_wkdetail` WHERE ( `rid` = 4 ) LIMIT 1   [ RunTime:0.055003s ]
SQL: SELECT * FROM `hd_wkdetail` WHERE ( `rid` = 3 ) LIMIT 1   [ RunTime:0.054003s ]
SQL: SELECT * FROM `hd_wkdetail` WHERE ( `rid` = 2 ) LIMIT 1   [ RunTime:0.054003s ]
SQL: SELECT * FROM `hd_wkdetail` WHERE ( `rid` = 1 ) LIMIT 1   [ RunTime:0.060004s ]
INFO: Run Behavior\ParseTemplate [ RunTime:0.980056s ]
INFO: [ view_parse ] --END-- [ RunTime:0.981056s ]
INFO: [ view_filter ] --START--
INFO: Run Behavior\WriteHtmlCache [ RunTime:0.001000s ]
INFO: [ view_filter ] --END-- [ RunTime:0.001000s ]
INFO: [ app_end ] --START--
INFO: Run Behavior\ShowPageTrace [ RunTime:0.002000s ]
INFO: [ app_end ] --END-- [ RunTime:0.002000s ]

[ 2016-12-18T20:40:05+08:00 ] ::1 /wkapi/index.php?m=admin&c=house&a=edit&id=12
INFO: [ app_begin ] --START--
INFO: Run Behavior\ReadHtmlCache [ RunTime:0.002000s ]
INFO: [ app_begin ] --END-- [ RunTime:0.003000s ]
NOTIC: [8192] mysql_connect(): The mysql extension is deprecated and will be removed in the future: use mysqli or PDO instead D:\wamp\www\wkapi\ThinkPHP\Library\Think\Db\Driver\Mysql.class.php 第 52 行.
SQL: SHOW COLUMNS FROM `hd_wk` [ RunTime:0.062003s ]
SQL: SELECT * FROM `hd_wk` WHERE ( `id` = 12 ) LIMIT 1   [ RunTime:0.061003s ]
INFO: [ view_parse ] --START--
INFO: [ template_filter ] --START--
INFO: Run Behavior\ContentReplace [ RunTime:0.000000s ]
INFO: [ template_filter ] --END-- [ RunTime:0.002000s ]
INFO: Run Behavior\ParseTemplate [ RunTime:0.029002s ]
INFO: [ view_parse ] --END-- [ RunTime:0.029002s ]
INFO: [ view_filter ] --START--
INFO: Run Behavior\WriteHtmlCache [ RunTime:0.001000s ]
INFO: [ view_filter ] --END-- [ RunTime:0.001000s ]
INFO: [ app_end ] --START--
INFO: Run Behavior\ShowPageTrace [ RunTime:0.002000s ]
INFO: [ app_end ] --END-- [ RunTime:0.002000s ]

[ 2016-12-18T20:40:05+08:00 ] ::1 /wkapi/index.php?m=admin&c=house&a=edit&id=12
INFO: [ app_begin ] --START--
INFO: Run Behavior\ReadHtmlCache [ RunTime:0.002000s ]
INFO: [ app_begin ] --END-- [ RunTime:0.025001s ]
NOTIC: [8192] mysql_connect(): The mysql extension is deprecated and will be removed in the future: use mysqli or PDO instead D:\wamp\www\wkapi\ThinkPHP\Library\Think\Db\Driver\Mysql.class.php 第 52 行.
SQL: SHOW COLUMNS FROM `hd_wk` [ RunTime:0.060003s ]
SQL: SELECT * FROM `hd_wk` WHERE ( `id` = 12 ) LIMIT 1   [ RunTime:0.060004s ]
INFO: [ view_parse ] --START--
INFO: [ template_filter ] --START--
INFO: Run Behavior\ContentReplace [ RunTime:0.001000s ]
INFO: [ template_filter ] --END-- [ RunTime:0.001000s ]
INFO: Run Behavior\ParseTemplate [ RunTime:0.031002s ]
INFO: [ view_parse ] --END-- [ RunTime:0.031002s ]
INFO: [ view_filter ] --START--
INFO: Run Behavior\WriteHtmlCache [ RunTime:0.001000s ]
INFO: [ view_filter ] --END-- [ RunTime:0.002000s ]
INFO: [ app_end ] --START--
INFO: Run Behavior\ShowPageTrace [ RunTime:0.003000s ]
INFO: [ app_end ] --END-- [ RunTime:0.005000s ]

[ 2016-12-18T20:40:56+08:00 ] ::1 /wkapi/index.php?m=admin&c=house&a=edit&id=12
INFO: [ app_begin ] --START--
INFO: Run Behavior\ReadHtmlCache [ RunTime:0.002000s ]
INFO: [ app_begin ] --END-- [ RunTime:0.004001s ]
NOTIC: [8192] mysql_connect(): The mysql extension is deprecated and will be removed in the future: use mysqli or PDO instead D:\wamp\www\wkapi\ThinkPHP\Library\Think\Db\Driver\Mysql.class.php 第 52 行.
SQL: SHOW COLUMNS FROM `hd_wk` [ RunTime:0.063004s ]
SQL: SELECT * FROM `hd_wk` WHERE ( `id` = 12 ) LIMIT 1   [ RunTime:0.063004s ]
INFO: [ view_parse ] --START--
INFO: [ template_filter ] --START--
INFO: Run Behavior\ContentReplace [ RunTime:0.001000s ]
INFO: [ template_filter ] --END-- [ RunTime:0.001000s ]
INFO: Run Behavior\ParseTemplate [ RunTime:0.039002s ]
INFO: [ view_parse ] --END-- [ RunTime:0.040002s ]
INFO: [ view_filter ] --START--
INFO: Run Behavior\WriteHtmlCache [ RunTime:0.001000s ]
INFO: [ view_filter ] --END-- [ RunTime:0.001000s ]
INFO: [ app_end ] --START--
INFO: Run Behavior\ShowPageTrace [ RunTime:0.002000s ]
INFO: [ app_end ] --END-- [ RunTime:0.002000s ]

[ 2016-12-18T20:45:30+08:00 ] ::1 /wkapi/index.php?m=admin&c=house&a=index
INFO: [ app_begin ] --START--
INFO: Run Behavior\ReadHtmlCache [ RunTime:0.003000s ]
INFO: [ app_begin ] --END-- [ RunTime:0.004000s ]
NOTIC: [8192] mysql_connect(): The mysql extension is deprecated and will be removed in the future: use mysqli or PDO instead D:\wamp\www\wkapi\ThinkPHP\Library\Think\Db\Driver\Mysql.class.php 第 52 行.
SQL: SHOW COLUMNS FROM `hd_wk` [ RunTime:0.059004s ]
SQL: SELECT * FROM `hd_wk` ORDER BY id desc  [ RunTime:0.060003s ]
INFO: [ view_parse ] --START--
INFO: [ template_filter ] --START--
INFO: Run Behavior\ContentReplace [ RunTime:0.000000s ]
INFO: [ template_filter ] --END-- [ RunTime:0.000000s ]
SQL: SHOW COLUMNS FROM `hd_wkdetail` [ RunTime:0.060004s ]
SQL: SELECT * FROM `hd_wkdetail` WHERE ( `rid` = 16 ) LIMIT 1   [ RunTime:0.061003s ]
SQL: SELECT * FROM `hd_wkdetail` WHERE ( `rid` = 15 ) LIMIT 1   [ RunTime:0.060004s ]
SQL: SELECT * FROM `hd_wkdetail` WHERE ( `rid` = 14 ) LIMIT 1   [ RunTime:0.068004s ]
SQL: SELECT * FROM `hd_wkdetail` WHERE ( `rid` = 13 ) LIMIT 1   [ RunTime:0.059003s ]
SQL: SELECT * FROM `hd_wkdetail` WHERE ( `rid` = 12 ) LIMIT 1   [ RunTime:0.060004s ]
SQL: SELECT * FROM `hd_wkdetail` WHERE ( `rid` = 11 ) LIMIT 1   [ RunTime:0.059003s ]
SQL: SELECT * FROM `hd_wkdetail` WHERE ( `rid` = 10 ) LIMIT 1   [ RunTime:0.059004s ]
SQL: SELECT * FROM `hd_wkdetail` WHERE ( `rid` = 9 ) LIMIT 1   [ RunTime:0.059003s ]
SQL: SELECT * FROM `hd_wkdetail` WHERE ( `rid` = 8 ) LIMIT 1   [ RunTime:0.060003s ]
SQL: SELECT * FROM `hd_wkdetail` WHERE ( `rid` = 7 ) LIMIT 1   [ RunTime:0.064003s ]
SQL: SELECT * FROM `hd_wkdetail` WHERE ( `rid` = 6 ) LIMIT 1   [ RunTime:0.059004s ]
SQL: SELECT * FROM `hd_wkdetail` WHERE ( `rid` = 5 ) LIMIT 1   [ RunTime:0.059003s ]
SQL: SELECT * FROM `hd_wkdetail` WHERE ( `rid` = 4 ) LIMIT 1   [ RunTime:0.059004s ]
SQL: SELECT * FROM `hd_wkdetail` WHERE ( `rid` = 3 ) LIMIT 1   [ RunTime:0.059003s ]
SQL: SELECT * FROM `hd_wkdetail` WHERE ( `rid` = 2 ) LIMIT 1   [ RunTime:0.059003s ]
SQL: SELECT * FROM `hd_wkdetail` WHERE ( `rid` = 1 ) LIMIT 1   [ RunTime:0.060003s ]
INFO: Run Behavior\ParseTemplate [ RunTime:1.076062s ]
INFO: [ view_parse ] --END-- [ RunTime:1.077062s ]
INFO: [ view_filter ] --START--
INFO: Run Behavior\WriteHtmlCache [ RunTime:0.002000s ]
INFO: [ view_filter ] --END-- [ RunTime:0.002000s ]
INFO: [ app_end ] --START--
INFO: Run Behavior\ShowPageTrace [ RunTime:0.003000s ]
INFO: [ app_end ] --END-- [ RunTime:0.004000s ]

[ 2016-12-18T20:45:33+08:00 ] ::1 /wkapi/index.php?m=admin&c=house&a=edit&id=12
INFO: [ app_begin ] --START--
INFO: Run Behavior\ReadHtmlCache [ RunTime:0.011001s ]
INFO: [ app_begin ] --END-- [ RunTime:0.015001s ]
NOTIC: [8192] mysql_connect(): The mysql extension is deprecated and will be removed in the future: use mysqli or PDO instead D:\wamp\www\wkapi\ThinkPHP\Library\Think\Db\Driver\Mysql.class.php 第 52 行.
SQL: SHOW COLUMNS FROM `hd_wk` [ RunTime:0.067004s ]
SQL: SELECT * FROM `hd_wk` WHERE ( `id` = 12 ) LIMIT 1   [ RunTime:0.066003s ]
INFO: [ view_parse ] --START--
INFO: [ template_filter ] --START--
INFO: Run Behavior\ContentReplace [ RunTime:0.001000s ]
INFO: [ template_filter ] --END-- [ RunTime:0.001000s ]
INFO: Run Behavior\ParseTemplate [ RunTime:0.024001s ]
INFO: [ view_parse ] --END-- [ RunTime:0.025001s ]
INFO: [ view_filter ] --START--
INFO: Run Behavior\WriteHtmlCache [ RunTime:0.001000s ]
INFO: [ view_filter ] --END-- [ RunTime:0.001000s ]
INFO: [ app_end ] --START--
INFO: Run Behavior\ShowPageTrace [ RunTime:0.002000s ]
INFO: [ app_end ] --END-- [ RunTime:0.003000s ]

[ 2016-12-18T20:45:33+08:00 ] ::1 /wkapi/index.php?m=admin&c=house&a=edit&id=12
INFO: [ app_begin ] --START--
INFO: Run Behavior\ReadHtmlCache [ RunTime:0.002000s ]
INFO: [ app_begin ] --END-- [ RunTime:0.004001s ]
NOTIC: [8192] mysql_connect(): The mysql extension is deprecated and will be removed in the future: use mysqli or PDO instead D:\wamp\www\wkapi\ThinkPHP\Library\Think\Db\Driver\Mysql.class.php 第 52 行.
SQL: SHOW COLUMNS FROM `hd_wk` [ RunTime:0.058004s ]
SQL: SELECT * FROM `hd_wk` WHERE ( `id` = 12 ) LIMIT 1   [ RunTime:0.057003s ]
INFO: [ view_parse ] --START--
INFO: [ template_filter ] --START--
INFO: Run Behavior\ContentReplace [ RunTime:0.000000s ]
INFO: [ template_filter ] --END-- [ RunTime:0.001000s ]
INFO: Run Behavior\ParseTemplate [ RunTime:0.024001s ]
INFO: [ view_parse ] --END-- [ RunTime:0.025001s ]
INFO: [ view_filter ] --START--
INFO: Run Behavior\WriteHtmlCache [ RunTime:0.001000s ]
INFO: [ view_filter ] --END-- [ RunTime:0.002001s ]
INFO: [ app_end ] --START--
INFO: Run Behavior\ShowPageTrace [ RunTime:0.002000s ]
INFO: [ app_end ] --END-- [ RunTime:0.003000s ]

[ 2016-12-18T20:45:39+08:00 ] ::1 /wkapi/index.php?m=admin&c=house&a=do_add&act=edit
INFO: [ app_begin ] --START--
INFO: Run Behavior\ReadHtmlCache [ RunTime:0.001000s ]
INFO: [ app_begin ] --END-- [ RunTime:0.003000s ]
NOTIC: [8192] mysql_connect(): The mysql extension is deprecated and will be removed in the future: use mysqli or PDO instead D:\wamp\www\wkapi\ThinkPHP\Library\Think\Db\Driver\Mysql.class.php 第 52 行.
SQL: SHOW COLUMNS FROM `hd_wk` [ RunTime:0.063004s ]
SQL: UPDATE `hd_wk` SET `title`='雅居乐万科热橙',`area`='花都区',`price`='10000元/㎡',`price_type`=1,`keyword`='双品牌、社区商业配套、带装修房',`huxin`='四室两厅、三室两厅',`huxin_type`='三房/四房',`mianji`='80-120方',`sale_status`='在售',`dizhi`='花都机场高速花山出口' WHERE ( `id` = 12 ) [ RunTime:0.067004s ]
NOTIC: [2] finfo_file(): Empty filename or path D:\wamp\www\wkapi\ThinkPHP\Library\Think\Upload.class.php 第 149 行.
NOTIC: [2] call_user_func() expects parameter 1 to be a valid callback, no array or string given D:\wamp\www\wkapi\ThinkPHP\Library\Think\Upload.class.php 第 167 行.
NOTIC: [2] finfo_file(): Empty filename or path D:\wamp\www\wkapi\ThinkPHP\Library\Think\Upload.class.php 第 149 行.
NOTIC: [2] finfo_file(): Empty filename or path D:\wamp\www\wkapi\ThinkPHP\Library\Think\Upload.class.php 第 149 行.
NOTIC: [8] Undefined index: file-1 D:\wamp\www\wkapi\Application\Admin\Controller\HouseController.class.php 第 54 行.
NOTIC: [8] Undefined index: file-3 D:\wamp\www\wkapi\Application\Admin\Controller\HouseController.class.php 第 60 行.
NOTIC: [8] Undefined index: file-4 D:\wamp\www\wkapi\Application\Admin\Controller\HouseController.class.php 第 63 行.
SQL: SHOW COLUMNS FROM `hd_wkdetail` [ RunTime:0.066003s ]
SQL: UPDATE `hd_wkdetail` SET `img2`='2016-12-18/585684f36f00d.jpg' WHERE ( `rid` = 12 ) [ RunTime:0.066003s ]
INFO: [ view_parse ] --START--
INFO: [ template_filter ] --START--
INFO: Run Behavior\ContentReplace [ RunTime:0.000000s ]
INFO: [ template_filter ] --END-- [ RunTime:0.001000s ]
INFO: Run Behavior\ParseTemplate [ RunTime:0.034002s ]
INFO: [ view_parse ] --END-- [ RunTime:0.035002s ]
INFO: [ view_filter ] --START--
INFO: Run Behavior\WriteHtmlCache [ RunTime:0.002001s ]
INFO: [ view_filter ] --END-- [ RunTime:0.002001s ]
INFO: [ app_end ] --START--
INFO: Run Behavior\ShowPageTrace [ RunTime:0.003000s ]
INFO: [ app_end ] --END-- [ RunTime:0.003000s ]

[ 2016-12-18T20:45:41+08:00 ] ::1 /wkapi/index.php?m=admin&c=house&a=edit&id=12
INFO: [ app_begin ] --START--
INFO: Run Behavior\ReadHtmlCache [ RunTime:0.001000s ]
INFO: [ app_begin ] --END-- [ RunTime:0.003000s ]
NOTIC: [8192] mysql_connect(): The mysql extension is deprecated and will be removed in the future: use mysqli or PDO instead D:\wamp\www\wkapi\ThinkPHP\Library\Think\Db\Driver\Mysql.class.php 第 52 行.
SQL: SHOW COLUMNS FROM `hd_wk` [ RunTime:0.065003s ]
SQL: SELECT * FROM `hd_wk` WHERE ( `id` = 12 ) LIMIT 1   [ RunTime:0.064003s ]
INFO: [ view_parse ] --START--
INFO: [ template_filter ] --START--
INFO: Run Behavior\ContentReplace [ RunTime:0.000000s ]
INFO: [ template_filter ] --END-- [ RunTime:0.001000s ]
INFO: Run Behavior\ParseTemplate [ RunTime:0.040003s ]
INFO: [ view_parse ] --END-- [ RunTime:0.040003s ]
INFO: [ view_filter ] --START--
INFO: Run Behavior\WriteHtmlCache [ RunTime:0.001000s ]
INFO: [ view_filter ] --END-- [ RunTime:0.001000s ]
INFO: [ app_end ] --START--
INFO: Run Behavior\ShowPageTrace [ RunTime:0.006000s ]
INFO: [ app_end ] --END-- [ RunTime:0.006000s ]

[ 2016-12-18T20:45:50+08:00 ] ::1 /wkapi/index.php?m=admin&c=house&a=index
INFO: [ app_begin ] --START--
INFO: Run Behavior\ReadHtmlCache [ RunTime:0.002000s ]
INFO: [ app_begin ] --END-- [ RunTime:0.003000s ]
NOTIC: [8192] mysql_connect(): The mysql extension is deprecated and will be removed in the future: use mysqli or PDO instead D:\wamp\www\wkapi\ThinkPHP\Library\Think\Db\Driver\Mysql.class.php 第 52 行.
SQL: SHOW COLUMNS FROM `hd_wk` [ RunTime:0.064004s ]
SQL: SELECT * FROM `hd_wk` ORDER BY id desc  [ RunTime:0.064004s ]
INFO: [ view_parse ] --START--
INFO: [ template_filter ] --START--
INFO: Run Behavior\ContentReplace [ RunTime:0.000000s ]
INFO: [ template_filter ] --END-- [ RunTime:0.000000s ]
SQL: SHOW COLUMNS FROM `hd_wkdetail` [ RunTime:0.065003s ]
SQL: SELECT * FROM `hd_wkdetail` WHERE ( `rid` = 16 ) LIMIT 1   [ RunTime:0.062004s ]
SQL: SELECT * FROM `hd_wkdetail` WHERE ( `rid` = 15 ) LIMIT 1   [ RunTime:0.062004s ]
SQL: SELECT * FROM `hd_wkdetail` WHERE ( `rid` = 14 ) LIMIT 1   [ RunTime:0.063003s ]
SQL: SELECT * FROM `hd_wkdetail` WHERE ( `rid` = 13 ) LIMIT 1   [ RunTime:0.064004s ]
SQL: SELECT * FROM `hd_wkdetail` WHERE ( `rid` = 12 ) LIMIT 1   [ RunTime:0.066004s ]
SQL: SELECT * FROM `hd_wkdetail` WHERE ( `rid` = 11 ) LIMIT 1   [ RunTime:0.063004s ]
SQL: SELECT * FROM `hd_wkdetail` WHERE ( `rid` = 10 ) LIMIT 1   [ RunTime:0.063003s ]
SQL: SELECT * FROM `hd_wkdetail` WHERE ( `rid` = 9 ) LIMIT 1   [ RunTime:0.066004s ]
SQL: SELECT * FROM `hd_wkdetail` WHERE ( `rid` = 8 ) LIMIT 1   [ RunTime:0.063004s ]
SQL: SELECT * FROM `hd_wkdetail` WHERE ( `rid` = 7 ) LIMIT 1   [ RunTime:0.063004s ]
SQL: SELECT * FROM `hd_wkdetail` WHERE ( `rid` = 6 ) LIMIT 1   [ RunTime:0.062003s ]
SQL: SELECT * FROM `hd_wkdetail` WHERE ( `rid` = 5 ) LIMIT 1   [ RunTime:0.064004s ]
SQL: SELECT * FROM `hd_wkdetail` WHERE ( `rid` = 4 ) LIMIT 1   [ RunTime:0.062004s ]
SQL: SELECT * FROM `hd_wkdetail` WHERE ( `rid` = 3 ) LIMIT 1   [ RunTime:0.065003s ]
SQL: SELECT * FROM `hd_wkdetail` WHERE ( `rid` = 2 ) LIMIT 1   [ RunTime:0.066003s ]
SQL: SELECT * FROM `hd_wkdetail` WHERE ( `rid` = 1 ) LIMIT 1   [ RunTime:0.062004s ]
INFO: Run Behavior\ParseTemplate [ RunTime:1.137065s ]
INFO: [ view_parse ] --END-- [ RunTime:1.137065s ]
INFO: [ view_filter ] --START--
INFO: Run Behavior\WriteHtmlCache [ RunTime:0.002000s ]
INFO: [ view_filter ] --END-- [ RunTime:0.002000s ]
INFO: [ app_end ] --START--
INFO: Run Behavior\ShowPageTrace [ RunTime:0.003001s ]
INFO: [ app_end ] --END-- [ RunTime:0.004001s ]

[ 2016-12-18T20:55:48+08:00 ] ::1 /wkapi/index.php?m=admin&c=house&a=index
INFO: [ app_begin ] --START--
INFO: Run Behavior\ReadHtmlCache [ RunTime:0.001000s ]
INFO: [ app_begin ] --END-- [ RunTime:0.002000s ]
NOTIC: [8192] mysql_connect(): The mysql extension is deprecated and will be removed in the future: use mysqli or PDO instead D:\wamp\www\wkapi\ThinkPHP\Library\Think\Db\Driver\Mysql.class.php 第 52 行.
SQL: SHOW COLUMNS FROM `hd_wk` [ RunTime:0.066004s ]
SQL: SELECT * FROM `hd_wk` ORDER BY id desc  [ RunTime:0.066004s ]
INFO: [ view_parse ] --START--
INFO: [ template_filter ] --START--
INFO: Run Behavior\ContentReplace [ RunTime:0.001000s ]
INFO: [ template_filter ] --END-- [ RunTime:0.001000s ]
SQL: SHOW COLUMNS FROM `hd_wkdetail` [ RunTime:0.066003s ]
SQL: SELECT * FROM `hd_wkdetail` WHERE ( `rid` = 16 ) LIMIT 1   [ RunTime:0.066004s ]
SQL: SELECT * FROM `hd_wkdetail` WHERE ( `rid` = 15 ) LIMIT 1   [ RunTime:0.065004s ]
SQL: SELECT * FROM `hd_wkdetail` WHERE ( `rid` = 14 ) LIMIT 1   [ RunTime:0.066004s ]
SQL: SELECT * FROM `hd_wkdetail` WHERE ( `rid` = 13 ) LIMIT 1   [ RunTime:0.066004s ]
SQL: SELECT * FROM `hd_wkdetail` WHERE ( `rid` = 12 ) LIMIT 1   [ RunTime:0.066004s ]
SQL: SELECT * FROM `hd_wkdetail` WHERE ( `rid` = 11 ) LIMIT 1   [ RunTime:0.065003s ]
SQL: SELECT * FROM `hd_wkdetail` WHERE ( `rid` = 10 ) LIMIT 1   [ RunTime:0.066004s ]
SQL: SELECT * FROM `hd_wkdetail` WHERE ( `rid` = 9 ) LIMIT 1   [ RunTime:0.065004s ]
SQL: SELECT * FROM `hd_wkdetail` WHERE ( `rid` = 8 ) LIMIT 1   [ RunTime:0.065004s ]
SQL: SELECT * FROM `hd_wkdetail` WHERE ( `rid` = 7 ) LIMIT 1   [ RunTime:0.066004s ]
SQL: SELECT * FROM `hd_wkdetail` WHERE ( `rid` = 6 ) LIMIT 1   [ RunTime:0.065003s ]
SQL: SELECT * FROM `hd_wkdetail` WHERE ( `rid` = 5 ) LIMIT 1   [ RunTime:0.065003s ]
SQL: SELECT * FROM `hd_wkdetail` WHERE ( `rid` = 4 ) LIMIT 1   [ RunTime:0.065004s ]
SQL: SELECT * FROM `hd_wkdetail` WHERE ( `rid` = 3 ) LIMIT 1   [ RunTime:0.065004s ]
SQL: SELECT * FROM `hd_wkdetail` WHERE ( `rid` = 2 ) LIMIT 1   [ RunTime:0.068004s ]
SQL: SELECT * FROM `hd_wkdetail` WHERE ( `rid` = 1 ) LIMIT 1   [ RunTime:0.066004s ]
INFO: Run Behavior\ParseTemplate [ RunTime:1.168067s ]
INFO: [ view_parse ] --END-- [ RunTime:1.170067s ]
INFO: [ view_filter ] --START--
INFO: Run Behavior\WriteHtmlCache [ RunTime:0.002000s ]
INFO: [ view_filter ] --END-- [ RunTime:0.002000s ]
INFO: [ app_end ] --START--
INFO: Run Behavior\ShowPageTrace [ RunTime:0.002000s ]
INFO: [ app_end ] --END-- [ RunTime:0.004000s ]

[ 2016-12-18T20:57:03+08:00 ] ::1 /wkapi/index.php?m=admin&c=house&a=index
INFO: [ app_begin ] --START--
INFO: Run Behavior\ReadHtmlCache [ RunTime:0.002000s ]
INFO: [ app_begin ] --END-- [ RunTime:0.003000s ]
NOTIC: [8192] mysql_connect(): The mysql extension is deprecated and will be removed in the future: use mysqli or PDO instead D:\wamp\www\wkapi\ThinkPHP\Library\Think\Db\Driver\Mysql.class.php 第 52 行.
SQL: SHOW COLUMNS FROM `hd_wk` [ RunTime:0.054003s ]
SQL: SELECT * FROM `hd_wk` ORDER BY id desc  [ RunTime:0.054003s ]
INFO: [ view_parse ] --START--
INFO: [ template_filter ] --START--
INFO: Run Behavior\ContentReplace [ RunTime:0.001000s ]
INFO: [ template_filter ] --END-- [ RunTime:0.001000s ]
SQL: SHOW COLUMNS FROM `hd_wkdetail` [ RunTime:0.053003s ]
SQL: SELECT * FROM `hd_wkdetail` WHERE ( `rid` = 16 ) LIMIT 1   [ RunTime:0.053003s ]
SQL: SELECT * FROM `hd_wkdetail` WHERE ( `rid` = 15 ) LIMIT 1   [ RunTime:0.055003s ]
SQL: SELECT * FROM `hd_wkdetail` WHERE ( `rid` = 14 ) LIMIT 1   [ RunTime:0.053003s ]
SQL: SELECT * FROM `hd_wkdetail` WHERE ( `rid` = 13 ) LIMIT 1   [ RunTime:0.055003s ]
SQL: SELECT * FROM `hd_wkdetail` WHERE ( `rid` = 12 ) LIMIT 1   [ RunTime:0.053003s ]
SQL: SELECT * FROM `hd_wkdetail` WHERE ( `rid` = 11 ) LIMIT 1   [ RunTime:0.053003s ]
SQL: SELECT * FROM `hd_wkdetail` WHERE ( `rid` = 10 ) LIMIT 1   [ RunTime:0.053003s ]
SQL: SELECT * FROM `hd_wkdetail` WHERE ( `rid` = 9 ) LIMIT 1   [ RunTime:0.053003s ]
SQL: SELECT * FROM `hd_wkdetail` WHERE ( `rid` = 8 ) LIMIT 1   [ RunTime:0.053003s ]
SQL: SELECT * FROM `hd_wkdetail` WHERE ( `rid` = 7 ) LIMIT 1   [ RunTime:0.054003s ]
SQL: SELECT * FROM `hd_wkdetail` WHERE ( `rid` = 6 ) LIMIT 1   [ RunTime:0.054003s ]
SQL: SELECT * FROM `hd_wkdetail` WHERE ( `rid` = 5 ) LIMIT 1   [ RunTime:0.053003s ]
SQL: SELECT * FROM `hd_wkdetail` WHERE ( `rid` = 4 ) LIMIT 1   [ RunTime:0.053003s ]
SQL: SELECT * FROM `hd_wkdetail` WHERE ( `rid` = 3 ) LIMIT 1   [ RunTime:0.053003s ]
SQL: SELECT * FROM `hd_wkdetail` WHERE ( `rid` = 2 ) LIMIT 1   [ RunTime:0.054004s ]
SQL: SELECT * FROM `hd_wkdetail` WHERE ( `rid` = 1 ) LIMIT 1   [ RunTime:0.054003s ]
INFO: Run Behavior\ParseTemplate [ RunTime:0.994057s ]
INFO: [ view_parse ] --END-- [ RunTime:0.996057s ]
INFO: [ view_filter ] --START--
INFO: Run Behavior\WriteHtmlCache [ RunTime:0.002000s ]
INFO: [ view_filter ] --END-- [ RunTime:0.003000s ]
INFO: [ app_end ] --START--
INFO: Run Behavior\ShowPageTrace [ RunTime:0.002000s ]
INFO: [ app_end ] --END-- [ RunTime:0.003000s ]

