[ 2016-12-15T17:48:45+08:00 ] 127.0.0.1 /52php/api/
mb: 1111111111
[ 2016-12-15T17:48:45+08:00 ] 127.0.0.1 /52php/api/
info: 
[ 2016-12-15T17:48:45+08:00 ] 127.0.0.1 /52php/api/
INFO: [ app_begin ] --START--
INFO: Run Behavior\ReadHtmlCache [ RunTime:0.006025s ]
INFO: [ app_begin ] --END-- [ RunTime:0.017071s ]
NOTIC: [8] Trying to get property of non-object D:\wamp\www\52php\api\Application\Home\Controller\IndexController.class.php 第 23 行.
NOTIC: [2] Invalid argument supplied for foreach() D:\wamp\www\52php\api\Application\Home\Controller\IndexController.class.php 第 23 行.
NOTIC: [8] Trying to get property of non-object D:\wamp\www\52php\api\Application\Home\Controller\IndexController.class.php 第 33 行.
NOTIC: [2] Invalid argument supplied for foreach() D:\wamp\www\52php\api\Application\Home\Controller\IndexController.class.php 第 33 行.
NOTIC: [8] Trying to get property of non-object D:\wamp\www\52php\api\Application\Home\Controller\IndexController.class.php 第 49 行.
NOTIC: [2] Invalid argument supplied for foreach() D:\wamp\www\52php\api\Application\Home\Controller\IndexController.class.php 第 49 行.
NOTIC: [8192] mysql_connect(): The mysql extension is deprecated and will be removed in the future: use mysqli or PDO instead D:\wamp\www\52php\api\ThinkPHP\Library\Think\Db\Driver\Mysql.class.php 第 52 行.
SQL: SHOW COLUMNS FROM `hd_wk` [ RunTime:0.057240s ]
SQL: SELECT * FROM `hd_wk` LIMIT 3   [ RunTime:0.057239s ]

[ 2016-12-15T17:48:52+08:00 ] 127.0.0.1 /52php/api/admin/
INFO: [ app_begin ] --START--
INFO: Run Behavior\ReadHtmlCache [ RunTime:0.006025s ]
INFO: [ app_begin ] --END-- [ RunTime:0.011046s ]
INFO: [ view_parse ] --START--
INFO: [ template_filter ] --START--
INFO: Run Behavior\ContentReplace [ RunTime:0.000000s ]
INFO: [ template_filter ] --END-- [ RunTime:0.001004s ]
INFO: Run Behavior\ParseTemplate [ RunTime:0.075315s ]
INFO: [ view_parse ] --END-- [ RunTime:0.075315s ]
INFO: [ view_filter ] --START--
INFO: Run Behavior\WriteHtmlCache [ RunTime:0.009038s ]
INFO: [ view_filter ] --END-- [ RunTime:0.009038s ]
INFO: [ app_end ] --START--
INFO: Run Behavior\ShowPageTrace [ RunTime:0.039164s ]
INFO: [ app_end ] --END-- [ RunTime:0.039164s ]

[ 2016-12-15T17:48:53+08:00 ] 127.0.0.1 /52php/api/admin/welcome.html
INFO: [ app_begin ] --START--
INFO: Run Behavior\ReadHtmlCache [ RunTime:0.002009s ]
INFO: [ app_begin ] --END-- [ RunTime:0.013055s ]
ERR: 无法加载控制器:Welcome

[ 2016-12-15T17:48:56+08:00 ] 127.0.0.1 /52php/api/index.php/Admin/user/index.html
INFO: [ app_begin ] --START--
INFO: Run Behavior\ReadHtmlCache [ RunTime:0.005021s ]
INFO: [ app_begin ] --END-- [ RunTime:0.018076s ]
INFO: [ app_end ] --START--
INFO: Run Behavior\ShowPageTrace [ RunTime:0.009038s ]
INFO: [ app_end ] --END-- [ RunTime:0.009038s ]

[ 2016-12-15T17:48:57+08:00 ] 127.0.0.1 /52php/api/index.php/Admin/user/logs.html
INFO: [ app_begin ] --START--
INFO: Run Behavior\ReadHtmlCache [ RunTime:0.001004s ]
INFO: [ app_begin ] --END-- [ RunTime:0.002008s ]
INFO: [ app_end ] --START--
INFO: Run Behavior\ShowPageTrace [ RunTime:0.001004s ]
INFO: [ app_end ] --END-- [ RunTime:0.001004s ]

[ 2016-12-15T17:49:08+08:00 ] 127.0.0.1 /52php/api/admin/
INFO: [ app_begin ] --START--
INFO: Run Behavior\ReadHtmlCache [ RunTime:0.047198s ]
INFO: [ app_begin ] --END-- [ RunTime:0.059248s ]
INFO: [ view_parse ] --START--
INFO: [ template_filter ] --START--
INFO: Run Behavior\ContentReplace [ RunTime:0.001005s ]
INFO: [ template_filter ] --END-- [ RunTime:0.001005s ]
INFO: Run Behavior\ParseTemplate [ RunTime:0.038159s ]
INFO: [ view_parse ] --END-- [ RunTime:0.038159s ]
INFO: [ view_filter ] --START--
INFO: Run Behavior\WriteHtmlCache [ RunTime:0.001005s ]
INFO: [ view_filter ] --END-- [ RunTime:0.001005s ]
INFO: [ app_end ] --START--
INFO: Run Behavior\ShowPageTrace [ RunTime:0.007029s ]
INFO: [ app_end ] --END-- [ RunTime:0.007029s ]

[ 2016-12-15T17:49:08+08:00 ] 127.0.0.1 /52php/api/admin/welcome.html
INFO: [ app_begin ] --START--
INFO: Run Behavior\ReadHtmlCache [ RunTime:0.003012s ]
INFO: [ app_begin ] --END-- [ RunTime:0.004016s ]
ERR: 无法加载控制器:Welcome

[ 2016-12-15T17:52:31+08:00 ] 127.0.0.1 /52php/api/admin/
INFO: [ app_begin ] --START--
INFO: Run Behavior\ReadHtmlCache [ RunTime:0.006009s ]
INFO: [ app_begin ] --END-- [ RunTime:0.017025s ]
INFO: [ view_parse ] --START--
INFO: [ template_filter ] --START--
INFO: Run Behavior\ContentReplace [ RunTime:0.000000s ]
INFO: [ template_filter ] --END-- [ RunTime:0.000000s ]
INFO: Run Behavior\ParseTemplate [ RunTime:0.037055s ]
INFO: [ view_parse ] --END-- [ RunTime:0.038057s ]
INFO: [ view_filter ] --START--
INFO: Run Behavior\WriteHtmlCache [ RunTime:0.000000s ]
INFO: [ view_filter ] --END-- [ RunTime:0.002003s ]
INFO: [ app_end ] --START--
INFO: Run Behavior\ShowPageTrace [ RunTime:0.006009s ]
INFO: [ app_end ] --END-- [ RunTime:0.007011s ]

[ 2016-12-15T17:52:32+08:00 ] 127.0.0.1 /52php/api/admin/welcome.html
INFO: [ app_begin ] --START--
INFO: Run Behavior\ReadHtmlCache [ RunTime:0.001001s ]
INFO: [ app_begin ] --END-- [ RunTime:0.002003s ]

[ 2016-12-15T17:52:35+08:00 ] 127.0.0.1 /52php/api/index.php/Admin/user/index.html
INFO: [ app_begin ] --START--
INFO: Run Behavior\ReadHtmlCache [ RunTime:0.001001s ]
INFO: [ app_begin ] --END-- [ RunTime:0.001001s ]
INFO: [ app_end ] --START--
INFO: Run Behavior\ShowPageTrace [ RunTime:0.001002s ]
INFO: [ app_end ] --END-- [ RunTime:0.001002s ]

[ 2016-12-15T17:52:37+08:00 ] 127.0.0.1 /52php/api/index.php/Admin/user/logs.html
INFO: [ app_begin ] --START--
INFO: Run Behavior\ReadHtmlCache [ RunTime:0.001002s ]
INFO: [ app_begin ] --END-- [ RunTime:0.002003s ]
INFO: [ app_end ] --START--
INFO: Run Behavior\ShowPageTrace [ RunTime:0.001002s ]
INFO: [ app_end ] --END-- [ RunTime:0.001002s ]

[ 2016-12-15T17:52:40+08:00 ] 127.0.0.1 /52php/api/index.php/Admin/user/index.html
INFO: [ app_begin ] --START--
INFO: Run Behavior\ReadHtmlCache [ RunTime:0.001001s ]
INFO: [ app_begin ] --END-- [ RunTime:0.001001s ]
INFO: [ app_end ] --START--
INFO: Run Behavior\ShowPageTrace [ RunTime:0.001002s ]
INFO: [ app_end ] --END-- [ RunTime:0.001002s ]

[ 2016-12-15T17:55:09+08:00 ] 127.0.0.1 /52php/api/index.php/Admin/user/index.html
INFO: [ app_begin ] --START--
INFO: Run Behavior\ReadHtmlCache [ RunTime:0.006004s ]
INFO: [ app_begin ] --END-- [ RunTime:0.017011s ]
INFO: [ app_end ] --START--
INFO: Run Behavior\ShowPageTrace [ RunTime:0.005003s ]
INFO: [ app_end ] --END-- [ RunTime:0.005003s ]

[ 2016-12-15T17:55:11+08:00 ] 127.0.0.1 /52php/api/index.php/Admin/user/logs.html
INFO: [ app_begin ] --START--
INFO: Run Behavior\ReadHtmlCache [ RunTime:0.001000s ]
INFO: [ app_begin ] --END-- [ RunTime:0.001000s ]
NOTIC: [8192] mysql_connect(): The mysql extension is deprecated and will be removed in the future: use mysqli or PDO instead D:\wamp\www\52php\api\ThinkPHP\Library\Think\Db\Driver\Mysql.class.php 第 52 行.
SQL: SHOW COLUMNS FROM `hd_feedback` [ RunTime:0.058034s ]
SQL: SELECT * FROM `hd_feedback`  [ RunTime:0.055033s ]
INFO: [ app_end ] --START--
INFO: Run Behavior\ShowPageTrace [ RunTime:0.002001s ]
INFO: [ app_end ] --END-- [ RunTime:0.002001s ]

[ 2016-12-15T17:55:13+08:00 ] 127.0.0.1 /52php/api/admin/
INFO: [ app_begin ] --START--
INFO: Run Behavior\ReadHtmlCache [ RunTime:0.002001s ]
INFO: [ app_begin ] --END-- [ RunTime:0.003001s ]
INFO: [ view_parse ] --START--
INFO: [ template_filter ] --START--
INFO: Run Behavior\ContentReplace [ RunTime:0.000000s ]
INFO: [ template_filter ] --END-- [ RunTime:0.001000s ]
INFO: Run Behavior\ParseTemplate [ RunTime:0.056034s ]
INFO: [ view_parse ] --END-- [ RunTime:0.057034s ]
INFO: [ view_filter ] --START--
INFO: Run Behavior\WriteHtmlCache [ RunTime:0.006004s ]
INFO: [ view_filter ] --END-- [ RunTime:0.006004s ]
INFO: [ app_end ] --START--
INFO: Run Behavior\ShowPageTrace [ RunTime:0.001001s ]
INFO: [ app_end ] --END-- [ RunTime:0.001001s ]

[ 2016-12-15T17:55:14+08:00 ] 127.0.0.1 /52php/api/admin/welcome.html
INFO: [ app_begin ] --START--
INFO: Run Behavior\ReadHtmlCache [ RunTime:0.001000s ]
INFO: [ app_begin ] --END-- [ RunTime:0.002001s ]

[ 2016-12-15T17:55:17+08:00 ] 127.0.0.1 /52php/api/index.php/Admin/user/logs.html
INFO: [ app_begin ] --START--
INFO: Run Behavior\ReadHtmlCache [ RunTime:0.001001s ]
INFO: [ app_begin ] --END-- [ RunTime:0.001001s ]
NOTIC: [8192] mysql_connect(): The mysql extension is deprecated and will be removed in the future: use mysqli or PDO instead D:\wamp\www\52php\api\ThinkPHP\Library\Think\Db\Driver\Mysql.class.php 第 52 行.
SQL: SHOW COLUMNS FROM `hd_feedback` [ RunTime:0.047028s ]
SQL: SELECT * FROM `hd_feedback`  [ RunTime:0.046027s ]
INFO: [ app_end ] --START--
INFO: Run Behavior\ShowPageTrace [ RunTime:0.004002s ]
INFO: [ app_end ] --END-- [ RunTime:0.004002s ]

[ 2016-12-15T17:55:39+08:00 ] 127.0.0.1 /52php/api/index.php/Admin/user/logs.html
INFO: [ app_begin ] --START--
INFO: Run Behavior\ReadHtmlCache [ RunTime:0.006004s ]
INFO: [ app_begin ] --END-- [ RunTime:0.010006s ]
NOTIC: [8192] mysql_connect(): The mysql extension is deprecated and will be removed in the future: use mysqli or PDO instead D:\wamp\www\52php\api\ThinkPHP\Library\Think\Db\Driver\Mysql.class.php 第 52 行.
SQL: SHOW COLUMNS FROM `hd_feedback` [ RunTime:0.054033s ]
SQL: SELECT * FROM `hd_feedback`  [ RunTime:0.049030s ]
INFO: [ view_parse ] --START--
INFO: [ template_filter ] --START--
INFO: Run Behavior\ContentReplace [ RunTime:0.000000s ]
INFO: [ template_filter ] --END-- [ RunTime:0.000000s ]
INFO: Run Behavior\ParseTemplate [ RunTime:0.044026s ]
INFO: [ view_parse ] --END-- [ RunTime:0.046028s ]
INFO: [ view_filter ] --START--
INFO: Run Behavior\WriteHtmlCache [ RunTime:0.001001s ]
INFO: [ view_filter ] --END-- [ RunTime:0.002001s ]
INFO: [ app_end ] --START--
INFO: Run Behavior\ShowPageTrace [ RunTime:0.014009s ]
INFO: [ app_end ] --END-- [ RunTime:0.014009s ]

[ 2016-12-15T18:04:33+08:00 ] 127.0.0.1 /52php/api/index.php/Admin/house/index.html
INFO: [ app_begin ] --START--
INFO: Run Behavior\ReadHtmlCache [ RunTime:0.005002s ]
INFO: [ app_begin ] --END-- [ RunTime:0.018005s ]
NOTIC: [8192] mysql_connect(): The mysql extension is deprecated and will be removed in the future: use mysqli or PDO instead D:\wamp\www\52php\api\ThinkPHP\Library\Think\Db\Driver\Mysql.class.php 第 52 行.
SQL: SHOW COLUMNS FROM `hd_wk` [ RunTime:0.053016s ]
SQL: SELECT * FROM `hd_wk` ORDER BY id desc  [ RunTime:0.053016s ]
INFO: [ view_parse ] --START--
INFO: [ template_filter ] --START--
INFO: Run Behavior\ContentReplace [ RunTime:0.000000s ]
INFO: [ template_filter ] --END-- [ RunTime:0.000000s ]
INFO: Run Behavior\ParseTemplate [ RunTime:0.075023s ]
INFO: [ view_parse ] --END-- [ RunTime:0.075023s ]
INFO: [ view_filter ] --START--
INFO: Run Behavior\WriteHtmlCache [ RunTime:0.028008s ]
INFO: [ view_filter ] --END-- [ RunTime:0.028008s ]
INFO: [ app_end ] --START--
INFO: Run Behavior\ShowPageTrace [ RunTime:0.029009s ]
INFO: [ app_end ] --END-- [ RunTime:0.029009s ]

