[ 2016-12-17T21:15:45+08:00 ] ::1 /wkapi/index.php/Admin/house/index.html
INFO: [ app_begin ] --START--
INFO: Run Behavior\ReadHtmlCache [ RunTime:0.002000s ]
INFO: [ app_begin ] --END-- [ RunTime:0.003000s ]
NOTIC: [8192] mysql_connect(): The mysql extension is deprecated and will be removed in the future: use mysqli or PDO instead D:\wamp\www\wkapi\ThinkPHP\Library\Think\Db\Driver\Mysql.class.php 第 52 行.
SQL: SHOW COLUMNS FROM `hd_wk` [ RunTime:0.060004s ]
SQL: SELECT * FROM `hd_wk` ORDER BY id desc  [ RunTime:0.068004s ]

[ 2016-12-17T21:16:14+08:00 ] ::1 /wkapi/index.php/Admin/house/index.html
INFO: [ app_begin ] --START--
INFO: Run Behavior\ReadHtmlCache [ RunTime:0.002000s ]
INFO: [ app_begin ] --END-- [ RunTime:0.003000s ]
NOTIC: [8192] mysql_connect(): The mysql extension is deprecated and will be removed in the future: use mysqli or PDO instead D:\wamp\www\wkapi\ThinkPHP\Library\Think\Db\Driver\Mysql.class.php 第 52 行.
SQL: SHOW COLUMNS FROM `hd_wk` [ RunTime:0.060004s ]
SQL: SELECT * FROM `hd_wk` ORDER BY id desc  [ RunTime:0.061003s ]

[ 2016-12-17T21:16:46+08:00 ] ::1 /wkapi/index.php/Admin/user/logs.html
INFO: [ app_begin ] --START--
INFO: Run Behavior\ReadHtmlCache [ RunTime:0.002000s ]
INFO: [ app_begin ] --END-- [ RunTime:0.004000s ]
NOTIC: [8192] mysql_connect(): The mysql extension is deprecated and will be removed in the future: use mysqli or PDO instead D:\wamp\www\wkapi\ThinkPHP\Library\Think\Db\Driver\Mysql.class.php 第 52 行.
SQL: SHOW COLUMNS FROM `hd_feedback` [ RunTime:0.062003s ]
SQL: SELECT * FROM `hd_feedback`  [ RunTime:0.061004s ]
INFO: [ view_parse ] --START--
INFO: [ template_filter ] --START--
INFO: Run Behavior\ContentReplace [ RunTime:0.001000s ]
INFO: [ template_filter ] --END-- [ RunTime:0.001000s ]
INFO: Run Behavior\ParseTemplate [ RunTime:0.026001s ]
INFO: [ view_parse ] --END-- [ RunTime:0.026001s ]
INFO: [ view_filter ] --START--
INFO: Run Behavior\WriteHtmlCache [ RunTime:0.001000s ]
INFO: [ view_filter ] --END-- [ RunTime:0.002001s ]
INFO: [ app_end ] --START--
INFO: Run Behavior\ShowPageTrace [ RunTime:0.002000s ]
INFO: [ app_end ] --END-- [ RunTime:0.003000s ]

[ 2016-12-17T21:16:47+08:00 ] ::1 /wkapi/index.php/Admin/user/logs.html
INFO: [ app_begin ] --START--
INFO: Run Behavior\ReadHtmlCache [ RunTime:0.002000s ]
INFO: [ app_begin ] --END-- [ RunTime:0.003000s ]
NOTIC: [8192] mysql_connect(): The mysql extension is deprecated and will be removed in the future: use mysqli or PDO instead D:\wamp\www\wkapi\ThinkPHP\Library\Think\Db\Driver\Mysql.class.php 第 52 行.
SQL: SHOW COLUMNS FROM `hd_feedback` [ RunTime:0.063004s ]
SQL: SELECT * FROM `hd_feedback`  [ RunTime:0.062004s ]
INFO: [ view_parse ] --START--
INFO: [ template_filter ] --START--
INFO: Run Behavior\ContentReplace [ RunTime:0.000000s ]
INFO: [ template_filter ] --END-- [ RunTime:0.000000s ]
INFO: Run Behavior\ParseTemplate [ RunTime:0.027001s ]
INFO: [ view_parse ] --END-- [ RunTime:0.028001s ]
INFO: [ view_filter ] --START--
INFO: Run Behavior\WriteHtmlCache [ RunTime:0.001000s ]
INFO: [ view_filter ] --END-- [ RunTime:0.001000s ]
INFO: [ app_end ] --START--
INFO: Run Behavior\ShowPageTrace [ RunTime:0.002000s ]
INFO: [ app_end ] --END-- [ RunTime:0.002000s ]

[ 2016-12-17T21:16:52+08:00 ] ::1 /wkapi/index.php/Admin/house/index.html
INFO: [ app_begin ] --START--
INFO: Run Behavior\ReadHtmlCache [ RunTime:0.001000s ]
INFO: [ app_begin ] --END-- [ RunTime:0.003000s ]
NOTIC: [8192] mysql_connect(): The mysql extension is deprecated and will be removed in the future: use mysqli or PDO instead D:\wamp\www\wkapi\ThinkPHP\Library\Think\Db\Driver\Mysql.class.php 第 52 行.
SQL: SHOW COLUMNS FROM `hd_wk` [ RunTime:0.066004s ]
SQL: SELECT * FROM `hd_wk` ORDER BY id desc  [ RunTime:0.066003s ]

[ 2016-12-17T21:17:30+08:00 ] ::1 /wkapi/index.php/Admin/house/index
INFO: [ app_begin ] --START--
INFO: Run Behavior\ReadHtmlCache [ RunTime:0.001000s ]
INFO: [ app_begin ] --END-- [ RunTime:0.021002s ]
NOTIC: [8192] mysql_connect(): The mysql extension is deprecated and will be removed in the future: use mysqli or PDO instead D:\wamp\www\wkapi\ThinkPHP\Library\Think\Db\Driver\Mysql.class.php 第 52 行.
SQL: SHOW COLUMNS FROM `hd_wk` [ RunTime:0.061003s ]
SQL: SELECT * FROM `hd_wk` ORDER BY id desc  [ RunTime:0.061004s ]

[ 2016-12-17T21:17:37+08:00 ] ::1 /wkapi/index.php/Admin/house/edit
INFO: [ app_begin ] --START--
INFO: Run Behavior\ReadHtmlCache [ RunTime:0.009000s ]
INFO: [ app_begin ] --END-- [ RunTime:0.013000s ]
NOTIC: [8192] mysql_connect(): The mysql extension is deprecated and will be removed in the future: use mysqli or PDO instead D:\wamp\www\wkapi\ThinkPHP\Library\Think\Db\Driver\Mysql.class.php 第 52 行.
SQL: SHOW COLUMNS FROM `hd_wk` [ RunTime:0.068004s ]
SQL: SELECT * FROM `hd_wk` WHERE ( `id` = 0 ) LIMIT 1   [ RunTime:0.063003s ]

[ 2016-12-17T21:18:09+08:00 ] ::1 /wkapi/index.php/Admin/house/edit
INFO: [ app_begin ] --START--
INFO: Run Behavior\ReadHtmlCache [ RunTime:0.001000s ]
INFO: [ app_begin ] --END-- [ RunTime:0.002000s ]
NOTIC: [8192] mysql_connect(): The mysql extension is deprecated and will be removed in the future: use mysqli or PDO instead D:\wamp\www\wkapi\ThinkPHP\Library\Think\Db\Driver\Mysql.class.php 第 52 行.
SQL: SHOW COLUMNS FROM `hd_wk` [ RunTime:0.058003s ]
SQL: SELECT * FROM `hd_wk` WHERE ( `id` = 0 ) LIMIT 1   [ RunTime:0.056004s ]

[ 2016-12-17T21:18:15+08:00 ] ::1 /wkapi/index.php/Admin/house/edit
INFO: [ app_begin ] --START--
INFO: Run Behavior\ReadHtmlCache [ RunTime:0.007001s ]
INFO: [ app_begin ] --END-- [ RunTime:0.008001s ]

[ 2016-12-17T21:18:30+08:00 ] ::1 /wkapi/index.php/Admin/house/edit
INFO: [ app_begin ] --START--
INFO: Run Behavior\ReadHtmlCache [ RunTime:0.005000s ]
INFO: [ app_begin ] --END-- [ RunTime:0.006001s ]
NOTIC: [8192] mysql_connect(): The mysql extension is deprecated and will be removed in the future: use mysqli or PDO instead D:\wamp\www\wkapi\ThinkPHP\Library\Think\Db\Driver\Mysql.class.php 第 52 行.
SQL: SHOW COLUMNS FROM `hd_wk` [ RunTime:0.064003s ]
SQL: SELECT * FROM `hd_wk` WHERE ( `id` = 0 ) LIMIT 1   [ RunTime:0.063004s ]

[ 2016-12-17T21:20:39+08:00 ] ::1 /wkapi/index.php/Admin/house/edit
INFO: [ app_begin ] --START--
INFO: Run Behavior\ReadHtmlCache [ RunTime:0.010000s ]
INFO: [ app_begin ] --END-- [ RunTime:0.011000s ]
NOTIC: [8192] mysql_connect(): The mysql extension is deprecated and will be removed in the future: use mysqli or PDO instead D:\wamp\www\wkapi\ThinkPHP\Library\Think\Db\Driver\Mysql.class.php 第 52 行.
SQL: SHOW COLUMNS FROM `hd_wk` [ RunTime:0.059003s ]
SQL: SELECT * FROM `hd_wk` WHERE ( `id` = 0 ) LIMIT 1   [ RunTime:0.059004s ]

[ 2016-12-17T21:20:43+08:00 ] ::1 /wkapi/index.php/Admin/house/index
INFO: [ app_begin ] --START--
INFO: Run Behavior\ReadHtmlCache [ RunTime:0.014000s ]
INFO: [ app_begin ] --END-- [ RunTime:0.015000s ]
NOTIC: [8192] mysql_connect(): The mysql extension is deprecated and will be removed in the future: use mysqli or PDO instead D:\wamp\www\wkapi\ThinkPHP\Library\Think\Db\Driver\Mysql.class.php 第 52 行.
SQL: SHOW COLUMNS FROM `hd_wk` [ RunTime:0.065003s ]
SQL: SELECT * FROM `hd_wk` ORDER BY id desc  [ RunTime:0.065004s ]

[ 2016-12-17T21:20:53+08:00 ] ::1 /wkapi/index.php/Admin/house/index
INFO: [ app_begin ] --START--
INFO: Run Behavior\ReadHtmlCache [ RunTime:0.002001s ]
INFO: [ app_begin ] --END-- [ RunTime:0.003001s ]
NOTIC: [8192] mysql_connect(): The mysql extension is deprecated and will be removed in the future: use mysqli or PDO instead D:\wamp\www\wkapi\ThinkPHP\Library\Think\Db\Driver\Mysql.class.php 第 52 行.
SQL: SHOW COLUMNS FROM `hd_wk` [ RunTime:0.066004s ]
SQL: SELECT * FROM `hd_wk` ORDER BY id desc  [ RunTime:0.068004s ]
INFO: [ view_parse ] --START--
INFO: [ template_filter ] --START--
INFO: Run Behavior\ContentReplace [ RunTime:0.000000s ]
INFO: [ template_filter ] --END-- [ RunTime:0.001000s ]
SQL: SHOW COLUMNS FROM `hd_wkdetail` [ RunTime:0.065004s ]
SQL: SELECT * FROM `hd_wkdetail` WHERE ( `rid` = 16 ) LIMIT 1   [ RunTime:0.063003s ]
SQL: SELECT * FROM `hd_wkdetail` WHERE ( `rid` = 15 ) LIMIT 1   [ RunTime:0.063004s ]
SQL: SELECT * FROM `hd_wkdetail` WHERE ( `rid` = 14 ) LIMIT 1   [ RunTime:0.064004s ]
SQL: SELECT * FROM `hd_wkdetail` WHERE ( `rid` = 13 ) LIMIT 1   [ RunTime:0.065003s ]
SQL: SELECT * FROM `hd_wkdetail` WHERE ( `rid` = 12 ) LIMIT 1   [ RunTime:0.063003s ]
SQL: SELECT * FROM `hd_wkdetail` WHERE ( `rid` = 11 ) LIMIT 1   [ RunTime:0.063004s ]
SQL: SELECT * FROM `hd_wkdetail` WHERE ( `rid` = 10 ) LIMIT 1   [ RunTime:0.064004s ]
SQL: SELECT * FROM `hd_wkdetail` WHERE ( `rid` = 9 ) LIMIT 1   [ RunTime:0.063003s ]
SQL: SELECT * FROM `hd_wkdetail` WHERE ( `rid` = 8 ) LIMIT 1   [ RunTime:0.064004s ]
SQL: SELECT * FROM `hd_wkdetail` WHERE ( `rid` = 7 ) LIMIT 1   [ RunTime:0.063004s ]
SQL: SELECT * FROM `hd_wkdetail` WHERE ( `rid` = 6 ) LIMIT 1   [ RunTime:0.064004s ]
SQL: SELECT * FROM `hd_wkdetail` WHERE ( `rid` = 5 ) LIMIT 1   [ RunTime:0.064003s ]
SQL: SELECT * FROM `hd_wkdetail` WHERE ( `rid` = 4 ) LIMIT 1   [ RunTime:0.065004s ]
SQL: SELECT * FROM `hd_wkdetail` WHERE ( `rid` = 3 ) LIMIT 1   [ RunTime:0.067004s ]
SQL: SELECT * FROM `hd_wkdetail` WHERE ( `rid` = 2 ) LIMIT 1   [ RunTime:0.063004s ]
SQL: SELECT * FROM `hd_wkdetail` WHERE ( `rid` = 1 ) LIMIT 1   [ RunTime:0.063004s ]
INFO: Run Behavior\ParseTemplate [ RunTime:1.146066s ]
INFO: [ view_parse ] --END-- [ RunTime:1.146066s ]
INFO: [ view_filter ] --START--
INFO: Run Behavior\WriteHtmlCache [ RunTime:0.001000s ]
INFO: [ view_filter ] --END-- [ RunTime:0.002000s ]
INFO: [ app_end ] --START--
INFO: Run Behavior\ShowPageTrace [ RunTime:0.002000s ]
INFO: [ app_end ] --END-- [ RunTime:0.002000s ]

[ 2016-12-17T21:21:51+08:00 ] ::1 /wkapi/index.php/Admin/house/index
INFO: [ app_begin ] --START--
INFO: Run Behavior\ReadHtmlCache [ RunTime:0.002000s ]
INFO: [ app_begin ] --END-- [ RunTime:0.013001s ]
NOTIC: [8192] mysql_connect(): The mysql extension is deprecated and will be removed in the future: use mysqli or PDO instead D:\wamp\www\wkapi\ThinkPHP\Library\Think\Db\Driver\Mysql.class.php 第 52 行.
SQL: SHOW COLUMNS FROM `hd_wk` [ RunTime:0.065004s ]
SQL: SELECT * FROM `hd_wk` ORDER BY id desc  [ RunTime:0.077004s ]
INFO: [ view_parse ] --START--
INFO: [ template_filter ] --START--
INFO: Run Behavior\ContentReplace [ RunTime:0.001000s ]
INFO: [ template_filter ] --END-- [ RunTime:0.001000s ]
SQL: SHOW COLUMNS FROM `hd_wkdetail` [ RunTime:0.064004s ]
SQL: SELECT * FROM `hd_wkdetail` WHERE ( `rid` = 16 ) LIMIT 1   [ RunTime:0.066003s ]
SQL: SELECT * FROM `hd_wkdetail` WHERE ( `rid` = 15 ) LIMIT 1   [ RunTime:0.064003s ]
SQL: SELECT * FROM `hd_wkdetail` WHERE ( `rid` = 14 ) LIMIT 1   [ RunTime:0.063004s ]
SQL: SELECT * FROM `hd_wkdetail` WHERE ( `rid` = 13 ) LIMIT 1   [ RunTime:0.063004s ]
SQL: SELECT * FROM `hd_wkdetail` WHERE ( `rid` = 12 ) LIMIT 1   [ RunTime:0.064003s ]
SQL: SELECT * FROM `hd_wkdetail` WHERE ( `rid` = 11 ) LIMIT 1   [ RunTime:0.063004s ]
SQL: SELECT * FROM `hd_wkdetail` WHERE ( `rid` = 10 ) LIMIT 1   [ RunTime:0.063004s ]
SQL: SELECT * FROM `hd_wkdetail` WHERE ( `rid` = 9 ) LIMIT 1   [ RunTime:0.066004s ]
SQL: SELECT * FROM `hd_wkdetail` WHERE ( `rid` = 8 ) LIMIT 1   [ RunTime:0.067004s ]
SQL: SELECT * FROM `hd_wkdetail` WHERE ( `rid` = 7 ) LIMIT 1   [ RunTime:0.067004s ]
SQL: SELECT * FROM `hd_wkdetail` WHERE ( `rid` = 6 ) LIMIT 1   [ RunTime:0.064003s ]
SQL: SELECT * FROM `hd_wkdetail` WHERE ( `rid` = 5 ) LIMIT 1   [ RunTime:0.063004s ]
SQL: SELECT * FROM `hd_wkdetail` WHERE ( `rid` = 4 ) LIMIT 1   [ RunTime:0.063004s ]
SQL: SELECT * FROM `hd_wkdetail` WHERE ( `rid` = 3 ) LIMIT 1   [ RunTime:0.065004s ]
SQL: SELECT * FROM `hd_wkdetail` WHERE ( `rid` = 2 ) LIMIT 1   [ RunTime:0.063003s ]
SQL: SELECT * FROM `hd_wkdetail` WHERE ( `rid` = 1 ) LIMIT 1   [ RunTime:0.073005s ]
INFO: Run Behavior\ParseTemplate [ RunTime:1.194069s ]
INFO: [ view_parse ] --END-- [ RunTime:1.194069s ]
INFO: [ view_filter ] --START--
INFO: Run Behavior\WriteHtmlCache [ RunTime:0.003000s ]
INFO: [ view_filter ] --END-- [ RunTime:0.003000s ]
INFO: [ app_end ] --START--
INFO: Run Behavior\ShowPageTrace [ RunTime:0.003000s ]
INFO: [ app_end ] --END-- [ RunTime:0.004000s ]

[ 2016-12-17T21:31:20+08:00 ] ::1 /wkapi/index.php/Admin/house/index
INFO: [ app_begin ] --START--
INFO: Run Behavior\ReadHtmlCache [ RunTime:0.003000s ]
INFO: [ app_begin ] --END-- [ RunTime:0.003000s ]
NOTIC: [8192] mysql_connect(): The mysql extension is deprecated and will be removed in the future: use mysqli or PDO instead D:\wamp\www\wkapi\ThinkPHP\Library\Think\Db\Driver\Mysql.class.php 第 52 行.
SQL: SHOW COLUMNS FROM `hd_wk` [ RunTime:0.063004s ]
SQL: SELECT * FROM `hd_wk` ORDER BY id desc  [ RunTime:0.065004s ]
INFO: [ view_parse ] --START--
INFO: [ template_filter ] --START--
INFO: Run Behavior\ContentReplace [ RunTime:0.000000s ]
INFO: [ template_filter ] --END-- [ RunTime:0.001000s ]
SQL: SHOW COLUMNS FROM `hd_wkdetail` [ RunTime:0.062003s ]
SQL: SELECT * FROM `hd_wkdetail` WHERE ( `rid` = 16 ) LIMIT 1   [ RunTime:0.061004s ]
SQL: SELECT * FROM `hd_wkdetail` WHERE ( `rid` = 15 ) LIMIT 1   [ RunTime:0.062004s ]
SQL: SELECT * FROM `hd_wkdetail` WHERE ( `rid` = 14 ) LIMIT 1   [ RunTime:0.061003s ]
SQL: SELECT * FROM `hd_wkdetail` WHERE ( `rid` = 13 ) LIMIT 1   [ RunTime:0.062004s ]
SQL: SELECT * FROM `hd_wkdetail` WHERE ( `rid` = 12 ) LIMIT 1   [ RunTime:0.062003s ]
SQL: SELECT * FROM `hd_wkdetail` WHERE ( `rid` = 11 ) LIMIT 1   [ RunTime:0.062003s ]
SQL: SELECT * FROM `hd_wkdetail` WHERE ( `rid` = 10 ) LIMIT 1   [ RunTime:0.061004s ]
SQL: SELECT * FROM `hd_wkdetail` WHERE ( `rid` = 9 ) LIMIT 1   [ RunTime:0.062004s ]
SQL: SELECT * FROM `hd_wkdetail` WHERE ( `rid` = 8 ) LIMIT 1   [ RunTime:0.061003s ]
SQL: SELECT * FROM `hd_wkdetail` WHERE ( `rid` = 7 ) LIMIT 1   [ RunTime:0.062004s ]
SQL: SELECT * FROM `hd_wkdetail` WHERE ( `rid` = 6 ) LIMIT 1   [ RunTime:0.062004s ]
SQL: SELECT * FROM `hd_wkdetail` WHERE ( `rid` = 5 ) LIMIT 1   [ RunTime:0.062003s ]
SQL: SELECT * FROM `hd_wkdetail` WHERE ( `rid` = 4 ) LIMIT 1   [ RunTime:0.062004s ]
SQL: SELECT * FROM `hd_wkdetail` WHERE ( `rid` = 3 ) LIMIT 1   [ RunTime:0.062004s ]
SQL: SELECT * FROM `hd_wkdetail` WHERE ( `rid` = 2 ) LIMIT 1   [ RunTime:0.062003s ]
SQL: SELECT * FROM `hd_wkdetail` WHERE ( `rid` = 1 ) LIMIT 1   [ RunTime:0.062004s ]
INFO: Run Behavior\ParseTemplate [ RunTime:1.140065s ]
INFO: [ view_parse ] --END-- [ RunTime:1.140065s ]
INFO: [ view_filter ] --START--
INFO: Run Behavior\WriteHtmlCache [ RunTime:0.002000s ]
INFO: [ view_filter ] --END-- [ RunTime:0.002000s ]
INFO: [ app_end ] --START--
INFO: Run Behavior\ShowPageTrace [ RunTime:0.002000s ]
INFO: [ app_end ] --END-- [ RunTime:0.002000s ]

[ 2016-12-17T21:45:54+08:00 ] ::1 /wkapi/index.php/Admin/house/index
INFO: [ app_begin ] --START--
INFO: Run Behavior\ReadHtmlCache [ RunTime:0.002000s ]
INFO: [ app_begin ] --END-- [ RunTime:0.003000s ]
NOTIC: [8192] mysql_connect(): The mysql extension is deprecated and will be removed in the future: use mysqli or PDO instead D:\wamp\www\wkapi\ThinkPHP\Library\Think\Db\Driver\Mysql.class.php 第 52 行.
SQL: SHOW COLUMNS FROM `hd_wk` [ RunTime:0.074005s ]
SQL: SELECT * FROM `hd_wk` ORDER BY id desc  [ RunTime:0.061003s ]
INFO: [ view_parse ] --START--
INFO: [ template_filter ] --START--
INFO: Run Behavior\ContentReplace [ RunTime:0.000000s ]
INFO: [ template_filter ] --END-- [ RunTime:0.000000s ]
SQL: SHOW COLUMNS FROM `hd_wkdetail` [ RunTime:0.060003s ]
SQL: SELECT * FROM `hd_wkdetail` WHERE ( `rid` = 16 ) LIMIT 1   [ RunTime:0.060004s ]
SQL: SELECT * FROM `hd_wkdetail` WHERE ( `rid` = 15 ) LIMIT 1   [ RunTime:0.066004s ]
SQL: SELECT * FROM `hd_wkdetail` WHERE ( `rid` = 14 ) LIMIT 1   [ RunTime:0.061003s ]
SQL: SELECT * FROM `hd_wkdetail` WHERE ( `rid` = 13 ) LIMIT 1   [ RunTime:0.061004s ]
SQL: SELECT * FROM `hd_wkdetail` WHERE ( `rid` = 12 ) LIMIT 1   [ RunTime:0.061004s ]
SQL: SELECT * FROM `hd_wkdetail` WHERE ( `rid` = 11 ) LIMIT 1   [ RunTime:0.062003s ]
SQL: SELECT * FROM `hd_wkdetail` WHERE ( `rid` = 10 ) LIMIT 1   [ RunTime:0.061004s ]
SQL: SELECT * FROM `hd_wkdetail` WHERE ( `rid` = 9 ) LIMIT 1   [ RunTime:0.062003s ]
SQL: SELECT * FROM `hd_wkdetail` WHERE ( `rid` = 8 ) LIMIT 1   [ RunTime:0.060003s ]
SQL: SELECT * FROM `hd_wkdetail` WHERE ( `rid` = 7 ) LIMIT 1   [ RunTime:0.061004s ]
SQL: SELECT * FROM `hd_wkdetail` WHERE ( `rid` = 6 ) LIMIT 1   [ RunTime:0.060003s ]
SQL: SELECT * FROM `hd_wkdetail` WHERE ( `rid` = 5 ) LIMIT 1   [ RunTime:0.061004s ]
SQL: SELECT * FROM `hd_wkdetail` WHERE ( `rid` = 4 ) LIMIT 1   [ RunTime:0.061003s ]
SQL: SELECT * FROM `hd_wkdetail` WHERE ( `rid` = 3 ) LIMIT 1   [ RunTime:0.061004s ]
SQL: SELECT * FROM `hd_wkdetail` WHERE ( `rid` = 2 ) LIMIT 1   [ RunTime:0.061003s ]
SQL: SELECT * FROM `hd_wkdetail` WHERE ( `rid` = 1 ) LIMIT 1   [ RunTime:0.061004s ]
INFO: Run Behavior\ParseTemplate [ RunTime:1.097063s ]
INFO: [ view_parse ] --END-- [ RunTime:1.098063s ]
INFO: [ view_filter ] --START--
INFO: Run Behavior\WriteHtmlCache [ RunTime:0.001000s ]
INFO: [ view_filter ] --END-- [ RunTime:0.003000s ]
INFO: [ app_end ] --START--
INFO: Run Behavior\ShowPageTrace [ RunTime:0.002000s ]
INFO: [ app_end ] --END-- [ RunTime:0.003000s ]

[ 2016-12-17T21:45:56+08:00 ] ::1 /wkapi/index.php/Admin/house/edit/id/12.html
INFO: [ app_begin ] --START--
INFO: Run Behavior\ReadHtmlCache [ RunTime:0.003000s ]
INFO: [ app_begin ] --END-- [ RunTime:0.005000s ]
NOTIC: [8192] mysql_connect(): The mysql extension is deprecated and will be removed in the future: use mysqli or PDO instead D:\wamp\www\wkapi\ThinkPHP\Library\Think\Db\Driver\Mysql.class.php 第 52 行.
SQL: SHOW COLUMNS FROM `hd_wk` [ RunTime:0.067003s ]
SQL: SELECT * FROM `hd_wk` WHERE ( `id` = 12 ) LIMIT 1   [ RunTime:0.066003s ]
INFO: [ view_parse ] --START--
INFO: [ template_filter ] --START--
INFO: Run Behavior\ContentReplace [ RunTime:0.000000s ]
INFO: [ template_filter ] --END-- [ RunTime:0.002000s ]
INFO: Run Behavior\ParseTemplate [ RunTime:0.037003s ]
INFO: [ view_parse ] --END-- [ RunTime:0.038003s ]
INFO: [ view_filter ] --START--
INFO: Run Behavior\WriteHtmlCache [ RunTime:0.001000s ]
INFO: [ view_filter ] --END-- [ RunTime:0.001000s ]
INFO: [ app_end ] --START--
INFO: Run Behavior\ShowPageTrace [ RunTime:0.009000s ]
INFO: [ app_end ] --END-- [ RunTime:0.009000s ]

[ 2016-12-17T21:46:00+08:00 ] ::1 /wkapi/index.php/Admin/house/edit/id/15.html
INFO: [ app_begin ] --START--
INFO: Run Behavior\ReadHtmlCache [ RunTime:0.002000s ]
INFO: [ app_begin ] --END-- [ RunTime:0.003000s ]
NOTIC: [8192] mysql_connect(): The mysql extension is deprecated and will be removed in the future: use mysqli or PDO instead D:\wamp\www\wkapi\ThinkPHP\Library\Think\Db\Driver\Mysql.class.php 第 52 行.
SQL: SHOW COLUMNS FROM `hd_wk` [ RunTime:0.060003s ]
SQL: SELECT * FROM `hd_wk` WHERE ( `id` = 15 ) LIMIT 1   [ RunTime:0.060003s ]
INFO: [ view_parse ] --START--
INFO: [ template_filter ] --START--
INFO: Run Behavior\ContentReplace [ RunTime:0.000000s ]
INFO: [ template_filter ] --END-- [ RunTime:0.000000s ]
INFO: Run Behavior\ParseTemplate [ RunTime:0.030002s ]
INFO: [ view_parse ] --END-- [ RunTime:0.031002s ]
INFO: [ view_filter ] --START--
INFO: Run Behavior\WriteHtmlCache [ RunTime:0.001000s ]
INFO: [ view_filter ] --END-- [ RunTime:0.001000s ]
INFO: [ app_end ] --START--
INFO: Run Behavior\ShowPageTrace [ RunTime:0.011001s ]
INFO: [ app_end ] --END-- [ RunTime:0.013001s ]

[ 2016-12-17T21:46:03+08:00 ] ::1 /wkapi/index.php/Admin/house/add.html
INFO: [ app_begin ] --START--
INFO: Run Behavior\ReadHtmlCache [ RunTime:0.001000s ]
INFO: [ app_begin ] --END-- [ RunTime:0.004001s ]
INFO: [ view_parse ] --START--
INFO: [ template_filter ] --START--
INFO: Run Behavior\ContentReplace [ RunTime:0.001000s ]
INFO: [ template_filter ] --END-- [ RunTime:0.001000s ]
NOTIC: [8] Undefined variable: r D:\wamp\www\wkapi\Application\Runtime\Cache\Admin\595a8b6c6b813a845e7ace1c7d99ee7c.php 第 34 行.
NOTIC: [8] Undefined variable: r D:\wamp\www\wkapi\Application\Runtime\Cache\Admin\595a8b6c6b813a845e7ace1c7d99ee7c.php 第 55 行.
NOTIC: [8] Undefined variable: r D:\wamp\www\wkapi\Application\Runtime\Cache\Admin\595a8b6c6b813a845e7ace1c7d99ee7c.php 第 71 行.
NOTIC: [8] Undefined variable: r D:\wamp\www\wkapi\Application\Runtime\Cache\Admin\595a8b6c6b813a845e7ace1c7d99ee7c.php 第 79 行.
NOTIC: [8] Undefined variable: r D:\wamp\www\wkapi\Application\Runtime\Cache\Admin\595a8b6c6b813a845e7ace1c7d99ee7c.php 第 95 行.
NOTIC: [8] Undefined variable: r D:\wamp\www\wkapi\Application\Runtime\Cache\Admin\595a8b6c6b813a845e7ace1c7d99ee7c.php 第 132 行.
INFO: Run Behavior\ParseTemplate [ RunTime:0.068004s ]
INFO: [ view_parse ] --END-- [ RunTime:0.068004s ]
INFO: [ view_filter ] --START--
INFO: Run Behavior\WriteHtmlCache [ RunTime:0.002000s ]
INFO: [ view_filter ] --END-- [ RunTime:0.002000s ]
INFO: [ app_end ] --START--
INFO: Run Behavior\ShowPageTrace [ RunTime:0.004000s ]
INFO: [ app_end ] --END-- [ RunTime:0.004000s ]

[ 2016-12-17T22:03:47+08:00 ] ::1 /wkapi/index.php/Admin/house/index
INFO: [ app_begin ] --START--
INFO: Run Behavior\ReadHtmlCache [ RunTime:0.002001s ]
INFO: [ app_begin ] --END-- [ RunTime:0.003001s ]
NOTIC: [8192] mysql_connect(): The mysql extension is deprecated and will be removed in the future: use mysqli or PDO instead D:\wamp\www\wkapi\ThinkPHP\Library\Think\Db\Driver\Mysql.class.php 第 52 行.
SQL: SHOW COLUMNS FROM `hd_wk` [ RunTime:0.066003s ]
SQL: SELECT * FROM `hd_wk` ORDER BY id desc  [ RunTime:0.060003s ]
INFO: [ view_parse ] --START--
INFO: [ template_filter ] --START--
INFO: Run Behavior\ContentReplace [ RunTime:0.000000s ]
INFO: [ template_filter ] --END-- [ RunTime:0.000000s ]
SQL: SHOW COLUMNS FROM `hd_wkdetail` [ RunTime:0.067004s ]
SQL: SELECT * FROM `hd_wkdetail` WHERE ( `rid` = 16 ) LIMIT 1   [ RunTime:0.060003s ]
SQL: SELECT * FROM `hd_wkdetail` WHERE ( `rid` = 15 ) LIMIT 1   [ RunTime:0.059004s ]
SQL: SELECT * FROM `hd_wkdetail` WHERE ( `rid` = 14 ) LIMIT 1   [ RunTime:0.059003s ]
SQL: SELECT * FROM `hd_wkdetail` WHERE ( `rid` = 13 ) LIMIT 1   [ RunTime:0.059004s ]
SQL: SELECT * FROM `hd_wkdetail` WHERE ( `rid` = 12 ) LIMIT 1   [ RunTime:0.059003s ]
SQL: SELECT * FROM `hd_wkdetail` WHERE ( `rid` = 11 ) LIMIT 1   [ RunTime:0.060004s ]
SQL: SELECT * FROM `hd_wkdetail` WHERE ( `rid` = 10 ) LIMIT 1   [ RunTime:0.060003s ]
SQL: SELECT * FROM `hd_wkdetail` WHERE ( `rid` = 9 ) LIMIT 1   [ RunTime:0.062004s ]
SQL: SELECT * FROM `hd_wkdetail` WHERE ( `rid` = 8 ) LIMIT 1   [ RunTime:0.061003s ]
SQL: SELECT * FROM `hd_wkdetail` WHERE ( `rid` = 7 ) LIMIT 1   [ RunTime:0.061003s ]
SQL: SELECT * FROM `hd_wkdetail` WHERE ( `rid` = 6 ) LIMIT 1   [ RunTime:0.059004s ]
SQL: SELECT * FROM `hd_wkdetail` WHERE ( `rid` = 5 ) LIMIT 1   [ RunTime:0.060003s ]
SQL: SELECT * FROM `hd_wkdetail` WHERE ( `rid` = 4 ) LIMIT 1   [ RunTime:0.060004s ]
SQL: SELECT * FROM `hd_wkdetail` WHERE ( `rid` = 3 ) LIMIT 1   [ RunTime:0.060003s ]
SQL: SELECT * FROM `hd_wkdetail` WHERE ( `rid` = 2 ) LIMIT 1   [ RunTime:0.060004s ]
SQL: SELECT * FROM `hd_wkdetail` WHERE ( `rid` = 1 ) LIMIT 1   [ RunTime:0.059003s ]
INFO: Run Behavior\ParseTemplate [ RunTime:1.085062s ]
INFO: [ view_parse ] --END-- [ RunTime:1.085062s ]
INFO: [ view_filter ] --START--
INFO: Run Behavior\WriteHtmlCache [ RunTime:0.001000s ]
INFO: [ view_filter ] --END-- [ RunTime:0.002000s ]
INFO: [ app_end ] --START--
INFO: Run Behavior\ShowPageTrace [ RunTime:0.002000s ]
INFO: [ app_end ] --END-- [ RunTime:0.003000s ]

[ 2016-12-17T22:03:57+08:00 ] ::1 /wkapi//Admin/house/index
INFO: [ app_begin ] --START--
INFO: Run Behavior\ReadHtmlCache [ RunTime:0.002000s ]
INFO: [ app_begin ] --END-- [ RunTime:0.003000s ]
NOTIC: [8192] mysql_connect(): The mysql extension is deprecated and will be removed in the future: use mysqli or PDO instead D:\wamp\www\wkapi\ThinkPHP\Library\Think\Db\Driver\Mysql.class.php 第 52 行.
SQL: SHOW COLUMNS FROM `hd_wk` [ RunTime:0.060004s ]
SQL: SELECT * FROM `hd_wk` ORDER BY id desc  [ RunTime:0.059003s ]
INFO: [ view_parse ] --START--
INFO: [ template_filter ] --START--
INFO: Run Behavior\ContentReplace [ RunTime:0.000000s ]
INFO: [ template_filter ] --END-- [ RunTime:0.001000s ]
SQL: SHOW COLUMNS FROM `hd_wkdetail` [ RunTime:0.058003s ]
SQL: SELECT * FROM `hd_wkdetail` WHERE ( `rid` = 16 ) LIMIT 1   [ RunTime:0.057004s ]
SQL: SELECT * FROM `hd_wkdetail` WHERE ( `rid` = 15 ) LIMIT 1   [ RunTime:0.057003s ]
SQL: SELECT * FROM `hd_wkdetail` WHERE ( `rid` = 14 ) LIMIT 1   [ RunTime:0.057003s ]
SQL: SELECT * FROM `hd_wkdetail` WHERE ( `rid` = 13 ) LIMIT 1   [ RunTime:0.073005s ]
SQL: SELECT * FROM `hd_wkdetail` WHERE ( `rid` = 12 ) LIMIT 1   [ RunTime:0.058003s ]
SQL: SELECT * FROM `hd_wkdetail` WHERE ( `rid` = 11 ) LIMIT 1   [ RunTime:0.057003s ]
SQL: SELECT * FROM `hd_wkdetail` WHERE ( `rid` = 10 ) LIMIT 1   [ RunTime:0.058003s ]
SQL: SELECT * FROM `hd_wkdetail` WHERE ( `rid` = 9 ) LIMIT 1   [ RunTime:0.058003s ]
SQL: SELECT * FROM `hd_wkdetail` WHERE ( `rid` = 8 ) LIMIT 1   [ RunTime:0.057004s ]
SQL: SELECT * FROM `hd_wkdetail` WHERE ( `rid` = 7 ) LIMIT 1   [ RunTime:0.058003s ]
SQL: SELECT * FROM `hd_wkdetail` WHERE ( `rid` = 6 ) LIMIT 1   [ RunTime:0.057003s ]
SQL: SELECT * FROM `hd_wkdetail` WHERE ( `rid` = 5 ) LIMIT 1   [ RunTime:0.057003s ]
SQL: SELECT * FROM `hd_wkdetail` WHERE ( `rid` = 4 ) LIMIT 1   [ RunTime:0.058004s ]
SQL: SELECT * FROM `hd_wkdetail` WHERE ( `rid` = 3 ) LIMIT 1   [ RunTime:0.058003s ]
SQL: SELECT * FROM `hd_wkdetail` WHERE ( `rid` = 2 ) LIMIT 1   [ RunTime:0.057003s ]
SQL: SELECT * FROM `hd_wkdetail` WHERE ( `rid` = 1 ) LIMIT 1   [ RunTime:0.057004s ]
INFO: Run Behavior\ParseTemplate [ RunTime:1.057061s ]
INFO: [ view_parse ] --END-- [ RunTime:1.057061s ]
INFO: [ view_filter ] --START--
INFO: Run Behavior\WriteHtmlCache [ RunTime:0.001000s ]
INFO: [ view_filter ] --END-- [ RunTime:0.001000s ]
INFO: [ app_end ] --START--
INFO: Run Behavior\ShowPageTrace [ RunTime:0.002000s ]
INFO: [ app_end ] --END-- [ RunTime:0.002000s ]

[ 2016-12-17T22:04:03+08:00 ] ::1 /wkapi/index.php/Admin/house/edit/id/12.html
INFO: [ app_begin ] --START--
INFO: Run Behavior\ReadHtmlCache [ RunTime:0.001001s ]
INFO: [ app_begin ] --END-- [ RunTime:0.011001s ]
NOTIC: [8192] mysql_connect(): The mysql extension is deprecated and will be removed in the future: use mysqli or PDO instead D:\wamp\www\wkapi\ThinkPHP\Library\Think\Db\Driver\Mysql.class.php 第 52 行.
SQL: SHOW COLUMNS FROM `hd_wk` [ RunTime:0.066003s ]
SQL: SELECT * FROM `hd_wk` WHERE ( `id` = 12 ) LIMIT 1   [ RunTime:0.065004s ]
INFO: [ view_parse ] --START--
INFO: [ template_filter ] --START--
INFO: Run Behavior\ContentReplace [ RunTime:0.000000s ]
INFO: [ template_filter ] --END-- [ RunTime:0.002000s ]
INFO: Run Behavior\ParseTemplate [ RunTime:0.075005s ]
INFO: [ view_parse ] --END-- [ RunTime:0.076005s ]
INFO: [ view_filter ] --START--
INFO: Run Behavior\WriteHtmlCache [ RunTime:0.002000s ]
INFO: [ view_filter ] --END-- [ RunTime:0.002000s ]
INFO: [ app_end ] --START--
INFO: Run Behavior\ShowPageTrace [ RunTime:0.004000s ]
INFO: [ app_end ] --END-- [ RunTime:0.010000s ]

